<?xml version="1.0" encoding="UTF-8"?>
<robot generator="Robot 3.1.2 (Python 3.7.6 on win32)" generated="20200213 16:44:52.746" rpa="false">
<suite id="s1" name="Excel3" source="C:\Test_Jkins\Test\Test\Excel3.robot">
<test id="s1-t1" name="TC001 Obtener valores de Excel">
<kw name="Abrir setup" library="recursos" type="setup">
<arguments>
<arg>${url}</arg>
<arg>chrome</arg>
</arguments>
<kw name="Abrir navegador" library="recursos">
<arguments>
<arg>${url}</arg>
<arg>${nav}</arg>
</arguments>
<kw name="Open Browser" library="SeleniumLibrary">
<doc>Opens a new browser instance to the optional ``url``.</doc>
<arguments>
<arg>${arg1}</arg>
<arg>${arg2}</arg>
</arguments>
<msg timestamp="20200213 16:44:53.661" level="INFO">Opening browser 'chrome' to base url 'https://thetestingworld.com/'.</msg>
<status status="PASS" starttime="20200213 16:44:53.661" endtime="20200213 16:45:00.001"></status>
</kw>
<status status="PASS" starttime="20200213 16:44:53.661" endtime="20200213 16:45:00.001"></status>
</kw>
<kw name="Maximizar" library="recursos">
<kw name="Maximize Browser Window" library="SeleniumLibrary">
<doc>Maximizes current browser window.</doc>
<status status="PASS" starttime="20200213 16:45:00.002" endtime="20200213 16:45:01.168"></status>
</kw>
<status status="PASS" starttime="20200213 16:45:00.001" endtime="20200213 16:45:01.168"></status>
</kw>
<status status="PASS" starttime="20200213 16:44:53.660" endtime="20200213 16:45:01.168"></status>
</kw>
<kw name="Click" library="recursos">
<arguments>
<arg>//a[@href='/index.php?option=com_users&amp;view=registration&amp;Itemid=588']</arg>
</arguments>
<kw name="Click Element" library="SeleniumLibrary">
<doc>Click the element identified by ``locator``.</doc>
<arguments>
<arg>xpath=${arg1}</arg>
</arguments>
<msg timestamp="20200213 16:45:01.169" level="INFO">Clicking element 'xpath=//a[@href='/index.php?option=com_users&amp;view=registration&amp;Itemid=588']'.</msg>
<status status="PASS" starttime="20200213 16:45:01.169" endtime="20200213 16:45:02.689"></status>
</kw>
<status status="PASS" starttime="20200213 16:45:01.168" endtime="20200213 16:45:02.689"></status>
</kw>
<kw name="Texto" library="recursos">
<arguments>
<arg>(//input[@type='text'])[1]</arg>
<arg>rodrigo</arg>
</arguments>
<kw name="Input Text" library="SeleniumLibrary">
<doc>Types the given ``text`` into the text field identified by ``locator``.</doc>
<arguments>
<arg>xpath=${arg1}</arg>
<arg>${arg2}</arg>
</arguments>
<msg timestamp="20200213 16:45:02.690" level="INFO">Typing text 'rodrigo' into text field 'xpath=(//input[@type='text'])[1]'.</msg>
<status status="PASS" starttime="20200213 16:45:02.689" endtime="20200213 16:45:02.825"></status>
</kw>
<status status="PASS" starttime="20200213 16:45:02.689" endtime="20200213 16:45:02.826"></status>
</kw>
<kw name="Texto" library="recursos">
<arguments>
<arg>(//input[@type='text'])[2]</arg>
<arg>villanueva</arg>
</arguments>
<kw name="Input Text" library="SeleniumLibrary">
<doc>Types the given ``text`` into the text field identified by ``locator``.</doc>
<arguments>
<arg>xpath=${arg1}</arg>
<arg>${arg2}</arg>
</arguments>
<msg timestamp="20200213 16:45:02.827" level="INFO">Typing text 'villanueva' into text field 'xpath=(//input[@type='text'])[2]'.</msg>
<status status="PASS" starttime="20200213 16:45:02.827" endtime="20200213 16:45:02.925"></status>
</kw>
<status status="PASS" starttime="20200213 16:45:02.826" endtime="20200213 16:45:02.925"></status>
</kw>
<kw name="Texto" library="recursos">
<arguments>
<arg>(//input[@type='password'])[1]</arg>
<arg>Documentation</arg>
</arguments>
<kw name="Input Text" library="SeleniumLibrary">
<doc>Types the given ``text`` into the text field identified by ``locator``.</doc>
<arguments>
<arg>xpath=${arg1}</arg>
<arg>${arg2}</arg>
</arguments>
<msg timestamp="20200213 16:45:02.926" level="INFO">Typing text 'Documentation' into text field 'xpath=(//input[@type='password'])[1]'.</msg>
<status status="PASS" starttime="20200213 16:45:02.925" endtime="20200213 16:45:03.034"></status>
</kw>
<status status="PASS" starttime="20200213 16:45:02.925" endtime="20200213 16:45:03.034"></status>
</kw>
<kw name="Resultado" library="recursos">
<arguments>
<arg>.2</arg>
<arg>Captura1.png</arg>
<arg>Ok paso</arg>
</arguments>
<kw name="Sleep" library="BuiltIn">
<doc>Pauses the test executed for the given time.</doc>
<arguments>
<arg>${tiempo}</arg>
</arguments>
<msg timestamp="20200213 16:45:03.235" level="INFO">Slept 200 milliseconds</msg>
<status status="PASS" starttime="20200213 16:45:03.035" endtime="20200213 16:45:03.235"></status>
</kw>
<kw name="Capture Page Screenshot" library="SeleniumLibrary">
<doc>Takes a screenshot of the current page and embeds it into a log file.</doc>
<arguments>
<arg>${dir}</arg>
</arguments>
<msg timestamp="20200213 16:45:03.616" level="INFO" html="yes">&lt;/td&gt;&lt;/tr&gt;&lt;tr&gt;&lt;td colspan="3"&gt;&lt;a href="Captura1.png"&gt;&lt;img src="Captura1.png" width="800px"&gt;&lt;/a&gt;</msg>
<status status="PASS" starttime="20200213 16:45:03.235" endtime="20200213 16:45:03.616"></status>
</kw>
<kw name="Log" library="BuiltIn">
<doc>Logs the given message with the given level.</doc>
<arguments>
<arg>${print}</arg>
</arguments>
<msg timestamp="20200213 16:45:03.616" level="INFO">Ok paso</msg>
<status status="PASS" starttime="20200213 16:45:03.616" endtime="20200213 16:45:03.616"></status>
</kw>
<status status="PASS" starttime="20200213 16:45:03.034" endtime="20200213 16:45:03.617"></status>
</kw>
<kw name="Cerrar setup" library="recursos" type="teardown">
<kw name="Cerrar Todos" library="recursos">
<kw name="Dormir" library="recursos">
<arguments>
<arg>.5</arg>
</arguments>
<kw name="Sleep" library="BuiltIn">
<doc>Pauses the test executed for the given time.</doc>
<arguments>
<arg>${arg1}</arg>
</arguments>
<msg timestamp="20200213 16:45:04.120" level="INFO">Slept 500 milliseconds</msg>
<status status="PASS" starttime="20200213 16:45:03.618" endtime="20200213 16:45:04.120"></status>
</kw>
<status status="PASS" starttime="20200213 16:45:03.617" endtime="20200213 16:45:04.120"></status>
</kw>
<kw name="Close All Browsers" library="SeleniumLibrary">
<doc>Closes all open browsers and resets the browser cache.</doc>
<status status="PASS" starttime="20200213 16:45:04.120" endtime="20200213 16:45:06.199"></status>
</kw>
<status status="PASS" starttime="20200213 16:45:03.617" endtime="20200213 16:45:06.199"></status>
</kw>
<status status="PASS" starttime="20200213 16:45:03.617" endtime="20200213 16:45:06.200"></status>
</kw>
<doc>Obtener valores de Excel DOS</doc>
<tags>
<tag>CasoUno</tag>
</tags>
<status status="PASS" starttime="20200213 16:44:53.660" endtime="20200213 16:45:06.200" critical="yes"></status>
</test>
<test id="s1-t2" name="TC002 Segundo demo">
<kw name="Abrir setup" library="recursos" type="setup">
<arguments>
<arg>${url}</arg>
<arg>chrome</arg>
</arguments>
<kw name="Abrir navegador" library="recursos">
<arguments>
<arg>${url}</arg>
<arg>${nav}</arg>
</arguments>
<kw name="Open Browser" library="SeleniumLibrary">
<doc>Opens a new browser instance to the optional ``url``.</doc>
<arguments>
<arg>${arg1}</arg>
<arg>${arg2}</arg>
</arguments>
<msg timestamp="20200213 16:45:06.201" level="INFO">Opening browser 'chrome' to base url 'https://thetestingworld.com/'.</msg>
<status status="PASS" starttime="20200213 16:45:06.201" endtime="20200213 16:45:14.629"></status>
</kw>
<status status="PASS" starttime="20200213 16:45:06.201" endtime="20200213 16:45:14.629"></status>
</kw>
<kw name="Maximizar" library="recursos">
<kw name="Maximize Browser Window" library="SeleniumLibrary">
<doc>Maximizes current browser window.</doc>
<status status="PASS" starttime="20200213 16:45:14.630" endtime="20200213 16:45:15.752"></status>
</kw>
<status status="PASS" starttime="20200213 16:45:14.629" endtime="20200213 16:45:15.753"></status>
</kw>
<status status="PASS" starttime="20200213 16:45:06.200" endtime="20200213 16:45:15.753"></status>
</kw>
<kw name="Click" library="recursos">
<arguments>
<arg>//a[@href='/index.php?option=com_users&amp;view=login&amp;Itemid=587']</arg>
</arguments>
<kw name="Click Element" library="SeleniumLibrary">
<doc>Click the element identified by ``locator``.</doc>
<arguments>
<arg>xpath=${arg1}</arg>
</arguments>
<msg timestamp="20200213 16:45:15.753" level="INFO">Clicking element 'xpath=//a[@href='/index.php?option=com_users&amp;view=login&amp;Itemid=587']'.</msg>
<status status="PASS" starttime="20200213 16:45:15.753" endtime="20200213 16:45:16.899"></status>
</kw>
<status status="PASS" starttime="20200213 16:45:15.753" endtime="20200213 16:45:16.899"></status>
</kw>
<kw name="Texto" library="recursos">
<arguments>
<arg>(//input[@type='text'])[1]</arg>
<arg>rodrigo</arg>
</arguments>
<kw name="Input Text" library="SeleniumLibrary">
<doc>Types the given ``text`` into the text field identified by ``locator``.</doc>
<arguments>
<arg>xpath=${arg1}</arg>
<arg>${arg2}</arg>
</arguments>
<msg timestamp="20200213 16:45:16.900" level="INFO">Typing text 'rodrigo' into text field 'xpath=(//input[@type='text'])[1]'.</msg>
<status status="PASS" starttime="20200213 16:45:16.900" endtime="20200213 16:45:17.035"></status>
</kw>
<status status="PASS" starttime="20200213 16:45:16.899" endtime="20200213 16:45:17.035"></status>
</kw>
<kw name="Resultado" library="recursos">
<arguments>
<arg>2</arg>
<arg>${dir}/Login1.png</arg>
<arg>Se imprime el resultado</arg>
</arguments>
<kw name="Sleep" library="BuiltIn">
<doc>Pauses the test executed for the given time.</doc>
<arguments>
<arg>${tiempo}</arg>
</arguments>
<msg timestamp="20200213 16:45:19.035" level="INFO">Slept 2 seconds</msg>
<status status="PASS" starttime="20200213 16:45:17.035" endtime="20200213 16:45:19.035"></status>
</kw>
<kw name="Capture Page Screenshot" library="SeleniumLibrary">
<doc>Takes a screenshot of the current page and embeds it into a log file.</doc>
<arguments>
<arg>${dir}</arg>
</arguments>
<msg timestamp="20200213 16:45:19.394" level="INFO" html="yes">&lt;/td&gt;&lt;/tr&gt;&lt;tr&gt;&lt;td colspan="3"&gt;&lt;a href="Imagenes/Login1.png"&gt;&lt;img src="Imagenes/Login1.png" width="800px"&gt;&lt;/a&gt;</msg>
<status status="PASS" starttime="20200213 16:45:19.035" endtime="20200213 16:45:19.394"></status>
</kw>
<kw name="Log" library="BuiltIn">
<doc>Logs the given message with the given level.</doc>
<arguments>
<arg>${print}</arg>
</arguments>
<msg timestamp="20200213 16:45:19.394" level="INFO">Se imprime el resultado</msg>
<status status="PASS" starttime="20200213 16:45:19.394" endtime="20200213 16:45:19.394"></status>
</kw>
<status status="PASS" starttime="20200213 16:45:17.035" endtime="20200213 16:45:19.395"></status>
</kw>
<kw name="Cerrar setup" library="recursos" type="teardown">
<kw name="Cerrar Todos" library="recursos">
<kw name="Dormir" library="recursos">
<arguments>
<arg>.5</arg>
</arguments>
<kw name="Sleep" library="BuiltIn">
<doc>Pauses the test executed for the given time.</doc>
<arguments>
<arg>${arg1}</arg>
</arguments>
<msg timestamp="20200213 16:45:19.897" level="INFO">Slept 500 milliseconds</msg>
<status status="PASS" starttime="20200213 16:45:19.395" endtime="20200213 16:45:19.897"></status>
</kw>
<status status="PASS" starttime="20200213 16:45:19.395" endtime="20200213 16:45:19.897"></status>
</kw>
<kw name="Close All Browsers" library="SeleniumLibrary">
<doc>Closes all open browsers and resets the browser cache.</doc>
<status status="PASS" starttime="20200213 16:45:19.898" endtime="20200213 16:45:22.000"></status>
</kw>
<status status="PASS" starttime="20200213 16:45:19.395" endtime="20200213 16:45:22.000"></status>
</kw>
<status status="PASS" starttime="20200213 16:45:19.395" endtime="20200213 16:45:22.000"></status>
</kw>
<doc>Obtener segunda prueba</doc>
<tags>
<tag>CasoDos</tag>
</tags>
<status status="PASS" starttime="20200213 16:45:06.200" endtime="20200213 16:45:22.000" critical="yes"></status>
</test>
<status status="PASS" starttime="20200213 16:44:52.748" endtime="20200213 16:45:22.001"></status>
</suite>
<statistics>
<total>
<stat pass="2" fail="0">Critical Tests</stat>
<stat pass="2" fail="0">All Tests</stat>
</total>
<tag>
<stat pass="1" fail="0">CasoDos</stat>
<stat pass="1" fail="0">CasoUno</stat>
</tag>
<suite>
<stat pass="2" fail="0" id="s1" name="Excel3">Excel3</stat>
</suite>
</statistics>
<errors>
</errors>
</robot>
