<?xml version="1.0" encoding="UTF-8"?>
<robot generator="Robot 3.1.2 (Python 3.7.6 on win32)" generated="20200207 12:29:22.400" rpa="false">
<suite id="s1" name="Excel3" source="C:\Test_Jkins\Test\Excel3.robot">
<test id="s1-t1" name="TC001 Obtener valores de Excel">
<kw name="Abrir setup" library="recursos" type="setup">
<arguments>
<arg>${url}</arg>
<arg>chrome</arg>
</arguments>
<kw name="Abrir navegador" library="recursos">
<arguments>
<arg>${url}</arg>
<arg>${nav}</arg>
</arguments>
<kw name="Open Browser" library="SeleniumLibrary">
<doc>Opens a new browser instance to the optional ``url``.</doc>
<arguments>
<arg>${arg1}</arg>
<arg>${arg2}</arg>
</arguments>
<msg timestamp="20200207 12:29:23.222" level="INFO">Opening browser 'chrome' to base url 'https://thetestingworld.com/'.</msg>
<status status="PASS" starttime="20200207 12:29:23.222" endtime="20200207 12:29:30.248"></status>
</kw>
<status status="PASS" starttime="20200207 12:29:23.222" endtime="20200207 12:29:30.249"></status>
</kw>
<kw name="Maximizar" library="recursos">
<kw name="Maximize Browser Window" library="SeleniumLibrary">
<doc>Maximizes current browser window.</doc>
<status status="PASS" starttime="20200207 12:29:30.249" endtime="20200207 12:29:31.366"></status>
</kw>
<status status="PASS" starttime="20200207 12:29:30.249" endtime="20200207 12:29:31.366"></status>
</kw>
<status status="PASS" starttime="20200207 12:29:23.221" endtime="20200207 12:29:31.366"></status>
</kw>
<kw name="Click" library="recursos">
<arguments>
<arg>//a[@href='/index.php?option=com_users&amp;view=registration&amp;Itemid=588']</arg>
</arguments>
<kw name="Click Element" library="SeleniumLibrary">
<doc>Click the element identified by ``locator``.</doc>
<arguments>
<arg>xpath=${arg1}</arg>
</arguments>
<msg timestamp="20200207 12:29:31.367" level="INFO">Clicking element 'xpath=//a[@href='/index.php?option=com_users&amp;view=registration&amp;Itemid=588']'.</msg>
<status status="PASS" starttime="20200207 12:29:31.367" endtime="20200207 12:29:32.857"></status>
</kw>
<status status="PASS" starttime="20200207 12:29:31.367" endtime="20200207 12:29:32.858"></status>
</kw>
<kw name="Leer numero de filas" library="recursos">
<arguments>
<arg>Hoja1</arg>
</arguments>
<assign>
<var>${rows}</var>
</assign>
<kw name="Numero De Filas" library="ReadData">
<arguments>
<arg>${hoja}</arg>
</arguments>
<assign>
<var>${maxr}</var>
</assign>
<msg timestamp="20200207 12:29:32.859" level="INFO">${maxr} = 28</msg>
<status status="PASS" starttime="20200207 12:29:32.858" endtime="20200207 12:29:32.859"></status>
</kw>
<msg timestamp="20200207 12:29:32.859" level="INFO">${rows} = 28</msg>
<status status="PASS" starttime="20200207 12:29:32.858" endtime="20200207 12:29:32.859"></status>
</kw>
<kw name="${i} IN RANGE [ 1 | ${rows}+1 ]" type="for">
<kw name="${i} = 1" type="foritem">
<kw name="Leer celda" library="recursos">
<arguments>
<arg>Hoja1</arg>
<arg>${i}</arg>
<arg>1</arg>
</arguments>
<assign>
<var>${nombre}</var>
</assign>
<kw name="Cell Data" library="ReadData">
<arguments>
<arg>${hoja}</arg>
<arg>${fila}</arg>
<arg>${celda}</arg>
</arguments>
<assign>
<var>${celldata}</var>
</assign>
<msg timestamp="20200207 12:29:32.861" level="INFO">${celldata} = rodrigo1</msg>
<status status="PASS" starttime="20200207 12:29:32.860" endtime="20200207 12:29:32.861"></status>
</kw>
<msg timestamp="20200207 12:29:32.861" level="INFO">${nombre} = rodrigo1</msg>
<status status="PASS" starttime="20200207 12:29:32.860" endtime="20200207 12:29:32.861"></status>
</kw>
<kw name="Leer celda" library="recursos">
<arguments>
<arg>Hoja1</arg>
<arg>${i}</arg>
<arg>2</arg>
</arguments>
<assign>
<var>${username}</var>
</assign>
<kw name="Cell Data" library="ReadData">
<arguments>
<arg>${hoja}</arg>
<arg>${fila}</arg>
<arg>${celda}</arg>
</arguments>
<assign>
<var>${celldata}</var>
</assign>
<msg timestamp="20200207 12:29:32.862" level="INFO">${celldata} = admin@yourstore.com</msg>
<status status="PASS" starttime="20200207 12:29:32.861" endtime="20200207 12:29:32.862"></status>
</kw>
<msg timestamp="20200207 12:29:32.862" level="INFO">${username} = admin@yourstore.com</msg>
<status status="PASS" starttime="20200207 12:29:32.861" endtime="20200207 12:29:32.862"></status>
</kw>
<kw name="Leer celda" library="recursos">
<arguments>
<arg>Hoja1</arg>
<arg>${i}</arg>
<arg>3</arg>
</arguments>
<assign>
<var>${password}</var>
</assign>
<kw name="Cell Data" library="ReadData">
<arguments>
<arg>${hoja}</arg>
<arg>${fila}</arg>
<arg>${celda}</arg>
</arguments>
<assign>
<var>${celldata}</var>
</assign>
<msg timestamp="20200207 12:29:32.863" level="INFO">${celldata} = adm</msg>
<status status="PASS" starttime="20200207 12:29:32.863" endtime="20200207 12:29:32.863"></status>
</kw>
<msg timestamp="20200207 12:29:32.863" level="INFO">${password} = adm</msg>
<status status="PASS" starttime="20200207 12:29:32.862" endtime="20200207 12:29:32.863"></status>
</kw>
<kw name="Leer celda" library="recursos">
<arguments>
<arg>Hoja1</arg>
<arg>${i}</arg>
<arg>4</arg>
</arguments>
<assign>
<var>${confirmpass}</var>
</assign>
<kw name="Cell Data" library="ReadData">
<arguments>
<arg>${hoja}</arg>
<arg>${fila}</arg>
<arg>${celda}</arg>
</arguments>
<assign>
<var>${celldata}</var>
</assign>
<msg timestamp="20200207 12:29:32.865" level="INFO">${celldata} = adm</msg>
<status status="PASS" starttime="20200207 12:29:32.864" endtime="20200207 12:29:32.865"></status>
</kw>
<msg timestamp="20200207 12:29:32.865" level="INFO">${confirmpass} = adm</msg>
<status status="PASS" starttime="20200207 12:29:32.864" endtime="20200207 12:29:32.865"></status>
</kw>
<kw name="Leer celda" library="recursos">
<arguments>
<arg>Hoja1</arg>
<arg>${i}</arg>
<arg>5</arg>
</arguments>
<assign>
<var>${email}</var>
</assign>
<kw name="Cell Data" library="ReadData">
<arguments>
<arg>${hoja}</arg>
<arg>${fila}</arg>
<arg>${celda}</arg>
</arguments>
<assign>
<var>${celldata}</var>
</assign>
<msg timestamp="20200207 12:29:32.866" level="INFO">${celldata} = rodri@gmail.com1</msg>
<status status="PASS" starttime="20200207 12:29:32.865" endtime="20200207 12:29:32.866"></status>
</kw>
<msg timestamp="20200207 12:29:32.866" level="INFO">${email} = rodri@gmail.com1</msg>
<status status="PASS" starttime="20200207 12:29:32.865" endtime="20200207 12:29:32.866"></status>
</kw>
<kw name="Leer celda" library="recursos">
<arguments>
<arg>Hoja1</arg>
<arg>${i}</arg>
<arg>6</arg>
</arguments>
<assign>
<var>${confirmemail}</var>
</assign>
<kw name="Cell Data" library="ReadData">
<arguments>
<arg>${hoja}</arg>
<arg>${fila}</arg>
<arg>${celda}</arg>
</arguments>
<assign>
<var>${celldata}</var>
</assign>
<msg timestamp="20200207 12:29:32.866" level="INFO">${celldata} = rodri@gmail.com1</msg>
<status status="PASS" starttime="20200207 12:29:32.866" endtime="20200207 12:29:32.866"></status>
</kw>
<msg timestamp="20200207 12:29:32.867" level="INFO">${confirmemail} = rodri@gmail.com1</msg>
<status status="PASS" starttime="20200207 12:29:32.866" endtime="20200207 12:29:32.867"></status>
</kw>
<kw name="Texto" library="recursos">
<arguments>
<arg>(//input[@type='text'])[1]</arg>
<arg>${nombre}</arg>
</arguments>
<kw name="Input Text" library="SeleniumLibrary">
<doc>Types the given ``text`` into the text field identified by ``locator``.</doc>
<arguments>
<arg>xpath=${arg1}</arg>
<arg>${arg2}</arg>
</arguments>
<msg timestamp="20200207 12:29:32.867" level="INFO">Typing text 'rodrigo1' into text field 'xpath=(//input[@type='text'])[1]'.</msg>
<status status="PASS" starttime="20200207 12:29:32.867" endtime="20200207 12:29:32.989"></status>
</kw>
<status status="PASS" starttime="20200207 12:29:32.867" endtime="20200207 12:29:32.989"></status>
</kw>
<kw name="Texto" library="recursos">
<arguments>
<arg>(//input[@type='text'])[2]</arg>
<arg>${username}</arg>
</arguments>
<kw name="Input Text" library="SeleniumLibrary">
<doc>Types the given ``text`` into the text field identified by ``locator``.</doc>
<arguments>
<arg>xpath=${arg1}</arg>
<arg>${arg2}</arg>
</arguments>
<msg timestamp="20200207 12:29:32.990" level="INFO">Typing text 'admin@yourstore.com' into text field 'xpath=(//input[@type='text'])[2]'.</msg>
<status status="PASS" starttime="20200207 12:29:32.989" endtime="20200207 12:29:33.109"></status>
</kw>
<status status="PASS" starttime="20200207 12:29:32.989" endtime="20200207 12:29:33.109"></status>
</kw>
<kw name="Texto" library="recursos">
<arguments>
<arg>(//input[@type='password'])[1]</arg>
<arg>${password}</arg>
</arguments>
<kw name="Input Text" library="SeleniumLibrary">
<doc>Types the given ``text`` into the text field identified by ``locator``.</doc>
<arguments>
<arg>xpath=${arg1}</arg>
<arg>${arg2}</arg>
</arguments>
<msg timestamp="20200207 12:29:33.110" level="INFO">Typing text 'adm' into text field 'xpath=(//input[@type='password'])[1]'.</msg>
<status status="PASS" starttime="20200207 12:29:33.110" endtime="20200207 12:29:33.187"></status>
</kw>
<status status="PASS" starttime="20200207 12:29:33.109" endtime="20200207 12:29:33.187"></status>
</kw>
<kw name="Texto" library="recursos">
<arguments>
<arg>(//input[@type='password'])[2]</arg>
<arg>${confirmpass}</arg>
</arguments>
<kw name="Input Text" library="SeleniumLibrary">
<doc>Types the given ``text`` into the text field identified by ``locator``.</doc>
<arguments>
<arg>xpath=${arg1}</arg>
<arg>${arg2}</arg>
</arguments>
<msg timestamp="20200207 12:29:33.188" level="INFO">Typing text 'adm' into text field 'xpath=(//input[@type='password'])[2]'.</msg>
<status status="PASS" starttime="20200207 12:29:33.188" endtime="20200207 12:29:33.272"></status>
</kw>
<status status="PASS" starttime="20200207 12:29:33.187" endtime="20200207 12:29:33.272"></status>
</kw>
<kw name="Texto" library="recursos">
<arguments>
<arg>(//input[@type='email'])[1]</arg>
<arg>${email}</arg>
</arguments>
<kw name="Input Text" library="SeleniumLibrary">
<doc>Types the given ``text`` into the text field identified by ``locator``.</doc>
<arguments>
<arg>xpath=${arg1}</arg>
<arg>${arg2}</arg>
</arguments>
<msg timestamp="20200207 12:29:33.273" level="INFO">Typing text 'rodri@gmail.com1' into text field 'xpath=(//input[@type='email'])[1]'.</msg>
<status status="PASS" starttime="20200207 12:29:33.273" endtime="20200207 12:29:33.389"></status>
</kw>
<status status="PASS" starttime="20200207 12:29:33.272" endtime="20200207 12:29:33.389"></status>
</kw>
<kw name="Texto" library="recursos">
<arguments>
<arg>(//input[@type='email'])[2]</arg>
<arg>${confirmemail}</arg>
</arguments>
<kw name="Input Text" library="SeleniumLibrary">
<doc>Types the given ``text`` into the text field identified by ``locator``.</doc>
<arguments>
<arg>xpath=${arg1}</arg>
<arg>${arg2}</arg>
</arguments>
<msg timestamp="20200207 12:29:33.390" level="INFO">Typing text 'rodri@gmail.com1' into text field 'xpath=(//input[@type='email'])[2]'.</msg>
<status status="PASS" starttime="20200207 12:29:33.390" endtime="20200207 12:29:33.502"></status>
</kw>
<status status="PASS" starttime="20200207 12:29:33.389" endtime="20200207 12:29:33.502"></status>
</kw>
<kw name="Click" library="recursos">
<arguments>
<arg>//a[contains(@title,'Cancel')]</arg>
</arguments>
<kw name="Click Element" library="SeleniumLibrary">
<doc>Click the element identified by ``locator``.</doc>
<arguments>
<arg>xpath=${arg1}</arg>
</arguments>
<msg timestamp="20200207 12:29:33.503" level="INFO">Clicking element 'xpath=//a[contains(@title,'Cancel')]'.</msg>
<status status="PASS" starttime="20200207 12:29:33.503" endtime="20200207 12:29:34.152"></status>
</kw>
<status status="PASS" starttime="20200207 12:29:33.502" endtime="20200207 12:29:34.152"></status>
</kw>
<status status="PASS" starttime="20200207 12:29:32.860" endtime="20200207 12:29:34.152"></status>
</kw>
<kw name="${i} = 2" type="foritem">
<kw name="Leer celda" library="recursos">
<arguments>
<arg>Hoja1</arg>
<arg>${i}</arg>
<arg>1</arg>
</arguments>
<assign>
<var>${nombre}</var>
</assign>
<kw name="Cell Data" library="ReadData">
<arguments>
<arg>${hoja}</arg>
<arg>${fila}</arg>
<arg>${celda}</arg>
</arguments>
<assign>
<var>${celldata}</var>
</assign>
<msg timestamp="20200207 12:29:34.154" level="INFO">${celldata} = rodrigo2</msg>
<status status="PASS" starttime="20200207 12:29:34.153" endtime="20200207 12:29:34.154"></status>
</kw>
<msg timestamp="20200207 12:29:34.154" level="INFO">${nombre} = rodrigo2</msg>
<status status="PASS" starttime="20200207 12:29:34.153" endtime="20200207 12:29:34.154"></status>
</kw>
<kw name="Leer celda" library="recursos">
<arguments>
<arg>Hoja1</arg>
<arg>${i}</arg>
<arg>2</arg>
</arguments>
<assign>
<var>${username}</var>
</assign>
<kw name="Cell Data" library="ReadData">
<arguments>
<arg>${hoja}</arg>
<arg>${fila}</arg>
<arg>${celda}</arg>
</arguments>
<assign>
<var>${celldata}</var>
</assign>
<msg timestamp="20200207 12:29:34.155" level="INFO">${celldata} = adm@yourstore.com</msg>
<status status="PASS" starttime="20200207 12:29:34.154" endtime="20200207 12:29:34.155"></status>
</kw>
<msg timestamp="20200207 12:29:34.155" level="INFO">${username} = adm@yourstore.com</msg>
<status status="PASS" starttime="20200207 12:29:34.154" endtime="20200207 12:29:34.155"></status>
</kw>
<kw name="Leer celda" library="recursos">
<arguments>
<arg>Hoja1</arg>
<arg>${i}</arg>
<arg>3</arg>
</arguments>
<assign>
<var>${password}</var>
</assign>
<kw name="Cell Data" library="ReadData">
<arguments>
<arg>${hoja}</arg>
<arg>${fila}</arg>
<arg>${celda}</arg>
</arguments>
<assign>
<var>${celldata}</var>
</assign>
<msg timestamp="20200207 12:29:34.156" level="INFO">${celldata} = admin</msg>
<status status="PASS" starttime="20200207 12:29:34.155" endtime="20200207 12:29:34.156"></status>
</kw>
<msg timestamp="20200207 12:29:34.156" level="INFO">${password} = admin</msg>
<status status="PASS" starttime="20200207 12:29:34.155" endtime="20200207 12:29:34.156"></status>
</kw>
<kw name="Leer celda" library="recursos">
<arguments>
<arg>Hoja1</arg>
<arg>${i}</arg>
<arg>4</arg>
</arguments>
<assign>
<var>${confirmpass}</var>
</assign>
<kw name="Cell Data" library="ReadData">
<arguments>
<arg>${hoja}</arg>
<arg>${fila}</arg>
<arg>${celda}</arg>
</arguments>
<assign>
<var>${celldata}</var>
</assign>
<msg timestamp="20200207 12:29:34.157" level="INFO">${celldata} = admin</msg>
<status status="PASS" starttime="20200207 12:29:34.157" endtime="20200207 12:29:34.157"></status>
</kw>
<msg timestamp="20200207 12:29:34.157" level="INFO">${confirmpass} = admin</msg>
<status status="PASS" starttime="20200207 12:29:34.156" endtime="20200207 12:29:34.157"></status>
</kw>
<kw name="Leer celda" library="recursos">
<arguments>
<arg>Hoja1</arg>
<arg>${i}</arg>
<arg>5</arg>
</arguments>
<assign>
<var>${email}</var>
</assign>
<kw name="Cell Data" library="ReadData">
<arguments>
<arg>${hoja}</arg>
<arg>${fila}</arg>
<arg>${celda}</arg>
</arguments>
<assign>
<var>${celldata}</var>
</assign>
<msg timestamp="20200207 12:29:34.158" level="INFO">${celldata} = rodri@gmail.com2</msg>
<status status="PASS" starttime="20200207 12:29:34.158" endtime="20200207 12:29:34.158"></status>
</kw>
<msg timestamp="20200207 12:29:34.158" level="INFO">${email} = rodri@gmail.com2</msg>
<status status="PASS" starttime="20200207 12:29:34.157" endtime="20200207 12:29:34.158"></status>
</kw>
<kw name="Leer celda" library="recursos">
<arguments>
<arg>Hoja1</arg>
<arg>${i}</arg>
<arg>6</arg>
</arguments>
<assign>
<var>${confirmemail}</var>
</assign>
<kw name="Cell Data" library="ReadData">
<arguments>
<arg>${hoja}</arg>
<arg>${fila}</arg>
<arg>${celda}</arg>
</arguments>
<assign>
<var>${celldata}</var>
</assign>
<msg timestamp="20200207 12:29:34.159" level="INFO">${celldata} = rodri@gmail.com2</msg>
<status status="PASS" starttime="20200207 12:29:34.159" endtime="20200207 12:29:34.159"></status>
</kw>
<msg timestamp="20200207 12:29:34.160" level="INFO">${confirmemail} = rodri@gmail.com2</msg>
<status status="PASS" starttime="20200207 12:29:34.159" endtime="20200207 12:29:34.160"></status>
</kw>
<kw name="Texto" library="recursos">
<arguments>
<arg>(//input[@type='text'])[1]</arg>
<arg>${nombre}</arg>
</arguments>
<kw name="Input Text" library="SeleniumLibrary">
<doc>Types the given ``text`` into the text field identified by ``locator``.</doc>
<arguments>
<arg>xpath=${arg1}</arg>
<arg>${arg2}</arg>
</arguments>
<msg timestamp="20200207 12:29:34.161" level="INFO">Typing text 'rodrigo2' into text field 'xpath=(//input[@type='text'])[1]'.</msg>
<status status="PASS" starttime="20200207 12:29:34.161" endtime="20200207 12:29:34.316"></status>
</kw>
<status status="PASS" starttime="20200207 12:29:34.160" endtime="20200207 12:29:34.316"></status>
</kw>
<kw name="Texto" library="recursos">
<arguments>
<arg>(//input[@type='text'])[2]</arg>
<arg>${username}</arg>
</arguments>
<kw name="Input Text" library="SeleniumLibrary">
<doc>Types the given ``text`` into the text field identified by ``locator``.</doc>
<arguments>
<arg>xpath=${arg1}</arg>
<arg>${arg2}</arg>
</arguments>
<msg timestamp="20200207 12:29:34.316" level="INFO">Typing text 'adm@yourstore.com' into text field 'xpath=(//input[@type='text'])[2]'.</msg>
<status status="PASS" starttime="20200207 12:29:34.316" endtime="20200207 12:29:34.433"></status>
</kw>
<status status="PASS" starttime="20200207 12:29:34.316" endtime="20200207 12:29:34.433"></status>
</kw>
<kw name="Texto" library="recursos">
<arguments>
<arg>(//input[@type='password'])[1]</arg>
<arg>${password}</arg>
</arguments>
<kw name="Input Text" library="SeleniumLibrary">
<doc>Types the given ``text`` into the text field identified by ``locator``.</doc>
<arguments>
<arg>xpath=${arg1}</arg>
<arg>${arg2}</arg>
</arguments>
<msg timestamp="20200207 12:29:34.434" level="INFO">Typing text 'admin' into text field 'xpath=(//input[@type='password'])[1]'.</msg>
<status status="PASS" starttime="20200207 12:29:34.433" endtime="20200207 12:29:34.511"></status>
</kw>
<status status="PASS" starttime="20200207 12:29:34.433" endtime="20200207 12:29:34.511"></status>
</kw>
<kw name="Texto" library="recursos">
<arguments>
<arg>(//input[@type='password'])[2]</arg>
<arg>${confirmpass}</arg>
</arguments>
<kw name="Input Text" library="SeleniumLibrary">
<doc>Types the given ``text`` into the text field identified by ``locator``.</doc>
<arguments>
<arg>xpath=${arg1}</arg>
<arg>${arg2}</arg>
</arguments>
<msg timestamp="20200207 12:29:34.512" level="INFO">Typing text 'admin' into text field 'xpath=(//input[@type='password'])[2]'.</msg>
<status status="PASS" starttime="20200207 12:29:34.511" endtime="20200207 12:29:34.593"></status>
</kw>
<status status="PASS" starttime="20200207 12:29:34.511" endtime="20200207 12:29:34.593"></status>
</kw>
<kw name="Texto" library="recursos">
<arguments>
<arg>(//input[@type='email'])[1]</arg>
<arg>${email}</arg>
</arguments>
<kw name="Input Text" library="SeleniumLibrary">
<doc>Types the given ``text`` into the text field identified by ``locator``.</doc>
<arguments>
<arg>xpath=${arg1}</arg>
<arg>${arg2}</arg>
</arguments>
<msg timestamp="20200207 12:29:34.594" level="INFO">Typing text 'rodri@gmail.com2' into text field 'xpath=(//input[@type='email'])[1]'.</msg>
<status status="PASS" starttime="20200207 12:29:34.594" endtime="20200207 12:29:34.695"></status>
</kw>
<status status="PASS" starttime="20200207 12:29:34.593" endtime="20200207 12:29:34.695"></status>
</kw>
<kw name="Texto" library="recursos">
<arguments>
<arg>(//input[@type='email'])[2]</arg>
<arg>${confirmemail}</arg>
</arguments>
<kw name="Input Text" library="SeleniumLibrary">
<doc>Types the given ``text`` into the text field identified by ``locator``.</doc>
<arguments>
<arg>xpath=${arg1}</arg>
<arg>${arg2}</arg>
</arguments>
<msg timestamp="20200207 12:29:34.695" level="INFO">Typing text 'rodri@gmail.com2' into text field 'xpath=(//input[@type='email'])[2]'.</msg>
<status status="PASS" starttime="20200207 12:29:34.695" endtime="20200207 12:29:34.807"></status>
</kw>
<status status="PASS" starttime="20200207 12:29:34.695" endtime="20200207 12:29:34.807"></status>
</kw>
<kw name="Click" library="recursos">
<arguments>
<arg>//a[contains(@title,'Cancel')]</arg>
</arguments>
<kw name="Click Element" library="SeleniumLibrary">
<doc>Click the element identified by ``locator``.</doc>
<arguments>
<arg>xpath=${arg1}</arg>
</arguments>
<msg timestamp="20200207 12:29:34.808" level="INFO">Clicking element 'xpath=//a[contains(@title,'Cancel')]'.</msg>
<status status="PASS" starttime="20200207 12:29:34.808" endtime="20200207 12:29:35.445"></status>
</kw>
<status status="PASS" starttime="20200207 12:29:34.808" endtime="20200207 12:29:35.445"></status>
</kw>
<status status="PASS" starttime="20200207 12:29:34.153" endtime="20200207 12:29:35.445"></status>
</kw>
<kw name="${i} = 3" type="foritem">
<kw name="Leer celda" library="recursos">
<arguments>
<arg>Hoja1</arg>
<arg>${i}</arg>
<arg>1</arg>
</arguments>
<assign>
<var>${nombre}</var>
</assign>
<kw name="Cell Data" library="ReadData">
<arguments>
<arg>${hoja}</arg>
<arg>${fila}</arg>
<arg>${celda}</arg>
</arguments>
<assign>
<var>${celldata}</var>
</assign>
<msg timestamp="20200207 12:29:35.447" level="INFO">${celldata} = rodrigo3</msg>
<status status="PASS" starttime="20200207 12:29:35.446" endtime="20200207 12:29:35.447"></status>
</kw>
<msg timestamp="20200207 12:29:35.447" level="INFO">${nombre} = rodrigo3</msg>
<status status="PASS" starttime="20200207 12:29:35.446" endtime="20200207 12:29:35.447"></status>
</kw>
<kw name="Leer celda" library="recursos">
<arguments>
<arg>Hoja1</arg>
<arg>${i}</arg>
<arg>2</arg>
</arguments>
<assign>
<var>${username}</var>
</assign>
<kw name="Cell Data" library="ReadData">
<arguments>
<arg>${hoja}</arg>
<arg>${fila}</arg>
<arg>${celda}</arg>
</arguments>
<assign>
<var>${celldata}</var>
</assign>
<msg timestamp="20200207 12:29:35.449" level="INFO">${celldata} = adm@yourstore.com</msg>
<status status="PASS" starttime="20200207 12:29:35.448" endtime="20200207 12:29:35.449"></status>
</kw>
<msg timestamp="20200207 12:29:35.449" level="INFO">${username} = adm@yourstore.com</msg>
<status status="PASS" starttime="20200207 12:29:35.448" endtime="20200207 12:29:35.449"></status>
</kw>
<kw name="Leer celda" library="recursos">
<arguments>
<arg>Hoja1</arg>
<arg>${i}</arg>
<arg>3</arg>
</arguments>
<assign>
<var>${password}</var>
</assign>
<kw name="Cell Data" library="ReadData">
<arguments>
<arg>${hoja}</arg>
<arg>${fila}</arg>
<arg>${celda}</arg>
</arguments>
<assign>
<var>${celldata}</var>
</assign>
<msg timestamp="20200207 12:29:35.450" level="INFO">${celldata} = adm</msg>
<status status="PASS" starttime="20200207 12:29:35.450" endtime="20200207 12:29:35.450"></status>
</kw>
<msg timestamp="20200207 12:29:35.451" level="INFO">${password} = adm</msg>
<status status="PASS" starttime="20200207 12:29:35.449" endtime="20200207 12:29:35.451"></status>
</kw>
<kw name="Leer celda" library="recursos">
<arguments>
<arg>Hoja1</arg>
<arg>${i}</arg>
<arg>4</arg>
</arguments>
<assign>
<var>${confirmpass}</var>
</assign>
<kw name="Cell Data" library="ReadData">
<arguments>
<arg>${hoja}</arg>
<arg>${fila}</arg>
<arg>${celda}</arg>
</arguments>
<assign>
<var>${celldata}</var>
</assign>
<msg timestamp="20200207 12:29:35.452" level="INFO">${celldata} = adm</msg>
<status status="PASS" starttime="20200207 12:29:35.451" endtime="20200207 12:29:35.452"></status>
</kw>
<msg timestamp="20200207 12:29:35.452" level="INFO">${confirmpass} = adm</msg>
<status status="PASS" starttime="20200207 12:29:35.451" endtime="20200207 12:29:35.452"></status>
</kw>
<kw name="Leer celda" library="recursos">
<arguments>
<arg>Hoja1</arg>
<arg>${i}</arg>
<arg>5</arg>
</arguments>
<assign>
<var>${email}</var>
</assign>
<kw name="Cell Data" library="ReadData">
<arguments>
<arg>${hoja}</arg>
<arg>${fila}</arg>
<arg>${celda}</arg>
</arguments>
<assign>
<var>${celldata}</var>
</assign>
<msg timestamp="20200207 12:29:35.453" level="INFO">${celldata} = rodri@gmail.com3</msg>
<status status="PASS" starttime="20200207 12:29:35.452" endtime="20200207 12:29:35.453"></status>
</kw>
<msg timestamp="20200207 12:29:35.453" level="INFO">${email} = rodri@gmail.com3</msg>
<status status="PASS" starttime="20200207 12:29:35.452" endtime="20200207 12:29:35.453"></status>
</kw>
<kw name="Leer celda" library="recursos">
<arguments>
<arg>Hoja1</arg>
<arg>${i}</arg>
<arg>6</arg>
</arguments>
<assign>
<var>${confirmemail}</var>
</assign>
<kw name="Cell Data" library="ReadData">
<arguments>
<arg>${hoja}</arg>
<arg>${fila}</arg>
<arg>${celda}</arg>
</arguments>
<assign>
<var>${celldata}</var>
</assign>
<msg timestamp="20200207 12:29:35.454" level="INFO">${celldata} = rodri@gmail.com3</msg>
<status status="PASS" starttime="20200207 12:29:35.453" endtime="20200207 12:29:35.454"></status>
</kw>
<msg timestamp="20200207 12:29:35.454" level="INFO">${confirmemail} = rodri@gmail.com3</msg>
<status status="PASS" starttime="20200207 12:29:35.453" endtime="20200207 12:29:35.454"></status>
</kw>
<kw name="Texto" library="recursos">
<arguments>
<arg>(//input[@type='text'])[1]</arg>
<arg>${nombre}</arg>
</arguments>
<kw name="Input Text" library="SeleniumLibrary">
<doc>Types the given ``text`` into the text field identified by ``locator``.</doc>
<arguments>
<arg>xpath=${arg1}</arg>
<arg>${arg2}</arg>
</arguments>
<msg timestamp="20200207 12:29:35.455" level="INFO">Typing text 'rodrigo3' into text field 'xpath=(//input[@type='text'])[1]'.</msg>
<status status="PASS" starttime="20200207 12:29:35.454" endtime="20200207 12:29:35.593"></status>
</kw>
<status status="PASS" starttime="20200207 12:29:35.454" endtime="20200207 12:29:35.594"></status>
</kw>
<kw name="Texto" library="recursos">
<arguments>
<arg>(//input[@type='text'])[2]</arg>
<arg>${username}</arg>
</arguments>
<kw name="Input Text" library="SeleniumLibrary">
<doc>Types the given ``text`` into the text field identified by ``locator``.</doc>
<arguments>
<arg>xpath=${arg1}</arg>
<arg>${arg2}</arg>
</arguments>
<msg timestamp="20200207 12:29:35.594" level="INFO">Typing text 'adm@yourstore.com' into text field 'xpath=(//input[@type='text'])[2]'.</msg>
<status status="PASS" starttime="20200207 12:29:35.594" endtime="20200207 12:29:35.713"></status>
</kw>
<status status="PASS" starttime="20200207 12:29:35.594" endtime="20200207 12:29:35.713"></status>
</kw>
<kw name="Texto" library="recursos">
<arguments>
<arg>(//input[@type='password'])[1]</arg>
<arg>${password}</arg>
</arguments>
<kw name="Input Text" library="SeleniumLibrary">
<doc>Types the given ``text`` into the text field identified by ``locator``.</doc>
<arguments>
<arg>xpath=${arg1}</arg>
<arg>${arg2}</arg>
</arguments>
<msg timestamp="20200207 12:29:35.714" level="INFO">Typing text 'adm' into text field 'xpath=(//input[@type='password'])[1]'.</msg>
<status status="PASS" starttime="20200207 12:29:35.714" endtime="20200207 12:29:35.790"></status>
</kw>
<status status="PASS" starttime="20200207 12:29:35.713" endtime="20200207 12:29:35.790"></status>
</kw>
<kw name="Texto" library="recursos">
<arguments>
<arg>(//input[@type='password'])[2]</arg>
<arg>${confirmpass}</arg>
</arguments>
<kw name="Input Text" library="SeleniumLibrary">
<doc>Types the given ``text`` into the text field identified by ``locator``.</doc>
<arguments>
<arg>xpath=${arg1}</arg>
<arg>${arg2}</arg>
</arguments>
<msg timestamp="20200207 12:29:35.790" level="INFO">Typing text 'adm' into text field 'xpath=(//input[@type='password'])[2]'.</msg>
<status status="PASS" starttime="20200207 12:29:35.790" endtime="20200207 12:29:35.869"></status>
</kw>
<status status="PASS" starttime="20200207 12:29:35.790" endtime="20200207 12:29:35.869"></status>
</kw>
<kw name="Texto" library="recursos">
<arguments>
<arg>(//input[@type='email'])[1]</arg>
<arg>${email}</arg>
</arguments>
<kw name="Input Text" library="SeleniumLibrary">
<doc>Types the given ``text`` into the text field identified by ``locator``.</doc>
<arguments>
<arg>xpath=${arg1}</arg>
<arg>${arg2}</arg>
</arguments>
<msg timestamp="20200207 12:29:35.869" level="INFO">Typing text 'rodri@gmail.com3' into text field 'xpath=(//input[@type='email'])[1]'.</msg>
<status status="PASS" starttime="20200207 12:29:35.869" endtime="20200207 12:29:35.990"></status>
</kw>
<status status="PASS" starttime="20200207 12:29:35.869" endtime="20200207 12:29:35.990"></status>
</kw>
<kw name="Texto" library="recursos">
<arguments>
<arg>(//input[@type='email'])[2]</arg>
<arg>${confirmemail}</arg>
</arguments>
<kw name="Input Text" library="SeleniumLibrary">
<doc>Types the given ``text`` into the text field identified by ``locator``.</doc>
<arguments>
<arg>xpath=${arg1}</arg>
<arg>${arg2}</arg>
</arguments>
<msg timestamp="20200207 12:29:35.991" level="INFO">Typing text 'rodri@gmail.com3' into text field 'xpath=(//input[@type='email'])[2]'.</msg>
<status status="PASS" starttime="20200207 12:29:35.990" endtime="20200207 12:29:36.100"></status>
</kw>
<status status="PASS" starttime="20200207 12:29:35.990" endtime="20200207 12:29:36.100"></status>
</kw>
<kw name="Click" library="recursos">
<arguments>
<arg>//a[contains(@title,'Cancel')]</arg>
</arguments>
<kw name="Click Element" library="SeleniumLibrary">
<doc>Click the element identified by ``locator``.</doc>
<arguments>
<arg>xpath=${arg1}</arg>
</arguments>
<msg timestamp="20200207 12:29:36.101" level="INFO">Clicking element 'xpath=//a[contains(@title,'Cancel')]'.</msg>
<status status="PASS" starttime="20200207 12:29:36.101" endtime="20200207 12:29:36.772"></status>
</kw>
<status status="PASS" starttime="20200207 12:29:36.101" endtime="20200207 12:29:36.772"></status>
</kw>
<status status="PASS" starttime="20200207 12:29:35.445" endtime="20200207 12:29:36.772"></status>
</kw>
<kw name="${i} = 4" type="foritem">
<kw name="Leer celda" library="recursos">
<arguments>
<arg>Hoja1</arg>
<arg>${i}</arg>
<arg>1</arg>
</arguments>
<assign>
<var>${nombre}</var>
</assign>
<kw name="Cell Data" library="ReadData">
<arguments>
<arg>${hoja}</arg>
<arg>${fila}</arg>
<arg>${celda}</arg>
</arguments>
<assign>
<var>${celldata}</var>
</assign>
<msg timestamp="20200207 12:29:36.774" level="INFO">${celldata} = rodrigo4</msg>
<status status="PASS" starttime="20200207 12:29:36.773" endtime="20200207 12:29:36.774"></status>
</kw>
<msg timestamp="20200207 12:29:36.774" level="INFO">${nombre} = rodrigo4</msg>
<status status="PASS" starttime="20200207 12:29:36.773" endtime="20200207 12:29:36.774"></status>
</kw>
<kw name="Leer celda" library="recursos">
<arguments>
<arg>Hoja1</arg>
<arg>${i}</arg>
<arg>2</arg>
</arguments>
<assign>
<var>${username}</var>
</assign>
<kw name="Cell Data" library="ReadData">
<arguments>
<arg>${hoja}</arg>
<arg>${fila}</arg>
<arg>${celda}</arg>
</arguments>
<assign>
<var>${celldata}</var>
</assign>
<msg timestamp="20200207 12:29:36.775" level="INFO">${celldata} = demo@gmail.com</msg>
<status status="PASS" starttime="20200207 12:29:36.774" endtime="20200207 12:29:36.775"></status>
</kw>
<msg timestamp="20200207 12:29:36.775" level="INFO">${username} = demo@gmail.com</msg>
<status status="PASS" starttime="20200207 12:29:36.774" endtime="20200207 12:29:36.775"></status>
</kw>
<kw name="Leer celda" library="recursos">
<arguments>
<arg>Hoja1</arg>
<arg>${i}</arg>
<arg>3</arg>
</arguments>
<assign>
<var>${password}</var>
</assign>
<kw name="Cell Data" library="ReadData">
<arguments>
<arg>${hoja}</arg>
<arg>${fila}</arg>
<arg>${celda}</arg>
</arguments>
<assign>
<var>${celldata}</var>
</assign>
<msg timestamp="20200207 12:29:36.776" level="INFO">${celldata} = dem</msg>
<status status="PASS" starttime="20200207 12:29:36.775" endtime="20200207 12:29:36.776"></status>
</kw>
<msg timestamp="20200207 12:29:36.776" level="INFO">${password} = dem</msg>
<status status="PASS" starttime="20200207 12:29:36.775" endtime="20200207 12:29:36.776"></status>
</kw>
<kw name="Leer celda" library="recursos">
<arguments>
<arg>Hoja1</arg>
<arg>${i}</arg>
<arg>4</arg>
</arguments>
<assign>
<var>${confirmpass}</var>
</assign>
<kw name="Cell Data" library="ReadData">
<arguments>
<arg>${hoja}</arg>
<arg>${fila}</arg>
<arg>${celda}</arg>
</arguments>
<assign>
<var>${celldata}</var>
</assign>
<msg timestamp="20200207 12:29:36.777" level="INFO">${celldata} = dem</msg>
<status status="PASS" starttime="20200207 12:29:36.777" endtime="20200207 12:29:36.777"></status>
</kw>
<msg timestamp="20200207 12:29:36.778" level="INFO">${confirmpass} = dem</msg>
<status status="PASS" starttime="20200207 12:29:36.777" endtime="20200207 12:29:36.778"></status>
</kw>
<kw name="Leer celda" library="recursos">
<arguments>
<arg>Hoja1</arg>
<arg>${i}</arg>
<arg>5</arg>
</arguments>
<assign>
<var>${email}</var>
</assign>
<kw name="Cell Data" library="ReadData">
<arguments>
<arg>${hoja}</arg>
<arg>${fila}</arg>
<arg>${celda}</arg>
</arguments>
<assign>
<var>${celldata}</var>
</assign>
<msg timestamp="20200207 12:29:36.778" level="INFO">${celldata} = rodri@gmail.com4</msg>
<status status="PASS" starttime="20200207 12:29:36.778" endtime="20200207 12:29:36.779"></status>
</kw>
<msg timestamp="20200207 12:29:36.779" level="INFO">${email} = rodri@gmail.com4</msg>
<status status="PASS" starttime="20200207 12:29:36.778" endtime="20200207 12:29:36.779"></status>
</kw>
<kw name="Leer celda" library="recursos">
<arguments>
<arg>Hoja1</arg>
<arg>${i}</arg>
<arg>6</arg>
</arguments>
<assign>
<var>${confirmemail}</var>
</assign>
<kw name="Cell Data" library="ReadData">
<arguments>
<arg>${hoja}</arg>
<arg>${fila}</arg>
<arg>${celda}</arg>
</arguments>
<assign>
<var>${celldata}</var>
</assign>
<msg timestamp="20200207 12:29:36.780" level="INFO">${celldata} = rodri@gmail.com4</msg>
<status status="PASS" starttime="20200207 12:29:36.779" endtime="20200207 12:29:36.780"></status>
</kw>
<msg timestamp="20200207 12:29:36.780" level="INFO">${confirmemail} = rodri@gmail.com4</msg>
<status status="PASS" starttime="20200207 12:29:36.779" endtime="20200207 12:29:36.780"></status>
</kw>
<kw name="Texto" library="recursos">
<arguments>
<arg>(//input[@type='text'])[1]</arg>
<arg>${nombre}</arg>
</arguments>
<kw name="Input Text" library="SeleniumLibrary">
<doc>Types the given ``text`` into the text field identified by ``locator``.</doc>
<arguments>
<arg>xpath=${arg1}</arg>
<arg>${arg2}</arg>
</arguments>
<msg timestamp="20200207 12:29:36.781" level="INFO">Typing text 'rodrigo4' into text field 'xpath=(//input[@type='text'])[1]'.</msg>
<status status="PASS" starttime="20200207 12:29:36.781" endtime="20200207 12:29:36.935"></status>
</kw>
<status status="PASS" starttime="20200207 12:29:36.780" endtime="20200207 12:29:36.935"></status>
</kw>
<kw name="Texto" library="recursos">
<arguments>
<arg>(//input[@type='text'])[2]</arg>
<arg>${username}</arg>
</arguments>
<kw name="Input Text" library="SeleniumLibrary">
<doc>Types the given ``text`` into the text field identified by ``locator``.</doc>
<arguments>
<arg>xpath=${arg1}</arg>
<arg>${arg2}</arg>
</arguments>
<msg timestamp="20200207 12:29:36.936" level="INFO">Typing text 'demo@gmail.com' into text field 'xpath=(//input[@type='text'])[2]'.</msg>
<status status="PASS" starttime="20200207 12:29:36.936" endtime="20200207 12:29:37.057"></status>
</kw>
<status status="PASS" starttime="20200207 12:29:36.935" endtime="20200207 12:29:37.058"></status>
</kw>
<kw name="Texto" library="recursos">
<arguments>
<arg>(//input[@type='password'])[1]</arg>
<arg>${password}</arg>
</arguments>
<kw name="Input Text" library="SeleniumLibrary">
<doc>Types the given ``text`` into the text field identified by ``locator``.</doc>
<arguments>
<arg>xpath=${arg1}</arg>
<arg>${arg2}</arg>
</arguments>
<msg timestamp="20200207 12:29:37.058" level="INFO">Typing text 'dem' into text field 'xpath=(//input[@type='password'])[1]'.</msg>
<status status="PASS" starttime="20200207 12:29:37.058" endtime="20200207 12:29:37.138"></status>
</kw>
<status status="PASS" starttime="20200207 12:29:37.058" endtime="20200207 12:29:37.138"></status>
</kw>
<kw name="Texto" library="recursos">
<arguments>
<arg>(//input[@type='password'])[2]</arg>
<arg>${confirmpass}</arg>
</arguments>
<kw name="Input Text" library="SeleniumLibrary">
<doc>Types the given ``text`` into the text field identified by ``locator``.</doc>
<arguments>
<arg>xpath=${arg1}</arg>
<arg>${arg2}</arg>
</arguments>
<msg timestamp="20200207 12:29:37.139" level="INFO">Typing text 'dem' into text field 'xpath=(//input[@type='password'])[2]'.</msg>
<status status="PASS" starttime="20200207 12:29:37.139" endtime="20200207 12:29:37.215"></status>
</kw>
<status status="PASS" starttime="20200207 12:29:37.138" endtime="20200207 12:29:37.215"></status>
</kw>
<kw name="Texto" library="recursos">
<arguments>
<arg>(//input[@type='email'])[1]</arg>
<arg>${email}</arg>
</arguments>
<kw name="Input Text" library="SeleniumLibrary">
<doc>Types the given ``text`` into the text field identified by ``locator``.</doc>
<arguments>
<arg>xpath=${arg1}</arg>
<arg>${arg2}</arg>
</arguments>
<msg timestamp="20200207 12:29:37.216" level="INFO">Typing text 'rodri@gmail.com4' into text field 'xpath=(//input[@type='email'])[1]'.</msg>
<status status="PASS" starttime="20200207 12:29:37.215" endtime="20200207 12:29:37.337"></status>
</kw>
<status status="PASS" starttime="20200207 12:29:37.215" endtime="20200207 12:29:37.337"></status>
</kw>
<kw name="Texto" library="recursos">
<arguments>
<arg>(//input[@type='email'])[2]</arg>
<arg>${confirmemail}</arg>
</arguments>
<kw name="Input Text" library="SeleniumLibrary">
<doc>Types the given ``text`` into the text field identified by ``locator``.</doc>
<arguments>
<arg>xpath=${arg1}</arg>
<arg>${arg2}</arg>
</arguments>
<msg timestamp="20200207 12:29:37.337" level="INFO">Typing text 'rodri@gmail.com4' into text field 'xpath=(//input[@type='email'])[2]'.</msg>
<status status="PASS" starttime="20200207 12:29:37.337" endtime="20200207 12:29:37.443"></status>
</kw>
<status status="PASS" starttime="20200207 12:29:37.337" endtime="20200207 12:29:37.443"></status>
</kw>
<kw name="Click" library="recursos">
<arguments>
<arg>//a[contains(@title,'Cancel')]</arg>
</arguments>
<kw name="Click Element" library="SeleniumLibrary">
<doc>Click the element identified by ``locator``.</doc>
<arguments>
<arg>xpath=${arg1}</arg>
</arguments>
<msg timestamp="20200207 12:29:37.444" level="INFO">Clicking element 'xpath=//a[contains(@title,'Cancel')]'.</msg>
<status status="PASS" starttime="20200207 12:29:37.444" endtime="20200207 12:29:38.100"></status>
</kw>
<status status="PASS" starttime="20200207 12:29:37.444" endtime="20200207 12:29:38.100"></status>
</kw>
<status status="PASS" starttime="20200207 12:29:36.772" endtime="20200207 12:29:38.100"></status>
</kw>
<kw name="${i} = 5" type="foritem">
<kw name="Leer celda" library="recursos">
<arguments>
<arg>Hoja1</arg>
<arg>${i}</arg>
<arg>1</arg>
</arguments>
<assign>
<var>${nombre}</var>
</assign>
<kw name="Cell Data" library="ReadData">
<arguments>
<arg>${hoja}</arg>
<arg>${fila}</arg>
<arg>${celda}</arg>
</arguments>
<assign>
<var>${celldata}</var>
</assign>
<msg timestamp="20200207 12:29:38.101" level="INFO">${celldata} = rodrigo5</msg>
<status status="PASS" starttime="20200207 12:29:38.101" endtime="20200207 12:29:38.101"></status>
</kw>
<msg timestamp="20200207 12:29:38.101" level="INFO">${nombre} = rodrigo5</msg>
<status status="PASS" starttime="20200207 12:29:38.101" endtime="20200207 12:29:38.101"></status>
</kw>
<kw name="Leer celda" library="recursos">
<arguments>
<arg>Hoja1</arg>
<arg>${i}</arg>
<arg>2</arg>
</arguments>
<assign>
<var>${username}</var>
</assign>
<kw name="Cell Data" library="ReadData">
<arguments>
<arg>${hoja}</arg>
<arg>${fila}</arg>
<arg>${celda}</arg>
</arguments>
<assign>
<var>${celldata}</var>
</assign>
<msg timestamp="20200207 12:29:38.102" level="INFO">${celldata} = demo2@gmail.com</msg>
<status status="PASS" starttime="20200207 12:29:38.102" endtime="20200207 12:29:38.102"></status>
</kw>
<msg timestamp="20200207 12:29:38.103" level="INFO">${username} = demo2@gmail.com</msg>
<status status="PASS" starttime="20200207 12:29:38.102" endtime="20200207 12:29:38.103"></status>
</kw>
<kw name="Leer celda" library="recursos">
<arguments>
<arg>Hoja1</arg>
<arg>${i}</arg>
<arg>3</arg>
</arguments>
<assign>
<var>${password}</var>
</assign>
<kw name="Cell Data" library="ReadData">
<arguments>
<arg>${hoja}</arg>
<arg>${fila}</arg>
<arg>${celda}</arg>
</arguments>
<assign>
<var>${celldata}</var>
</assign>
<msg timestamp="20200207 12:29:38.104" level="INFO">${celldata} = deo</msg>
<status status="PASS" starttime="20200207 12:29:38.103" endtime="20200207 12:29:38.104"></status>
</kw>
<msg timestamp="20200207 12:29:38.104" level="INFO">${password} = deo</msg>
<status status="PASS" starttime="20200207 12:29:38.103" endtime="20200207 12:29:38.104"></status>
</kw>
<kw name="Leer celda" library="recursos">
<arguments>
<arg>Hoja1</arg>
<arg>${i}</arg>
<arg>4</arg>
</arguments>
<assign>
<var>${confirmpass}</var>
</assign>
<kw name="Cell Data" library="ReadData">
<arguments>
<arg>${hoja}</arg>
<arg>${fila}</arg>
<arg>${celda}</arg>
</arguments>
<assign>
<var>${celldata}</var>
</assign>
<msg timestamp="20200207 12:29:38.105" level="INFO">${celldata} = deo</msg>
<status status="PASS" starttime="20200207 12:29:38.104" endtime="20200207 12:29:38.105"></status>
</kw>
<msg timestamp="20200207 12:29:38.105" level="INFO">${confirmpass} = deo</msg>
<status status="PASS" starttime="20200207 12:29:38.104" endtime="20200207 12:29:38.105"></status>
</kw>
<kw name="Leer celda" library="recursos">
<arguments>
<arg>Hoja1</arg>
<arg>${i}</arg>
<arg>5</arg>
</arguments>
<assign>
<var>${email}</var>
</assign>
<kw name="Cell Data" library="ReadData">
<arguments>
<arg>${hoja}</arg>
<arg>${fila}</arg>
<arg>${celda}</arg>
</arguments>
<assign>
<var>${celldata}</var>
</assign>
<msg timestamp="20200207 12:29:38.106" level="INFO">${celldata} = rodri@gmail.com5</msg>
<status status="PASS" starttime="20200207 12:29:38.105" endtime="20200207 12:29:38.106"></status>
</kw>
<msg timestamp="20200207 12:29:38.106" level="INFO">${email} = rodri@gmail.com5</msg>
<status status="PASS" starttime="20200207 12:29:38.105" endtime="20200207 12:29:38.106"></status>
</kw>
<kw name="Leer celda" library="recursos">
<arguments>
<arg>Hoja1</arg>
<arg>${i}</arg>
<arg>6</arg>
</arguments>
<assign>
<var>${confirmemail}</var>
</assign>
<kw name="Cell Data" library="ReadData">
<arguments>
<arg>${hoja}</arg>
<arg>${fila}</arg>
<arg>${celda}</arg>
</arguments>
<assign>
<var>${celldata}</var>
</assign>
<msg timestamp="20200207 12:29:38.107" level="INFO">${celldata} = rodri@gmail.com5</msg>
<status status="PASS" starttime="20200207 12:29:38.106" endtime="20200207 12:29:38.107"></status>
</kw>
<msg timestamp="20200207 12:29:38.107" level="INFO">${confirmemail} = rodri@gmail.com5</msg>
<status status="PASS" starttime="20200207 12:29:38.106" endtime="20200207 12:29:38.107"></status>
</kw>
<kw name="Texto" library="recursos">
<arguments>
<arg>(//input[@type='text'])[1]</arg>
<arg>${nombre}</arg>
</arguments>
<kw name="Input Text" library="SeleniumLibrary">
<doc>Types the given ``text`` into the text field identified by ``locator``.</doc>
<arguments>
<arg>xpath=${arg1}</arg>
<arg>${arg2}</arg>
</arguments>
<msg timestamp="20200207 12:29:38.108" level="INFO">Typing text 'rodrigo5' into text field 'xpath=(//input[@type='text'])[1]'.</msg>
<status status="PASS" starttime="20200207 12:29:38.108" endtime="20200207 12:29:38.251"></status>
</kw>
<status status="PASS" starttime="20200207 12:29:38.107" endtime="20200207 12:29:38.252"></status>
</kw>
<kw name="Texto" library="recursos">
<arguments>
<arg>(//input[@type='text'])[2]</arg>
<arg>${username}</arg>
</arguments>
<kw name="Input Text" library="SeleniumLibrary">
<doc>Types the given ``text`` into the text field identified by ``locator``.</doc>
<arguments>
<arg>xpath=${arg1}</arg>
<arg>${arg2}</arg>
</arguments>
<msg timestamp="20200207 12:29:38.252" level="INFO">Typing text 'demo2@gmail.com' into text field 'xpath=(//input[@type='text'])[2]'.</msg>
<status status="PASS" starttime="20200207 12:29:38.252" endtime="20200207 12:29:38.372"></status>
</kw>
<status status="PASS" starttime="20200207 12:29:38.252" endtime="20200207 12:29:38.372"></status>
</kw>
<kw name="Texto" library="recursos">
<arguments>
<arg>(//input[@type='password'])[1]</arg>
<arg>${password}</arg>
</arguments>
<kw name="Input Text" library="SeleniumLibrary">
<doc>Types the given ``text`` into the text field identified by ``locator``.</doc>
<arguments>
<arg>xpath=${arg1}</arg>
<arg>${arg2}</arg>
</arguments>
<msg timestamp="20200207 12:29:38.372" level="INFO">Typing text 'deo' into text field 'xpath=(//input[@type='password'])[1]'.</msg>
<status status="PASS" starttime="20200207 12:29:38.372" endtime="20200207 12:29:38.453"></status>
</kw>
<status status="PASS" starttime="20200207 12:29:38.372" endtime="20200207 12:29:38.453"></status>
</kw>
<kw name="Texto" library="recursos">
<arguments>
<arg>(//input[@type='password'])[2]</arg>
<arg>${confirmpass}</arg>
</arguments>
<kw name="Input Text" library="SeleniumLibrary">
<doc>Types the given ``text`` into the text field identified by ``locator``.</doc>
<arguments>
<arg>xpath=${arg1}</arg>
<arg>${arg2}</arg>
</arguments>
<msg timestamp="20200207 12:29:38.454" level="INFO">Typing text 'deo' into text field 'xpath=(//input[@type='password'])[2]'.</msg>
<status status="PASS" starttime="20200207 12:29:38.454" endtime="20200207 12:29:38.532"></status>
</kw>
<status status="PASS" starttime="20200207 12:29:38.453" endtime="20200207 12:29:38.533"></status>
</kw>
<kw name="Texto" library="recursos">
<arguments>
<arg>(//input[@type='email'])[1]</arg>
<arg>${email}</arg>
</arguments>
<kw name="Input Text" library="SeleniumLibrary">
<doc>Types the given ``text`` into the text field identified by ``locator``.</doc>
<arguments>
<arg>xpath=${arg1}</arg>
<arg>${arg2}</arg>
</arguments>
<msg timestamp="20200207 12:29:38.533" level="INFO">Typing text 'rodri@gmail.com5' into text field 'xpath=(//input[@type='email'])[1]'.</msg>
<status status="PASS" starttime="20200207 12:29:38.533" endtime="20200207 12:29:38.645"></status>
</kw>
<status status="PASS" starttime="20200207 12:29:38.533" endtime="20200207 12:29:38.645"></status>
</kw>
<kw name="Texto" library="recursos">
<arguments>
<arg>(//input[@type='email'])[2]</arg>
<arg>${confirmemail}</arg>
</arguments>
<kw name="Input Text" library="SeleniumLibrary">
<doc>Types the given ``text`` into the text field identified by ``locator``.</doc>
<arguments>
<arg>xpath=${arg1}</arg>
<arg>${arg2}</arg>
</arguments>
<msg timestamp="20200207 12:29:38.646" level="INFO">Typing text 'rodri@gmail.com5' into text field 'xpath=(//input[@type='email'])[2]'.</msg>
<status status="PASS" starttime="20200207 12:29:38.646" endtime="20200207 12:29:38.755"></status>
</kw>
<status status="PASS" starttime="20200207 12:29:38.645" endtime="20200207 12:29:38.755"></status>
</kw>
<kw name="Click" library="recursos">
<arguments>
<arg>//a[contains(@title,'Cancel')]</arg>
</arguments>
<kw name="Click Element" library="SeleniumLibrary">
<doc>Click the element identified by ``locator``.</doc>
<arguments>
<arg>xpath=${arg1}</arg>
</arguments>
<msg timestamp="20200207 12:29:38.756" level="INFO">Clicking element 'xpath=//a[contains(@title,'Cancel')]'.</msg>
<status status="PASS" starttime="20200207 12:29:38.755" endtime="20200207 12:29:39.475"></status>
</kw>
<status status="PASS" starttime="20200207 12:29:38.755" endtime="20200207 12:29:39.475"></status>
</kw>
<status status="PASS" starttime="20200207 12:29:38.100" endtime="20200207 12:29:39.475"></status>
</kw>
<kw name="${i} = 6" type="foritem">
<kw name="Leer celda" library="recursos">
<arguments>
<arg>Hoja1</arg>
<arg>${i}</arg>
<arg>1</arg>
</arguments>
<assign>
<var>${nombre}</var>
</assign>
<kw name="Cell Data" library="ReadData">
<arguments>
<arg>${hoja}</arg>
<arg>${fila}</arg>
<arg>${celda}</arg>
</arguments>
<assign>
<var>${celldata}</var>
</assign>
<msg timestamp="20200207 12:29:39.476" level="INFO">${celldata} = rodrigo6</msg>
<status status="PASS" starttime="20200207 12:29:39.476" endtime="20200207 12:29:39.476"></status>
</kw>
<msg timestamp="20200207 12:29:39.476" level="INFO">${nombre} = rodrigo6</msg>
<status status="PASS" starttime="20200207 12:29:39.475" endtime="20200207 12:29:39.476"></status>
</kw>
<kw name="Leer celda" library="recursos">
<arguments>
<arg>Hoja1</arg>
<arg>${i}</arg>
<arg>2</arg>
</arguments>
<assign>
<var>${username}</var>
</assign>
<kw name="Cell Data" library="ReadData">
<arguments>
<arg>${hoja}</arg>
<arg>${fila}</arg>
<arg>${celda}</arg>
</arguments>
<assign>
<var>${celldata}</var>
</assign>
<msg timestamp="20200207 12:29:39.477" level="INFO">${celldata} = demo3@gmail.com1</msg>
<status status="PASS" starttime="20200207 12:29:39.476" endtime="20200207 12:29:39.477"></status>
</kw>
<msg timestamp="20200207 12:29:39.477" level="INFO">${username} = demo3@gmail.com1</msg>
<status status="PASS" starttime="20200207 12:29:39.476" endtime="20200207 12:29:39.477"></status>
</kw>
<kw name="Leer celda" library="recursos">
<arguments>
<arg>Hoja1</arg>
<arg>${i}</arg>
<arg>3</arg>
</arguments>
<assign>
<var>${password}</var>
</assign>
<kw name="Cell Data" library="ReadData">
<arguments>
<arg>${hoja}</arg>
<arg>${fila}</arg>
<arg>${celda}</arg>
</arguments>
<assign>
<var>${celldata}</var>
</assign>
<msg timestamp="20200207 12:29:39.478" level="INFO">${celldata} = ert1</msg>
<status status="PASS" starttime="20200207 12:29:39.478" endtime="20200207 12:29:39.478"></status>
</kw>
<msg timestamp="20200207 12:29:39.478" level="INFO">${password} = ert1</msg>
<status status="PASS" starttime="20200207 12:29:39.477" endtime="20200207 12:29:39.478"></status>
</kw>
<kw name="Leer celda" library="recursos">
<arguments>
<arg>Hoja1</arg>
<arg>${i}</arg>
<arg>4</arg>
</arguments>
<assign>
<var>${confirmpass}</var>
</assign>
<kw name="Cell Data" library="ReadData">
<arguments>
<arg>${hoja}</arg>
<arg>${fila}</arg>
<arg>${celda}</arg>
</arguments>
<assign>
<var>${celldata}</var>
</assign>
<msg timestamp="20200207 12:29:39.479" level="INFO">${celldata} = ert1</msg>
<status status="PASS" starttime="20200207 12:29:39.479" endtime="20200207 12:29:39.479"></status>
</kw>
<msg timestamp="20200207 12:29:39.480" level="INFO">${confirmpass} = ert1</msg>
<status status="PASS" starttime="20200207 12:29:39.478" endtime="20200207 12:29:39.480"></status>
</kw>
<kw name="Leer celda" library="recursos">
<arguments>
<arg>Hoja1</arg>
<arg>${i}</arg>
<arg>5</arg>
</arguments>
<assign>
<var>${email}</var>
</assign>
<kw name="Cell Data" library="ReadData">
<arguments>
<arg>${hoja}</arg>
<arg>${fila}</arg>
<arg>${celda}</arg>
</arguments>
<assign>
<var>${celldata}</var>
</assign>
<msg timestamp="20200207 12:29:39.480" level="INFO">${celldata} = rodri@gmail.com6</msg>
<status status="PASS" starttime="20200207 12:29:39.480" endtime="20200207 12:29:39.480"></status>
</kw>
<msg timestamp="20200207 12:29:39.481" level="INFO">${email} = rodri@gmail.com6</msg>
<status status="PASS" starttime="20200207 12:29:39.480" endtime="20200207 12:29:39.481"></status>
</kw>
<kw name="Leer celda" library="recursos">
<arguments>
<arg>Hoja1</arg>
<arg>${i}</arg>
<arg>6</arg>
</arguments>
<assign>
<var>${confirmemail}</var>
</assign>
<kw name="Cell Data" library="ReadData">
<arguments>
<arg>${hoja}</arg>
<arg>${fila}</arg>
<arg>${celda}</arg>
</arguments>
<assign>
<var>${celldata}</var>
</assign>
<msg timestamp="20200207 12:29:39.482" level="INFO">${celldata} = rodri@gmail.com6</msg>
<status status="PASS" starttime="20200207 12:29:39.481" endtime="20200207 12:29:39.482"></status>
</kw>
<msg timestamp="20200207 12:29:39.482" level="INFO">${confirmemail} = rodri@gmail.com6</msg>
<status status="PASS" starttime="20200207 12:29:39.481" endtime="20200207 12:29:39.482"></status>
</kw>
<kw name="Texto" library="recursos">
<arguments>
<arg>(//input[@type='text'])[1]</arg>
<arg>${nombre}</arg>
</arguments>
<kw name="Input Text" library="SeleniumLibrary">
<doc>Types the given ``text`` into the text field identified by ``locator``.</doc>
<arguments>
<arg>xpath=${arg1}</arg>
<arg>${arg2}</arg>
</arguments>
<msg timestamp="20200207 12:29:39.483" level="INFO">Typing text 'rodrigo6' into text field 'xpath=(//input[@type='text'])[1]'.</msg>
<status status="PASS" starttime="20200207 12:29:39.482" endtime="20200207 12:29:39.598"></status>
</kw>
<status status="PASS" starttime="20200207 12:29:39.482" endtime="20200207 12:29:39.598"></status>
</kw>
<kw name="Texto" library="recursos">
<arguments>
<arg>(//input[@type='text'])[2]</arg>
<arg>${username}</arg>
</arguments>
<kw name="Input Text" library="SeleniumLibrary">
<doc>Types the given ``text`` into the text field identified by ``locator``.</doc>
<arguments>
<arg>xpath=${arg1}</arg>
<arg>${arg2}</arg>
</arguments>
<msg timestamp="20200207 12:29:39.598" level="INFO">Typing text 'demo3@gmail.com1' into text field 'xpath=(//input[@type='text'])[2]'.</msg>
<status status="PASS" starttime="20200207 12:29:39.598" endtime="20200207 12:29:39.717"></status>
</kw>
<status status="PASS" starttime="20200207 12:29:39.598" endtime="20200207 12:29:39.717"></status>
</kw>
<kw name="Texto" library="recursos">
<arguments>
<arg>(//input[@type='password'])[1]</arg>
<arg>${password}</arg>
</arguments>
<kw name="Input Text" library="SeleniumLibrary">
<doc>Types the given ``text`` into the text field identified by ``locator``.</doc>
<arguments>
<arg>xpath=${arg1}</arg>
<arg>${arg2}</arg>
</arguments>
<msg timestamp="20200207 12:29:39.718" level="INFO">Typing text 'ert1' into text field 'xpath=(//input[@type='password'])[1]'.</msg>
<status status="PASS" starttime="20200207 12:29:39.717" endtime="20200207 12:29:39.794"></status>
</kw>
<status status="PASS" starttime="20200207 12:29:39.717" endtime="20200207 12:29:39.795"></status>
</kw>
<kw name="Texto" library="recursos">
<arguments>
<arg>(//input[@type='password'])[2]</arg>
<arg>${confirmpass}</arg>
</arguments>
<kw name="Input Text" library="SeleniumLibrary">
<doc>Types the given ``text`` into the text field identified by ``locator``.</doc>
<arguments>
<arg>xpath=${arg1}</arg>
<arg>${arg2}</arg>
</arguments>
<msg timestamp="20200207 12:29:39.795" level="INFO">Typing text 'ert1' into text field 'xpath=(//input[@type='password'])[2]'.</msg>
<status status="PASS" starttime="20200207 12:29:39.795" endtime="20200207 12:29:39.870"></status>
</kw>
<status status="PASS" starttime="20200207 12:29:39.795" endtime="20200207 12:29:39.870"></status>
</kw>
<kw name="Texto" library="recursos">
<arguments>
<arg>(//input[@type='email'])[1]</arg>
<arg>${email}</arg>
</arguments>
<kw name="Input Text" library="SeleniumLibrary">
<doc>Types the given ``text`` into the text field identified by ``locator``.</doc>
<arguments>
<arg>xpath=${arg1}</arg>
<arg>${arg2}</arg>
</arguments>
<msg timestamp="20200207 12:29:39.870" level="INFO">Typing text 'rodri@gmail.com6' into text field 'xpath=(//input[@type='email'])[1]'.</msg>
<status status="PASS" starttime="20200207 12:29:39.870" endtime="20200207 12:29:39.984"></status>
</kw>
<status status="PASS" starttime="20200207 12:29:39.870" endtime="20200207 12:29:39.984"></status>
</kw>
<kw name="Texto" library="recursos">
<arguments>
<arg>(//input[@type='email'])[2]</arg>
<arg>${confirmemail}</arg>
</arguments>
<kw name="Input Text" library="SeleniumLibrary">
<doc>Types the given ``text`` into the text field identified by ``locator``.</doc>
<arguments>
<arg>xpath=${arg1}</arg>
<arg>${arg2}</arg>
</arguments>
<msg timestamp="20200207 12:29:39.984" level="INFO">Typing text 'rodri@gmail.com6' into text field 'xpath=(//input[@type='email'])[2]'.</msg>
<status status="PASS" starttime="20200207 12:29:39.984" endtime="20200207 12:29:40.100"></status>
</kw>
<status status="PASS" starttime="20200207 12:29:39.984" endtime="20200207 12:29:40.101"></status>
</kw>
<kw name="Click" library="recursos">
<arguments>
<arg>//a[contains(@title,'Cancel')]</arg>
</arguments>
<kw name="Click Element" library="SeleniumLibrary">
<doc>Click the element identified by ``locator``.</doc>
<arguments>
<arg>xpath=${arg1}</arg>
</arguments>
<msg timestamp="20200207 12:29:40.101" level="INFO">Clicking element 'xpath=//a[contains(@title,'Cancel')]'.</msg>
<status status="PASS" starttime="20200207 12:29:40.101" endtime="20200207 12:29:40.732"></status>
</kw>
<status status="PASS" starttime="20200207 12:29:40.101" endtime="20200207 12:29:40.732"></status>
</kw>
<status status="PASS" starttime="20200207 12:29:39.475" endtime="20200207 12:29:40.732"></status>
</kw>
<kw name="${i} = 7" type="foritem">
<kw name="Leer celda" library="recursos">
<arguments>
<arg>Hoja1</arg>
<arg>${i}</arg>
<arg>1</arg>
</arguments>
<assign>
<var>${nombre}</var>
</assign>
<kw name="Cell Data" library="ReadData">
<arguments>
<arg>${hoja}</arg>
<arg>${fila}</arg>
<arg>${celda}</arg>
</arguments>
<assign>
<var>${celldata}</var>
</assign>
<msg timestamp="20200207 12:29:40.733" level="INFO">${celldata} = rodrigo7</msg>
<status status="PASS" starttime="20200207 12:29:40.733" endtime="20200207 12:29:40.734"></status>
</kw>
<msg timestamp="20200207 12:29:40.734" level="INFO">${nombre} = rodrigo7</msg>
<status status="PASS" starttime="20200207 12:29:40.732" endtime="20200207 12:29:40.734"></status>
</kw>
<kw name="Leer celda" library="recursos">
<arguments>
<arg>Hoja1</arg>
<arg>${i}</arg>
<arg>2</arg>
</arguments>
<assign>
<var>${username}</var>
</assign>
<kw name="Cell Data" library="ReadData">
<arguments>
<arg>${hoja}</arg>
<arg>${fila}</arg>
<arg>${celda}</arg>
</arguments>
<assign>
<var>${celldata}</var>
</assign>
<msg timestamp="20200207 12:29:40.735" level="INFO">${celldata} = demo3@gmail.com2</msg>
<status status="PASS" starttime="20200207 12:29:40.734" endtime="20200207 12:29:40.735"></status>
</kw>
<msg timestamp="20200207 12:29:40.735" level="INFO">${username} = demo3@gmail.com2</msg>
<status status="PASS" starttime="20200207 12:29:40.734" endtime="20200207 12:29:40.735"></status>
</kw>
<kw name="Leer celda" library="recursos">
<arguments>
<arg>Hoja1</arg>
<arg>${i}</arg>
<arg>3</arg>
</arguments>
<assign>
<var>${password}</var>
</assign>
<kw name="Cell Data" library="ReadData">
<arguments>
<arg>${hoja}</arg>
<arg>${fila}</arg>
<arg>${celda}</arg>
</arguments>
<assign>
<var>${celldata}</var>
</assign>
<msg timestamp="20200207 12:29:40.736" level="INFO">${celldata} = ert2</msg>
<status status="PASS" starttime="20200207 12:29:40.735" endtime="20200207 12:29:40.736"></status>
</kw>
<msg timestamp="20200207 12:29:40.736" level="INFO">${password} = ert2</msg>
<status status="PASS" starttime="20200207 12:29:40.735" endtime="20200207 12:29:40.736"></status>
</kw>
<kw name="Leer celda" library="recursos">
<arguments>
<arg>Hoja1</arg>
<arg>${i}</arg>
<arg>4</arg>
</arguments>
<assign>
<var>${confirmpass}</var>
</assign>
<kw name="Cell Data" library="ReadData">
<arguments>
<arg>${hoja}</arg>
<arg>${fila}</arg>
<arg>${celda}</arg>
</arguments>
<assign>
<var>${celldata}</var>
</assign>
<msg timestamp="20200207 12:29:40.737" level="INFO">${celldata} = ert2</msg>
<status status="PASS" starttime="20200207 12:29:40.737" endtime="20200207 12:29:40.737"></status>
</kw>
<msg timestamp="20200207 12:29:40.737" level="INFO">${confirmpass} = ert2</msg>
<status status="PASS" starttime="20200207 12:29:40.736" endtime="20200207 12:29:40.737"></status>
</kw>
<kw name="Leer celda" library="recursos">
<arguments>
<arg>Hoja1</arg>
<arg>${i}</arg>
<arg>5</arg>
</arguments>
<assign>
<var>${email}</var>
</assign>
<kw name="Cell Data" library="ReadData">
<arguments>
<arg>${hoja}</arg>
<arg>${fila}</arg>
<arg>${celda}</arg>
</arguments>
<assign>
<var>${celldata}</var>
</assign>
<msg timestamp="20200207 12:29:40.738" level="INFO">${celldata} = rodri@gmail.com7</msg>
<status status="PASS" starttime="20200207 12:29:40.737" endtime="20200207 12:29:40.738"></status>
</kw>
<msg timestamp="20200207 12:29:40.738" level="INFO">${email} = rodri@gmail.com7</msg>
<status status="PASS" starttime="20200207 12:29:40.737" endtime="20200207 12:29:40.738"></status>
</kw>
<kw name="Leer celda" library="recursos">
<arguments>
<arg>Hoja1</arg>
<arg>${i}</arg>
<arg>6</arg>
</arguments>
<assign>
<var>${confirmemail}</var>
</assign>
<kw name="Cell Data" library="ReadData">
<arguments>
<arg>${hoja}</arg>
<arg>${fila}</arg>
<arg>${celda}</arg>
</arguments>
<assign>
<var>${celldata}</var>
</assign>
<msg timestamp="20200207 12:29:40.739" level="INFO">${celldata} = rodri@gmail.com7</msg>
<status status="PASS" starttime="20200207 12:29:40.738" endtime="20200207 12:29:40.739"></status>
</kw>
<msg timestamp="20200207 12:29:40.739" level="INFO">${confirmemail} = rodri@gmail.com7</msg>
<status status="PASS" starttime="20200207 12:29:40.738" endtime="20200207 12:29:40.739"></status>
</kw>
<kw name="Texto" library="recursos">
<arguments>
<arg>(//input[@type='text'])[1]</arg>
<arg>${nombre}</arg>
</arguments>
<kw name="Input Text" library="SeleniumLibrary">
<doc>Types the given ``text`` into the text field identified by ``locator``.</doc>
<arguments>
<arg>xpath=${arg1}</arg>
<arg>${arg2}</arg>
</arguments>
<msg timestamp="20200207 12:29:40.740" level="INFO">Typing text 'rodrigo7' into text field 'xpath=(//input[@type='text'])[1]'.</msg>
<status status="PASS" starttime="20200207 12:29:40.740" endtime="20200207 12:29:40.875"></status>
</kw>
<status status="PASS" starttime="20200207 12:29:40.739" endtime="20200207 12:29:40.875"></status>
</kw>
<kw name="Texto" library="recursos">
<arguments>
<arg>(//input[@type='text'])[2]</arg>
<arg>${username}</arg>
</arguments>
<kw name="Input Text" library="SeleniumLibrary">
<doc>Types the given ``text`` into the text field identified by ``locator``.</doc>
<arguments>
<arg>xpath=${arg1}</arg>
<arg>${arg2}</arg>
</arguments>
<msg timestamp="20200207 12:29:40.875" level="INFO">Typing text 'demo3@gmail.com2' into text field 'xpath=(//input[@type='text'])[2]'.</msg>
<status status="PASS" starttime="20200207 12:29:40.875" endtime="20200207 12:29:40.997"></status>
</kw>
<status status="PASS" starttime="20200207 12:29:40.875" endtime="20200207 12:29:40.998"></status>
</kw>
<kw name="Texto" library="recursos">
<arguments>
<arg>(//input[@type='password'])[1]</arg>
<arg>${password}</arg>
</arguments>
<kw name="Input Text" library="SeleniumLibrary">
<doc>Types the given ``text`` into the text field identified by ``locator``.</doc>
<arguments>
<arg>xpath=${arg1}</arg>
<arg>${arg2}</arg>
</arguments>
<msg timestamp="20200207 12:29:40.999" level="INFO">Typing text 'ert2' into text field 'xpath=(//input[@type='password'])[1]'.</msg>
<status status="PASS" starttime="20200207 12:29:40.998" endtime="20200207 12:29:41.076"></status>
</kw>
<status status="PASS" starttime="20200207 12:29:40.998" endtime="20200207 12:29:41.076"></status>
</kw>
<kw name="Texto" library="recursos">
<arguments>
<arg>(//input[@type='password'])[2]</arg>
<arg>${confirmpass}</arg>
</arguments>
<kw name="Input Text" library="SeleniumLibrary">
<doc>Types the given ``text`` into the text field identified by ``locator``.</doc>
<arguments>
<arg>xpath=${arg1}</arg>
<arg>${arg2}</arg>
</arguments>
<msg timestamp="20200207 12:29:41.077" level="INFO">Typing text 'ert2' into text field 'xpath=(//input[@type='password'])[2]'.</msg>
<status status="PASS" starttime="20200207 12:29:41.077" endtime="20200207 12:29:41.154"></status>
</kw>
<status status="PASS" starttime="20200207 12:29:41.076" endtime="20200207 12:29:41.155"></status>
</kw>
<kw name="Texto" library="recursos">
<arguments>
<arg>(//input[@type='email'])[1]</arg>
<arg>${email}</arg>
</arguments>
<kw name="Input Text" library="SeleniumLibrary">
<doc>Types the given ``text`` into the text field identified by ``locator``.</doc>
<arguments>
<arg>xpath=${arg1}</arg>
<arg>${arg2}</arg>
</arguments>
<msg timestamp="20200207 12:29:41.155" level="INFO">Typing text 'rodri@gmail.com7' into text field 'xpath=(//input[@type='email'])[1]'.</msg>
<status status="PASS" starttime="20200207 12:29:41.155" endtime="20200207 12:29:41.274"></status>
</kw>
<status status="PASS" starttime="20200207 12:29:41.155" endtime="20200207 12:29:41.274"></status>
</kw>
<kw name="Texto" library="recursos">
<arguments>
<arg>(//input[@type='email'])[2]</arg>
<arg>${confirmemail}</arg>
</arguments>
<kw name="Input Text" library="SeleniumLibrary">
<doc>Types the given ``text`` into the text field identified by ``locator``.</doc>
<arguments>
<arg>xpath=${arg1}</arg>
<arg>${arg2}</arg>
</arguments>
<msg timestamp="20200207 12:29:41.274" level="INFO">Typing text 'rodri@gmail.com7' into text field 'xpath=(//input[@type='email'])[2]'.</msg>
<status status="PASS" starttime="20200207 12:29:41.274" endtime="20200207 12:29:41.398"></status>
</kw>
<status status="PASS" starttime="20200207 12:29:41.274" endtime="20200207 12:29:41.398"></status>
</kw>
<kw name="Click" library="recursos">
<arguments>
<arg>//a[contains(@title,'Cancel')]</arg>
</arguments>
<kw name="Click Element" library="SeleniumLibrary">
<doc>Click the element identified by ``locator``.</doc>
<arguments>
<arg>xpath=${arg1}</arg>
</arguments>
<msg timestamp="20200207 12:29:41.399" level="INFO">Clicking element 'xpath=//a[contains(@title,'Cancel')]'.</msg>
<status status="PASS" starttime="20200207 12:29:41.398" endtime="20200207 12:29:42.085"></status>
</kw>
<status status="PASS" starttime="20200207 12:29:41.398" endtime="20200207 12:29:42.086"></status>
</kw>
<status status="PASS" starttime="20200207 12:29:40.732" endtime="20200207 12:29:42.086"></status>
</kw>
<kw name="${i} = 8" type="foritem">
<kw name="Leer celda" library="recursos">
<arguments>
<arg>Hoja1</arg>
<arg>${i}</arg>
<arg>1</arg>
</arguments>
<assign>
<var>${nombre}</var>
</assign>
<kw name="Cell Data" library="ReadData">
<arguments>
<arg>${hoja}</arg>
<arg>${fila}</arg>
<arg>${celda}</arg>
</arguments>
<assign>
<var>${celldata}</var>
</assign>
<msg timestamp="20200207 12:29:42.087" level="INFO">${celldata} = rodrigo8</msg>
<status status="PASS" starttime="20200207 12:29:42.087" endtime="20200207 12:29:42.087"></status>
</kw>
<msg timestamp="20200207 12:29:42.088" level="INFO">${nombre} = rodrigo8</msg>
<status status="PASS" starttime="20200207 12:29:42.086" endtime="20200207 12:29:42.088"></status>
</kw>
<kw name="Leer celda" library="recursos">
<arguments>
<arg>Hoja1</arg>
<arg>${i}</arg>
<arg>2</arg>
</arguments>
<assign>
<var>${username}</var>
</assign>
<kw name="Cell Data" library="ReadData">
<arguments>
<arg>${hoja}</arg>
<arg>${fila}</arg>
<arg>${celda}</arg>
</arguments>
<assign>
<var>${celldata}</var>
</assign>
<msg timestamp="20200207 12:29:42.089" level="INFO">${celldata} = demo3@gmail.com3</msg>
<status status="PASS" starttime="20200207 12:29:42.088" endtime="20200207 12:29:42.089"></status>
</kw>
<msg timestamp="20200207 12:29:42.089" level="INFO">${username} = demo3@gmail.com3</msg>
<status status="PASS" starttime="20200207 12:29:42.088" endtime="20200207 12:29:42.089"></status>
</kw>
<kw name="Leer celda" library="recursos">
<arguments>
<arg>Hoja1</arg>
<arg>${i}</arg>
<arg>3</arg>
</arguments>
<assign>
<var>${password}</var>
</assign>
<kw name="Cell Data" library="ReadData">
<arguments>
<arg>${hoja}</arg>
<arg>${fila}</arg>
<arg>${celda}</arg>
</arguments>
<assign>
<var>${celldata}</var>
</assign>
<msg timestamp="20200207 12:29:42.090" level="INFO">${celldata} = ert3</msg>
<status status="PASS" starttime="20200207 12:29:42.090" endtime="20200207 12:29:42.090"></status>
</kw>
<msg timestamp="20200207 12:29:42.091" level="INFO">${password} = ert3</msg>
<status status="PASS" starttime="20200207 12:29:42.089" endtime="20200207 12:29:42.091"></status>
</kw>
<kw name="Leer celda" library="recursos">
<arguments>
<arg>Hoja1</arg>
<arg>${i}</arg>
<arg>4</arg>
</arguments>
<assign>
<var>${confirmpass}</var>
</assign>
<kw name="Cell Data" library="ReadData">
<arguments>
<arg>${hoja}</arg>
<arg>${fila}</arg>
<arg>${celda}</arg>
</arguments>
<assign>
<var>${celldata}</var>
</assign>
<msg timestamp="20200207 12:29:42.091" level="INFO">${celldata} = ert3</msg>
<status status="PASS" starttime="20200207 12:29:42.091" endtime="20200207 12:29:42.091"></status>
</kw>
<msg timestamp="20200207 12:29:42.092" level="INFO">${confirmpass} = ert3</msg>
<status status="PASS" starttime="20200207 12:29:42.091" endtime="20200207 12:29:42.092"></status>
</kw>
<kw name="Leer celda" library="recursos">
<arguments>
<arg>Hoja1</arg>
<arg>${i}</arg>
<arg>5</arg>
</arguments>
<assign>
<var>${email}</var>
</assign>
<kw name="Cell Data" library="ReadData">
<arguments>
<arg>${hoja}</arg>
<arg>${fila}</arg>
<arg>${celda}</arg>
</arguments>
<assign>
<var>${celldata}</var>
</assign>
<msg timestamp="20200207 12:29:42.092" level="INFO">${celldata} = rodri@gmail.com8</msg>
<status status="PASS" starttime="20200207 12:29:42.092" endtime="20200207 12:29:42.092"></status>
</kw>
<msg timestamp="20200207 12:29:42.092" level="INFO">${email} = rodri@gmail.com8</msg>
<status status="PASS" starttime="20200207 12:29:42.092" endtime="20200207 12:29:42.092"></status>
</kw>
<kw name="Leer celda" library="recursos">
<arguments>
<arg>Hoja1</arg>
<arg>${i}</arg>
<arg>6</arg>
</arguments>
<assign>
<var>${confirmemail}</var>
</assign>
<kw name="Cell Data" library="ReadData">
<arguments>
<arg>${hoja}</arg>
<arg>${fila}</arg>
<arg>${celda}</arg>
</arguments>
<assign>
<var>${celldata}</var>
</assign>
<msg timestamp="20200207 12:29:42.094" level="INFO">${celldata} = rodri@gmail.com8</msg>
<status status="PASS" starttime="20200207 12:29:42.093" endtime="20200207 12:29:42.094"></status>
</kw>
<msg timestamp="20200207 12:29:42.094" level="INFO">${confirmemail} = rodri@gmail.com8</msg>
<status status="PASS" starttime="20200207 12:29:42.093" endtime="20200207 12:29:42.094"></status>
</kw>
<kw name="Texto" library="recursos">
<arguments>
<arg>(//input[@type='text'])[1]</arg>
<arg>${nombre}</arg>
</arguments>
<kw name="Input Text" library="SeleniumLibrary">
<doc>Types the given ``text`` into the text field identified by ``locator``.</doc>
<arguments>
<arg>xpath=${arg1}</arg>
<arg>${arg2}</arg>
</arguments>
<msg timestamp="20200207 12:29:42.095" level="INFO">Typing text 'rodrigo8' into text field 'xpath=(//input[@type='text'])[1]'.</msg>
<status status="PASS" starttime="20200207 12:29:42.094" endtime="20200207 12:29:42.238"></status>
</kw>
<status status="PASS" starttime="20200207 12:29:42.094" endtime="20200207 12:29:42.238"></status>
</kw>
<kw name="Texto" library="recursos">
<arguments>
<arg>(//input[@type='text'])[2]</arg>
<arg>${username}</arg>
</arguments>
<kw name="Input Text" library="SeleniumLibrary">
<doc>Types the given ``text`` into the text field identified by ``locator``.</doc>
<arguments>
<arg>xpath=${arg1}</arg>
<arg>${arg2}</arg>
</arguments>
<msg timestamp="20200207 12:29:42.258" level="INFO">Typing text 'demo3@gmail.com3' into text field 'xpath=(//input[@type='text'])[2]'.</msg>
<status status="PASS" starttime="20200207 12:29:42.239" endtime="20200207 12:29:42.369"></status>
</kw>
<status status="PASS" starttime="20200207 12:29:42.239" endtime="20200207 12:29:42.369"></status>
</kw>
<kw name="Texto" library="recursos">
<arguments>
<arg>(//input[@type='password'])[1]</arg>
<arg>${password}</arg>
</arguments>
<kw name="Input Text" library="SeleniumLibrary">
<doc>Types the given ``text`` into the text field identified by ``locator``.</doc>
<arguments>
<arg>xpath=${arg1}</arg>
<arg>${arg2}</arg>
</arguments>
<msg timestamp="20200207 12:29:42.370" level="INFO">Typing text 'ert3' into text field 'xpath=(//input[@type='password'])[1]'.</msg>
<status status="PASS" starttime="20200207 12:29:42.370" endtime="20200207 12:29:42.449"></status>
</kw>
<status status="PASS" starttime="20200207 12:29:42.369" endtime="20200207 12:29:42.449"></status>
</kw>
<kw name="Texto" library="recursos">
<arguments>
<arg>(//input[@type='password'])[2]</arg>
<arg>${confirmpass}</arg>
</arguments>
<kw name="Input Text" library="SeleniumLibrary">
<doc>Types the given ``text`` into the text field identified by ``locator``.</doc>
<arguments>
<arg>xpath=${arg1}</arg>
<arg>${arg2}</arg>
</arguments>
<msg timestamp="20200207 12:29:42.450" level="INFO">Typing text 'ert3' into text field 'xpath=(//input[@type='password'])[2]'.</msg>
<status status="PASS" starttime="20200207 12:29:42.450" endtime="20200207 12:29:42.530"></status>
</kw>
<status status="PASS" starttime="20200207 12:29:42.449" endtime="20200207 12:29:42.530"></status>
</kw>
<kw name="Texto" library="recursos">
<arguments>
<arg>(//input[@type='email'])[1]</arg>
<arg>${email}</arg>
</arguments>
<kw name="Input Text" library="SeleniumLibrary">
<doc>Types the given ``text`` into the text field identified by ``locator``.</doc>
<arguments>
<arg>xpath=${arg1}</arg>
<arg>${arg2}</arg>
</arguments>
<msg timestamp="20200207 12:29:42.531" level="INFO">Typing text 'rodri@gmail.com8' into text field 'xpath=(//input[@type='email'])[1]'.</msg>
<status status="PASS" starttime="20200207 12:29:42.531" endtime="20200207 12:29:42.648"></status>
</kw>
<status status="PASS" starttime="20200207 12:29:42.530" endtime="20200207 12:29:42.648"></status>
</kw>
<kw name="Texto" library="recursos">
<arguments>
<arg>(//input[@type='email'])[2]</arg>
<arg>${confirmemail}</arg>
</arguments>
<kw name="Input Text" library="SeleniumLibrary">
<doc>Types the given ``text`` into the text field identified by ``locator``.</doc>
<arguments>
<arg>xpath=${arg1}</arg>
<arg>${arg2}</arg>
</arguments>
<msg timestamp="20200207 12:29:42.648" level="INFO">Typing text 'rodri@gmail.com8' into text field 'xpath=(//input[@type='email'])[2]'.</msg>
<status status="PASS" starttime="20200207 12:29:42.648" endtime="20200207 12:29:42.840"></status>
</kw>
<status status="PASS" starttime="20200207 12:29:42.648" endtime="20200207 12:29:42.840"></status>
</kw>
<kw name="Click" library="recursos">
<arguments>
<arg>//a[contains(@title,'Cancel')]</arg>
</arguments>
<kw name="Click Element" library="SeleniumLibrary">
<doc>Click the element identified by ``locator``.</doc>
<arguments>
<arg>xpath=${arg1}</arg>
</arguments>
<msg timestamp="20200207 12:29:42.840" level="INFO">Clicking element 'xpath=//a[contains(@title,'Cancel')]'.</msg>
<status status="PASS" starttime="20200207 12:29:42.840" endtime="20200207 12:29:43.497"></status>
</kw>
<status status="PASS" starttime="20200207 12:29:42.840" endtime="20200207 12:29:43.497"></status>
</kw>
<status status="PASS" starttime="20200207 12:29:42.086" endtime="20200207 12:29:43.497"></status>
</kw>
<kw name="${i} = 9" type="foritem">
<kw name="Leer celda" library="recursos">
<arguments>
<arg>Hoja1</arg>
<arg>${i}</arg>
<arg>1</arg>
</arguments>
<assign>
<var>${nombre}</var>
</assign>
<kw name="Cell Data" library="ReadData">
<arguments>
<arg>${hoja}</arg>
<arg>${fila}</arg>
<arg>${celda}</arg>
</arguments>
<assign>
<var>${celldata}</var>
</assign>
<msg timestamp="20200207 12:29:43.499" level="INFO">${celldata} = rodrigo9</msg>
<status status="PASS" starttime="20200207 12:29:43.498" endtime="20200207 12:29:43.499"></status>
</kw>
<msg timestamp="20200207 12:29:43.499" level="INFO">${nombre} = rodrigo9</msg>
<status status="PASS" starttime="20200207 12:29:43.498" endtime="20200207 12:29:43.499"></status>
</kw>
<kw name="Leer celda" library="recursos">
<arguments>
<arg>Hoja1</arg>
<arg>${i}</arg>
<arg>2</arg>
</arguments>
<assign>
<var>${username}</var>
</assign>
<kw name="Cell Data" library="ReadData">
<arguments>
<arg>${hoja}</arg>
<arg>${fila}</arg>
<arg>${celda}</arg>
</arguments>
<assign>
<var>${celldata}</var>
</assign>
<msg timestamp="20200207 12:29:43.499" level="INFO">${celldata} = demo3@gmail.com4</msg>
<status status="PASS" starttime="20200207 12:29:43.499" endtime="20200207 12:29:43.499"></status>
</kw>
<msg timestamp="20200207 12:29:43.500" level="INFO">${username} = demo3@gmail.com4</msg>
<status status="PASS" starttime="20200207 12:29:43.499" endtime="20200207 12:29:43.500"></status>
</kw>
<kw name="Leer celda" library="recursos">
<arguments>
<arg>Hoja1</arg>
<arg>${i}</arg>
<arg>3</arg>
</arguments>
<assign>
<var>${password}</var>
</assign>
<kw name="Cell Data" library="ReadData">
<arguments>
<arg>${hoja}</arg>
<arg>${fila}</arg>
<arg>${celda}</arg>
</arguments>
<assign>
<var>${celldata}</var>
</assign>
<msg timestamp="20200207 12:29:43.500" level="INFO">${celldata} = ert4</msg>
<status status="PASS" starttime="20200207 12:29:43.500" endtime="20200207 12:29:43.500"></status>
</kw>
<msg timestamp="20200207 12:29:43.501" level="INFO">${password} = ert4</msg>
<status status="PASS" starttime="20200207 12:29:43.500" endtime="20200207 12:29:43.501"></status>
</kw>
<kw name="Leer celda" library="recursos">
<arguments>
<arg>Hoja1</arg>
<arg>${i}</arg>
<arg>4</arg>
</arguments>
<assign>
<var>${confirmpass}</var>
</assign>
<kw name="Cell Data" library="ReadData">
<arguments>
<arg>${hoja}</arg>
<arg>${fila}</arg>
<arg>${celda}</arg>
</arguments>
<assign>
<var>${celldata}</var>
</assign>
<msg timestamp="20200207 12:29:43.502" level="INFO">${celldata} = ert4</msg>
<status status="PASS" starttime="20200207 12:29:43.501" endtime="20200207 12:29:43.502"></status>
</kw>
<msg timestamp="20200207 12:29:43.502" level="INFO">${confirmpass} = ert4</msg>
<status status="PASS" starttime="20200207 12:29:43.501" endtime="20200207 12:29:43.502"></status>
</kw>
<kw name="Leer celda" library="recursos">
<arguments>
<arg>Hoja1</arg>
<arg>${i}</arg>
<arg>5</arg>
</arguments>
<assign>
<var>${email}</var>
</assign>
<kw name="Cell Data" library="ReadData">
<arguments>
<arg>${hoja}</arg>
<arg>${fila}</arg>
<arg>${celda}</arg>
</arguments>
<assign>
<var>${celldata}</var>
</assign>
<msg timestamp="20200207 12:29:43.502" level="INFO">${celldata} = rodri@gmail.com9</msg>
<status status="PASS" starttime="20200207 12:29:43.502" endtime="20200207 12:29:43.502"></status>
</kw>
<msg timestamp="20200207 12:29:43.503" level="INFO">${email} = rodri@gmail.com9</msg>
<status status="PASS" starttime="20200207 12:29:43.502" endtime="20200207 12:29:43.503"></status>
</kw>
<kw name="Leer celda" library="recursos">
<arguments>
<arg>Hoja1</arg>
<arg>${i}</arg>
<arg>6</arg>
</arguments>
<assign>
<var>${confirmemail}</var>
</assign>
<kw name="Cell Data" library="ReadData">
<arguments>
<arg>${hoja}</arg>
<arg>${fila}</arg>
<arg>${celda}</arg>
</arguments>
<assign>
<var>${celldata}</var>
</assign>
<msg timestamp="20200207 12:29:43.504" level="INFO">${celldata} = rodri@gmail.com9</msg>
<status status="PASS" starttime="20200207 12:29:43.503" endtime="20200207 12:29:43.504"></status>
</kw>
<msg timestamp="20200207 12:29:43.504" level="INFO">${confirmemail} = rodri@gmail.com9</msg>
<status status="PASS" starttime="20200207 12:29:43.503" endtime="20200207 12:29:43.504"></status>
</kw>
<kw name="Texto" library="recursos">
<arguments>
<arg>(//input[@type='text'])[1]</arg>
<arg>${nombre}</arg>
</arguments>
<kw name="Input Text" library="SeleniumLibrary">
<doc>Types the given ``text`` into the text field identified by ``locator``.</doc>
<arguments>
<arg>xpath=${arg1}</arg>
<arg>${arg2}</arg>
</arguments>
<msg timestamp="20200207 12:29:43.505" level="INFO">Typing text 'rodrigo9' into text field 'xpath=(//input[@type='text'])[1]'.</msg>
<status status="PASS" starttime="20200207 12:29:43.504" endtime="20200207 12:29:43.646"></status>
</kw>
<status status="PASS" starttime="20200207 12:29:43.504" endtime="20200207 12:29:43.646"></status>
</kw>
<kw name="Texto" library="recursos">
<arguments>
<arg>(//input[@type='text'])[2]</arg>
<arg>${username}</arg>
</arguments>
<kw name="Input Text" library="SeleniumLibrary">
<doc>Types the given ``text`` into the text field identified by ``locator``.</doc>
<arguments>
<arg>xpath=${arg1}</arg>
<arg>${arg2}</arg>
</arguments>
<msg timestamp="20200207 12:29:43.646" level="INFO">Typing text 'demo3@gmail.com4' into text field 'xpath=(//input[@type='text'])[2]'.</msg>
<status status="PASS" starttime="20200207 12:29:43.646" endtime="20200207 12:29:43.766"></status>
</kw>
<status status="PASS" starttime="20200207 12:29:43.646" endtime="20200207 12:29:43.767"></status>
</kw>
<kw name="Texto" library="recursos">
<arguments>
<arg>(//input[@type='password'])[1]</arg>
<arg>${password}</arg>
</arguments>
[...]
<status status="PASS" starttime="20200207 12:30:07.176" endtime="20200207 12:30:07.831"></status>
</kw>
<status status="PASS" starttime="20200207 12:30:07.175" endtime="20200207 12:30:07.831"></status>
</kw>
<status status="PASS" starttime="20200207 12:30:06.514" endtime="20200207 12:30:07.831"></status>
</kw>
<kw name="${i} = 27" type="foritem">
<kw name="Leer celda" library="recursos">
<arguments>
<arg>Hoja1</arg>
<arg>${i}</arg>
<arg>1</arg>
</arguments>
<assign>
<var>${nombre}</var>
</assign>
<kw name="Cell Data" library="ReadData">
<arguments>
<arg>${hoja}</arg>
<arg>${fila}</arg>
<arg>${celda}</arg>
</arguments>
<assign>
<var>${celldata}</var>
</assign>
<msg timestamp="20200207 12:30:07.832" level="INFO">${celldata} = rodrigo27</msg>
<status status="PASS" starttime="20200207 12:30:07.832" endtime="20200207 12:30:07.832"></status>
</kw>
<msg timestamp="20200207 12:30:07.833" level="INFO">${nombre} = rodrigo27</msg>
<status status="PASS" starttime="20200207 12:30:07.832" endtime="20200207 12:30:07.833"></status>
</kw>
<kw name="Leer celda" library="recursos">
<arguments>
<arg>Hoja1</arg>
<arg>${i}</arg>
<arg>2</arg>
</arguments>
<assign>
<var>${username}</var>
</assign>
<kw name="Cell Data" library="ReadData">
<arguments>
<arg>${hoja}</arg>
<arg>${fila}</arg>
<arg>${celda}</arg>
</arguments>
<assign>
<var>${celldata}</var>
</assign>
<msg timestamp="20200207 12:30:07.833" level="INFO">${celldata} = demo3@gmail.com22</msg>
<status status="PASS" starttime="20200207 12:30:07.833" endtime="20200207 12:30:07.833"></status>
</kw>
<msg timestamp="20200207 12:30:07.833" level="INFO">${username} = demo3@gmail.com22</msg>
<status status="PASS" starttime="20200207 12:30:07.833" endtime="20200207 12:30:07.833"></status>
</kw>
<kw name="Leer celda" library="recursos">
<arguments>
<arg>Hoja1</arg>
<arg>${i}</arg>
<arg>3</arg>
</arguments>
<assign>
<var>${password}</var>
</assign>
<kw name="Cell Data" library="ReadData">
<arguments>
<arg>${hoja}</arg>
<arg>${fila}</arg>
<arg>${celda}</arg>
</arguments>
<assign>
<var>${celldata}</var>
</assign>
<msg timestamp="20200207 12:30:07.834" level="INFO">${celldata} = ert22</msg>
<status status="PASS" starttime="20200207 12:30:07.834" endtime="20200207 12:30:07.834"></status>
</kw>
<msg timestamp="20200207 12:30:07.835" level="INFO">${password} = ert22</msg>
<status status="PASS" starttime="20200207 12:30:07.834" endtime="20200207 12:30:07.835"></status>
</kw>
<kw name="Leer celda" library="recursos">
<arguments>
<arg>Hoja1</arg>
<arg>${i}</arg>
<arg>4</arg>
</arguments>
<assign>
<var>${confirmpass}</var>
</assign>
<kw name="Cell Data" library="ReadData">
<arguments>
<arg>${hoja}</arg>
<arg>${fila}</arg>
<arg>${celda}</arg>
</arguments>
<assign>
<var>${celldata}</var>
</assign>
<msg timestamp="20200207 12:30:07.836" level="INFO">${celldata} = ert22</msg>
<status status="PASS" starttime="20200207 12:30:07.835" endtime="20200207 12:30:07.836"></status>
</kw>
<msg timestamp="20200207 12:30:07.836" level="INFO">${confirmpass} = ert22</msg>
<status status="PASS" starttime="20200207 12:30:07.835" endtime="20200207 12:30:07.836"></status>
</kw>
<kw name="Leer celda" library="recursos">
<arguments>
<arg>Hoja1</arg>
<arg>${i}</arg>
<arg>5</arg>
</arguments>
<assign>
<var>${email}</var>
</assign>
<kw name="Cell Data" library="ReadData">
<arguments>
<arg>${hoja}</arg>
<arg>${fila}</arg>
<arg>${celda}</arg>
</arguments>
<assign>
<var>${celldata}</var>
</assign>
<msg timestamp="20200207 12:30:07.837" level="INFO">${celldata} = rodri@gmail.com27</msg>
<status status="PASS" starttime="20200207 12:30:07.837" endtime="20200207 12:30:07.837"></status>
</kw>
<msg timestamp="20200207 12:30:07.837" level="INFO">${email} = rodri@gmail.com27</msg>
<status status="PASS" starttime="20200207 12:30:07.836" endtime="20200207 12:30:07.837"></status>
</kw>
<kw name="Leer celda" library="recursos">
<arguments>
<arg>Hoja1</arg>
<arg>${i}</arg>
<arg>6</arg>
</arguments>
<assign>
<var>${confirmemail}</var>
</assign>
<kw name="Cell Data" library="ReadData">
<arguments>
<arg>${hoja}</arg>
<arg>${fila}</arg>
<arg>${celda}</arg>
</arguments>
<assign>
<var>${celldata}</var>
</assign>
<msg timestamp="20200207 12:30:07.839" level="INFO">${celldata} = rodri@gmail.com27</msg>
<status status="PASS" starttime="20200207 12:30:07.838" endtime="20200207 12:30:07.839"></status>
</kw>
<msg timestamp="20200207 12:30:07.839" level="INFO">${confirmemail} = rodri@gmail.com27</msg>
<status status="PASS" starttime="20200207 12:30:07.838" endtime="20200207 12:30:07.839"></status>
</kw>
<kw name="Texto" library="recursos">
<arguments>
<arg>(//input[@type='text'])[1]</arg>
<arg>${nombre}</arg>
</arguments>
<kw name="Input Text" library="SeleniumLibrary">
<doc>Types the given ``text`` into the text field identified by ``locator``.</doc>
<arguments>
<arg>xpath=${arg1}</arg>
<arg>${arg2}</arg>
</arguments>
<msg timestamp="20200207 12:30:07.840" level="INFO">Typing text 'rodrigo27' into text field 'xpath=(//input[@type='text'])[1]'.</msg>
<status status="PASS" starttime="20200207 12:30:07.840" endtime="20200207 12:30:07.994"></status>
</kw>
<status status="PASS" starttime="20200207 12:30:07.839" endtime="20200207 12:30:07.994"></status>
</kw>
<kw name="Texto" library="recursos">
<arguments>
<arg>(//input[@type='text'])[2]</arg>
<arg>${username}</arg>
</arguments>
<kw name="Input Text" library="SeleniumLibrary">
<doc>Types the given ``text`` into the text field identified by ``locator``.</doc>
<arguments>
<arg>xpath=${arg1}</arg>
<arg>${arg2}</arg>
</arguments>
<msg timestamp="20200207 12:30:07.995" level="INFO">Typing text 'demo3@gmail.com22' into text field 'xpath=(//input[@type='text'])[2]'.</msg>
<status status="PASS" starttime="20200207 12:30:07.994" endtime="20200207 12:30:08.124"></status>
</kw>
<status status="PASS" starttime="20200207 12:30:07.994" endtime="20200207 12:30:08.124"></status>
</kw>
<kw name="Texto" library="recursos">
<arguments>
<arg>(//input[@type='password'])[1]</arg>
<arg>${password}</arg>
</arguments>
<kw name="Input Text" library="SeleniumLibrary">
<doc>Types the given ``text`` into the text field identified by ``locator``.</doc>
<arguments>
<arg>xpath=${arg1}</arg>
<arg>${arg2}</arg>
</arguments>
<msg timestamp="20200207 12:30:08.125" level="INFO">Typing text 'ert22' into text field 'xpath=(//input[@type='password'])[1]'.</msg>
<status status="PASS" starttime="20200207 12:30:08.125" endtime="20200207 12:30:08.213"></status>
</kw>
<status status="PASS" starttime="20200207 12:30:08.124" endtime="20200207 12:30:08.213"></status>
</kw>
<kw name="Texto" library="recursos">
<arguments>
<arg>(//input[@type='password'])[2]</arg>
<arg>${confirmpass}</arg>
</arguments>
<kw name="Input Text" library="SeleniumLibrary">
<doc>Types the given ``text`` into the text field identified by ``locator``.</doc>
<arguments>
<arg>xpath=${arg1}</arg>
<arg>${arg2}</arg>
</arguments>
<msg timestamp="20200207 12:30:08.214" level="INFO">Typing text 'ert22' into text field 'xpath=(//input[@type='password'])[2]'.</msg>
<status status="PASS" starttime="20200207 12:30:08.213" endtime="20200207 12:30:08.286"></status>
</kw>
<status status="PASS" starttime="20200207 12:30:08.213" endtime="20200207 12:30:08.286"></status>
</kw>
<kw name="Texto" library="recursos">
<arguments>
<arg>(//input[@type='email'])[1]</arg>
<arg>${email}</arg>
</arguments>
<kw name="Input Text" library="SeleniumLibrary">
<doc>Types the given ``text`` into the text field identified by ``locator``.</doc>
<arguments>
<arg>xpath=${arg1}</arg>
<arg>${arg2}</arg>
</arguments>
<msg timestamp="20200207 12:30:08.287" level="INFO">Typing text 'rodri@gmail.com27' into text field 'xpath=(//input[@type='email'])[1]'.</msg>
<status status="PASS" starttime="20200207 12:30:08.286" endtime="20200207 12:30:08.395"></status>
</kw>
<status status="PASS" starttime="20200207 12:30:08.286" endtime="20200207 12:30:08.395"></status>
</kw>
<kw name="Texto" library="recursos">
<arguments>
<arg>(//input[@type='email'])[2]</arg>
<arg>${confirmemail}</arg>
</arguments>
<kw name="Input Text" library="SeleniumLibrary">
<doc>Types the given ``text`` into the text field identified by ``locator``.</doc>
<arguments>
<arg>xpath=${arg1}</arg>
<arg>${arg2}</arg>
</arguments>
<msg timestamp="20200207 12:30:08.395" level="INFO">Typing text 'rodri@gmail.com27' into text field 'xpath=(//input[@type='email'])[2]'.</msg>
<status status="PASS" starttime="20200207 12:30:08.395" endtime="20200207 12:30:08.513"></status>
</kw>
<status status="PASS" starttime="20200207 12:30:08.395" endtime="20200207 12:30:08.513"></status>
</kw>
<kw name="Click" library="recursos">
<arguments>
<arg>//a[contains(@title,'Cancel')]</arg>
</arguments>
<kw name="Click Element" library="SeleniumLibrary">
<doc>Click the element identified by ``locator``.</doc>
<arguments>
<arg>xpath=${arg1}</arg>
</arguments>
<msg timestamp="20200207 12:30:08.513" level="INFO">Clicking element 'xpath=//a[contains(@title,'Cancel')]'.</msg>
<status status="PASS" starttime="20200207 12:30:08.513" endtime="20200207 12:30:09.207"></status>
</kw>
<status status="PASS" starttime="20200207 12:30:08.513" endtime="20200207 12:30:09.207"></status>
</kw>
<status status="PASS" starttime="20200207 12:30:07.831" endtime="20200207 12:30:09.207"></status>
</kw>
<kw name="${i} = 28" type="foritem">
<kw name="Leer celda" library="recursos">
<arguments>
<arg>Hoja1</arg>
<arg>${i}</arg>
<arg>1</arg>
</arguments>
<assign>
<var>${nombre}</var>
</assign>
<kw name="Cell Data" library="ReadData">
<arguments>
<arg>${hoja}</arg>
<arg>${fila}</arg>
<arg>${celda}</arg>
</arguments>
<assign>
<var>${celldata}</var>
</assign>
<msg timestamp="20200207 12:30:09.208" level="INFO">${celldata} = rodrigo28</msg>
<status status="PASS" starttime="20200207 12:30:09.208" endtime="20200207 12:30:09.208"></status>
</kw>
<msg timestamp="20200207 12:30:09.209" level="INFO">${nombre} = rodrigo28</msg>
<status status="PASS" starttime="20200207 12:30:09.207" endtime="20200207 12:30:09.209"></status>
</kw>
<kw name="Leer celda" library="recursos">
<arguments>
<arg>Hoja1</arg>
<arg>${i}</arg>
<arg>2</arg>
</arguments>
<assign>
<var>${username}</var>
</assign>
<kw name="Cell Data" library="ReadData">
<arguments>
<arg>${hoja}</arg>
<arg>${fila}</arg>
<arg>${celda}</arg>
</arguments>
<assign>
<var>${celldata}</var>
</assign>
<msg timestamp="20200207 12:30:09.210" level="INFO">${celldata} = demo3@gmail.com23</msg>
<status status="PASS" starttime="20200207 12:30:09.209" endtime="20200207 12:30:09.210"></status>
</kw>
<msg timestamp="20200207 12:30:09.210" level="INFO">${username} = demo3@gmail.com23</msg>
<status status="PASS" starttime="20200207 12:30:09.209" endtime="20200207 12:30:09.210"></status>
</kw>
<kw name="Leer celda" library="recursos">
<arguments>
<arg>Hoja1</arg>
<arg>${i}</arg>
<arg>3</arg>
</arguments>
<assign>
<var>${password}</var>
</assign>
<kw name="Cell Data" library="ReadData">
<arguments>
<arg>${hoja}</arg>
<arg>${fila}</arg>
<arg>${celda}</arg>
</arguments>
<assign>
<var>${celldata}</var>
</assign>
<msg timestamp="20200207 12:30:09.211" level="INFO">${celldata} = ert23</msg>
<status status="PASS" starttime="20200207 12:30:09.210" endtime="20200207 12:30:09.211"></status>
</kw>
<msg timestamp="20200207 12:30:09.211" level="INFO">${password} = ert23</msg>
<status status="PASS" starttime="20200207 12:30:09.210" endtime="20200207 12:30:09.211"></status>
</kw>
<kw name="Leer celda" library="recursos">
<arguments>
<arg>Hoja1</arg>
<arg>${i}</arg>
<arg>4</arg>
</arguments>
<assign>
<var>${confirmpass}</var>
</assign>
<kw name="Cell Data" library="ReadData">
<arguments>
<arg>${hoja}</arg>
<arg>${fila}</arg>
<arg>${celda}</arg>
</arguments>
<assign>
<var>${celldata}</var>
</assign>
<msg timestamp="20200207 12:30:09.212" level="INFO">${celldata} = ert23</msg>
<status status="PASS" starttime="20200207 12:30:09.212" endtime="20200207 12:30:09.212"></status>
</kw>
<msg timestamp="20200207 12:30:09.212" level="INFO">${confirmpass} = ert23</msg>
<status status="PASS" starttime="20200207 12:30:09.211" endtime="20200207 12:30:09.212"></status>
</kw>
<kw name="Leer celda" library="recursos">
<arguments>
<arg>Hoja1</arg>
<arg>${i}</arg>
<arg>5</arg>
</arguments>
<assign>
<var>${email}</var>
</assign>
<kw name="Cell Data" library="ReadData">
<arguments>
<arg>${hoja}</arg>
<arg>${fila}</arg>
<arg>${celda}</arg>
</arguments>
<assign>
<var>${celldata}</var>
</assign>
<msg timestamp="20200207 12:30:09.213" level="INFO">${celldata} = rodri@gmail.com28</msg>
<status status="PASS" starttime="20200207 12:30:09.213" endtime="20200207 12:30:09.213"></status>
</kw>
<msg timestamp="20200207 12:30:09.214" level="INFO">${email} = rodri@gmail.com28</msg>
<status status="PASS" starttime="20200207 12:30:09.213" endtime="20200207 12:30:09.214"></status>
</kw>
<kw name="Leer celda" library="recursos">
<arguments>
<arg>Hoja1</arg>
<arg>${i}</arg>
<arg>6</arg>
</arguments>
<assign>
<var>${confirmemail}</var>
</assign>
<kw name="Cell Data" library="ReadData">
<arguments>
<arg>${hoja}</arg>
<arg>${fila}</arg>
<arg>${celda}</arg>
</arguments>
<assign>
<var>${celldata}</var>
</assign>
<msg timestamp="20200207 12:30:09.215" level="INFO">${celldata} = rodri@gmail.com28</msg>
<status status="PASS" starttime="20200207 12:30:09.214" endtime="20200207 12:30:09.215"></status>
</kw>
<msg timestamp="20200207 12:30:09.215" level="INFO">${confirmemail} = rodri@gmail.com28</msg>
<status status="PASS" starttime="20200207 12:30:09.214" endtime="20200207 12:30:09.215"></status>
</kw>
<kw name="Texto" library="recursos">
<arguments>
<arg>(//input[@type='text'])[1]</arg>
<arg>${nombre}</arg>
</arguments>
<kw name="Input Text" library="SeleniumLibrary">
<doc>Types the given ``text`` into the text field identified by ``locator``.</doc>
<arguments>
<arg>xpath=${arg1}</arg>
<arg>${arg2}</arg>
</arguments>
<msg timestamp="20200207 12:30:09.216" level="INFO">Typing text 'rodrigo28' into text field 'xpath=(//input[@type='text'])[1]'.</msg>
<status status="PASS" starttime="20200207 12:30:09.215" endtime="20200207 12:30:09.347"></status>
</kw>
<status status="PASS" starttime="20200207 12:30:09.215" endtime="20200207 12:30:09.347"></status>
</kw>
<kw name="Texto" library="recursos">
<arguments>
<arg>(//input[@type='text'])[2]</arg>
<arg>${username}</arg>
</arguments>
<kw name="Input Text" library="SeleniumLibrary">
<doc>Types the given ``text`` into the text field identified by ``locator``.</doc>
<arguments>
<arg>xpath=${arg1}</arg>
<arg>${arg2}</arg>
</arguments>
<msg timestamp="20200207 12:30:09.348" level="INFO">Typing text 'demo3@gmail.com23' into text field 'xpath=(//input[@type='text'])[2]'.</msg>
<status status="PASS" starttime="20200207 12:30:09.347" endtime="20200207 12:30:09.464"></status>
</kw>
<status status="PASS" starttime="20200207 12:30:09.347" endtime="20200207 12:30:09.464"></status>
</kw>
<kw name="Texto" library="recursos">
<arguments>
<arg>(//input[@type='password'])[1]</arg>
<arg>${password}</arg>
</arguments>
<kw name="Input Text" library="SeleniumLibrary">
<doc>Types the given ``text`` into the text field identified by ``locator``.</doc>
<arguments>
<arg>xpath=${arg1}</arg>
<arg>${arg2}</arg>
</arguments>
<msg timestamp="20200207 12:30:09.465" level="INFO">Typing text 'ert23' into text field 'xpath=(//input[@type='password'])[1]'.</msg>
<status status="PASS" starttime="20200207 12:30:09.465" endtime="20200207 12:30:09.534"></status>
</kw>
<status status="PASS" starttime="20200207 12:30:09.464" endtime="20200207 12:30:09.534"></status>
</kw>
<kw name="Texto" library="recursos">
<arguments>
<arg>(//input[@type='password'])[2]</arg>
<arg>${confirmpass}</arg>
</arguments>
<kw name="Input Text" library="SeleniumLibrary">
<doc>Types the given ``text`` into the text field identified by ``locator``.</doc>
<arguments>
<arg>xpath=${arg1}</arg>
<arg>${arg2}</arg>
</arguments>
<msg timestamp="20200207 12:30:09.534" level="INFO">Typing text 'ert23' into text field 'xpath=(//input[@type='password'])[2]'.</msg>
<status status="PASS" starttime="20200207 12:30:09.534" endtime="20200207 12:30:09.612"></status>
</kw>
<status status="PASS" starttime="20200207 12:30:09.534" endtime="20200207 12:30:09.612"></status>
</kw>
<kw name="Texto" library="recursos">
<arguments>
<arg>(//input[@type='email'])[1]</arg>
<arg>${email}</arg>
</arguments>
<kw name="Input Text" library="SeleniumLibrary">
<doc>Types the given ``text`` into the text field identified by ``locator``.</doc>
<arguments>
<arg>xpath=${arg1}</arg>
<arg>${arg2}</arg>
</arguments>
<msg timestamp="20200207 12:30:09.612" level="INFO">Typing text 'rodri@gmail.com28' into text field 'xpath=(//input[@type='email'])[1]'.</msg>
<status status="PASS" starttime="20200207 12:30:09.612" endtime="20200207 12:30:09.729"></status>
</kw>
<status status="PASS" starttime="20200207 12:30:09.612" endtime="20200207 12:30:09.729"></status>
</kw>
<kw name="Texto" library="recursos">
<arguments>
<arg>(//input[@type='email'])[2]</arg>
<arg>${confirmemail}</arg>
</arguments>
<kw name="Input Text" library="SeleniumLibrary">
<doc>Types the given ``text`` into the text field identified by ``locator``.</doc>
<arguments>
<arg>xpath=${arg1}</arg>
<arg>${arg2}</arg>
</arguments>
<msg timestamp="20200207 12:30:09.729" level="INFO">Typing text 'rodri@gmail.com28' into text field 'xpath=(//input[@type='email'])[2]'.</msg>
<status status="PASS" starttime="20200207 12:30:09.729" endtime="20200207 12:30:09.849"></status>
</kw>
<status status="PASS" starttime="20200207 12:30:09.729" endtime="20200207 12:30:09.849"></status>
</kw>
<kw name="Click" library="recursos">
<arguments>
<arg>//a[contains(@title,'Cancel')]</arg>
</arguments>
<kw name="Click Element" library="SeleniumLibrary">
<doc>Click the element identified by ``locator``.</doc>
<arguments>
<arg>xpath=${arg1}</arg>
</arguments>
<msg timestamp="20200207 12:30:09.850" level="INFO">Clicking element 'xpath=//a[contains(@title,'Cancel')]'.</msg>
<status status="PASS" starttime="20200207 12:30:09.850" endtime="20200207 12:30:10.513"></status>
</kw>
<status status="PASS" starttime="20200207 12:30:09.849" endtime="20200207 12:30:10.514"></status>
</kw>
<status status="PASS" starttime="20200207 12:30:09.207" endtime="20200207 12:30:10.514"></status>
</kw>
<status status="PASS" starttime="20200207 12:29:32.859" endtime="20200207 12:30:10.514"></status>
</kw>
<kw name="Cerrar setup" library="recursos" type="teardown">
<kw name="Cerrar Todos" library="recursos">
<kw name="Dormir" library="recursos">
<arguments>
<arg>.5</arg>
</arguments>
<kw name="Sleep" library="BuiltIn">
<doc>Pauses the test executed for the given time.</doc>
<arguments>
<arg>${arg1}</arg>
</arguments>
<msg timestamp="20200207 12:30:11.016" level="INFO">Slept 500 milliseconds</msg>
<status status="PASS" starttime="20200207 12:30:10.516" endtime="20200207 12:30:11.016"></status>
</kw>
<status status="PASS" starttime="20200207 12:30:10.515" endtime="20200207 12:30:11.016"></status>
</kw>
<kw name="Close All Browsers" library="SeleniumLibrary">
<doc>Closes all open browsers and resets the browser cache.</doc>
<status status="PASS" starttime="20200207 12:30:11.017" endtime="20200207 12:30:13.134"></status>
</kw>
<status status="PASS" starttime="20200207 12:30:10.515" endtime="20200207 12:30:13.134"></status>
</kw>
<status status="PASS" starttime="20200207 12:30:10.514" endtime="20200207 12:30:13.134"></status>
</kw>
<doc>Obtener valores de Excel DOS</doc>
<tags>
<tag>CasoUno</tag>
</tags>
<status status="PASS" starttime="20200207 12:29:23.221" endtime="20200207 12:30:13.135" critical="yes"></status>
</test>
<status status="PASS" starttime="20200207 12:29:22.401" endtime="20200207 12:30:13.139"></status>
</suite>
<statistics>
<total>
<stat pass="1" fail="0">Critical Tests</stat>
<stat pass="1" fail="0">All Tests</stat>
</total>
<tag>
<stat pass="1" fail="0">CasoUno</stat>
</tag>
<suite>
<stat pass="1" fail="0" id="s1" name="Excel3">Excel3</stat>
</suite>
</statistics>
<errors>
</errors>
</robot>
