<?xml version="1.0" encoding="UTF-8"?>
<robot generator="Robot 3.1.2 (Python 3.7.6 on win32)" generated="20200206 11:34:11.813" rpa="false">
<suite id="s1" name="Excel3" source="C:\Test_Jkins\Test\Excel3.robot">
<test id="s1-t1" name="TC001 Obtener valores de Excel">
<kw name="Abrir setup" library="recursos" type="setup">
<arguments>
<arg>${url}</arg>
<arg>chrome</arg>
</arguments>
<kw name="Abrir navegador" library="recursos">
<arguments>
<arg>${url}</arg>
<arg>${nav}</arg>
</arguments>
<kw name="Open Browser" library="SeleniumLibrary">
<doc>Opens a new browser instance to the optional ``url``.</doc>
<arguments>
<arg>${arg1}</arg>
<arg>${arg2}</arg>
</arguments>
<msg timestamp="20200206 11:34:12.624" level="INFO">Opening browser 'chrome' to base url 'https://thetestingworld.com/'.</msg>
<status status="PASS" starttime="20200206 11:34:12.624" endtime="20200206 11:34:18.746"></status>
</kw>
<status status="PASS" starttime="20200206 11:34:12.624" endtime="20200206 11:34:18.746"></status>
</kw>
<kw name="Maximizar" library="recursos">
<kw name="Maximize Browser Window" library="SeleniumLibrary">
<doc>Maximizes current browser window.</doc>
<status status="PASS" starttime="20200206 11:34:18.747" endtime="20200206 11:34:19.871"></status>
</kw>
<status status="PASS" starttime="20200206 11:34:18.746" endtime="20200206 11:34:19.871"></status>
</kw>
<status status="PASS" starttime="20200206 11:34:12.623" endtime="20200206 11:34:19.871"></status>
</kw>
<kw name="Click" library="recursos">
<arguments>
<arg>//a[@href='/index.php?option=com_users&amp;view=registration&amp;Itemid=588']</arg>
</arguments>
<kw name="Click Element" library="SeleniumLibrary">
<doc>Click the element identified by ``locator``.</doc>
<arguments>
<arg>xpath=${arg1}</arg>
</arguments>
<msg timestamp="20200206 11:34:19.872" level="INFO">Clicking element 'xpath=//a[@href='/index.php?option=com_users&amp;view=registration&amp;Itemid=588']'.</msg>
<status status="PASS" starttime="20200206 11:34:19.872" endtime="20200206 11:34:23.710"></status>
</kw>
<status status="PASS" starttime="20200206 11:34:19.871" endtime="20200206 11:34:23.711"></status>
</kw>
<kw name="Leer numero de filas" library="recursos">
<arguments>
<arg>Hoja1</arg>
</arguments>
<assign>
<var>${rows}</var>
</assign>
<kw name="Numero De Filas" library="ReadData">
<arguments>
<arg>${hoja}</arg>
</arguments>
<assign>
<var>${maxr}</var>
</assign>
<msg timestamp="20200206 11:34:23.712" level="INFO">${maxr} = 28</msg>
<status status="PASS" starttime="20200206 11:34:23.712" endtime="20200206 11:34:23.712"></status>
</kw>
<msg timestamp="20200206 11:34:23.713" level="INFO">${rows} = 28</msg>
<status status="PASS" starttime="20200206 11:34:23.711" endtime="20200206 11:34:23.713"></status>
</kw>
<kw name="${i} IN RANGE [ 1 | ${rows}+1 ]" type="for">
<kw name="${i} = 1" type="foritem">
<kw name="Leer celda" library="recursos">
<arguments>
<arg>Hoja1</arg>
<arg>${i}</arg>
<arg>1</arg>
</arguments>
<assign>
<var>${nombre}</var>
</assign>
<kw name="Cell Data" library="ReadData">
<arguments>
<arg>${hoja}</arg>
<arg>${fila}</arg>
<arg>${celda}</arg>
</arguments>
<assign>
<var>${celldata}</var>
</assign>
<msg timestamp="20200206 11:34:23.714" level="INFO">${celldata} = rodrigo1</msg>
<status status="PASS" starttime="20200206 11:34:23.714" endtime="20200206 11:34:23.714"></status>
</kw>
<msg timestamp="20200206 11:34:23.714" level="INFO">${nombre} = rodrigo1</msg>
<status status="PASS" starttime="20200206 11:34:23.713" endtime="20200206 11:34:23.714"></status>
</kw>
<kw name="Leer celda" library="recursos">
<arguments>
<arg>Hoja1</arg>
<arg>${i}</arg>
<arg>2</arg>
</arguments>
<assign>
<var>${username}</var>
</assign>
<kw name="Cell Data" library="ReadData">
<arguments>
<arg>${hoja}</arg>
<arg>${fila}</arg>
<arg>${celda}</arg>
</arguments>
<assign>
<var>${celldata}</var>
</assign>
<msg timestamp="20200206 11:34:23.715" level="INFO">${celldata} = admin@yourstore.com</msg>
<status status="PASS" starttime="20200206 11:34:23.715" endtime="20200206 11:34:23.715"></status>
</kw>
<msg timestamp="20200206 11:34:23.715" level="INFO">${username} = admin@yourstore.com</msg>
<status status="PASS" starttime="20200206 11:34:23.714" endtime="20200206 11:34:23.715"></status>
</kw>
<kw name="Leer celda" library="recursos">
<arguments>
<arg>Hoja1</arg>
<arg>${i}</arg>
<arg>3</arg>
</arguments>
<assign>
<var>${password}</var>
</assign>
<kw name="Cell Data" library="ReadData">
<arguments>
<arg>${hoja}</arg>
<arg>${fila}</arg>
<arg>${celda}</arg>
</arguments>
<assign>
<var>${celldata}</var>
</assign>
<msg timestamp="20200206 11:34:23.716" level="INFO">${celldata} = adm</msg>
<status status="PASS" starttime="20200206 11:34:23.716" endtime="20200206 11:34:23.716"></status>
</kw>
<msg timestamp="20200206 11:34:23.716" level="INFO">${password} = adm</msg>
<status status="PASS" starttime="20200206 11:34:23.715" endtime="20200206 11:34:23.716"></status>
</kw>
<kw name="Leer celda" library="recursos">
<arguments>
<arg>Hoja1</arg>
<arg>${i}</arg>
<arg>4</arg>
</arguments>
<assign>
<var>${confirmpass}</var>
</assign>
<kw name="Cell Data" library="ReadData">
<arguments>
<arg>${hoja}</arg>
<arg>${fila}</arg>
<arg>${celda}</arg>
</arguments>
<assign>
<var>${celldata}</var>
</assign>
<msg timestamp="20200206 11:34:23.717" level="INFO">${celldata} = adm</msg>
<status status="PASS" starttime="20200206 11:34:23.717" endtime="20200206 11:34:23.717"></status>
</kw>
<msg timestamp="20200206 11:34:23.717" level="INFO">${confirmpass} = adm</msg>
<status status="PASS" starttime="20200206 11:34:23.716" endtime="20200206 11:34:23.717"></status>
</kw>
<kw name="Leer celda" library="recursos">
<arguments>
<arg>Hoja1</arg>
<arg>${i}</arg>
<arg>5</arg>
</arguments>
<assign>
<var>${email}</var>
</assign>
<kw name="Cell Data" library="ReadData">
<arguments>
<arg>${hoja}</arg>
<arg>${fila}</arg>
<arg>${celda}</arg>
</arguments>
<assign>
<var>${celldata}</var>
</assign>
<msg timestamp="20200206 11:34:23.718" level="INFO">${celldata} = rodri@gmail.com1</msg>
<status status="PASS" starttime="20200206 11:34:23.718" endtime="20200206 11:34:23.718"></status>
</kw>
<msg timestamp="20200206 11:34:23.718" level="INFO">${email} = rodri@gmail.com1</msg>
<status status="PASS" starttime="20200206 11:34:23.717" endtime="20200206 11:34:23.718"></status>
</kw>
<kw name="Leer celda" library="recursos">
<arguments>
<arg>Hoja1</arg>
<arg>${i}</arg>
<arg>6</arg>
</arguments>
<assign>
<var>${confirmemail}</var>
</assign>
<kw name="Cell Data" library="ReadData">
<arguments>
<arg>${hoja}</arg>
<arg>${fila}</arg>
<arg>${celda}</arg>
</arguments>
<assign>
<var>${celldata}</var>
</assign>
<msg timestamp="20200206 11:34:23.719" level="INFO">${celldata} = rodri@gmail.com1</msg>
<status status="PASS" starttime="20200206 11:34:23.719" endtime="20200206 11:34:23.719"></status>
</kw>
<msg timestamp="20200206 11:34:23.719" level="INFO">${confirmemail} = rodri@gmail.com1</msg>
<status status="PASS" starttime="20200206 11:34:23.718" endtime="20200206 11:34:23.719"></status>
</kw>
<kw name="Texto" library="recursos">
<arguments>
<arg>(//input[@type='text'])[1]</arg>
<arg>${nombre}</arg>
</arguments>
<kw name="Input Text" library="SeleniumLibrary">
<doc>Types the given ``text`` into the text field identified by ``locator``.</doc>
<arguments>
<arg>xpath=${arg1}</arg>
<arg>${arg2}</arg>
</arguments>
<msg timestamp="20200206 11:34:23.720" level="INFO">Typing text 'rodrigo1' into text field 'xpath=(//input[@type='text'])[1]'.</msg>
<status status="PASS" starttime="20200206 11:34:23.719" endtime="20200206 11:34:23.845"></status>
</kw>
<status status="PASS" starttime="20200206 11:34:23.719" endtime="20200206 11:34:23.845"></status>
</kw>
<kw name="Texto" library="recursos">
<arguments>
<arg>(//input[@type='text'])[2]</arg>
<arg>${username}</arg>
</arguments>
<kw name="Input Text" library="SeleniumLibrary">
<doc>Types the given ``text`` into the text field identified by ``locator``.</doc>
<arguments>
<arg>xpath=${arg1}</arg>
<arg>${arg2}</arg>
</arguments>
<msg timestamp="20200206 11:34:23.846" level="INFO">Typing text 'admin@yourstore.com' into text field 'xpath=(//input[@type='text'])[2]'.</msg>
<status status="PASS" starttime="20200206 11:34:23.846" endtime="20200206 11:34:23.957"></status>
</kw>
<status status="PASS" starttime="20200206 11:34:23.845" endtime="20200206 11:34:23.958"></status>
</kw>
<kw name="Texto" library="recursos">
<arguments>
<arg>(//input[@type='password'])[1]</arg>
<arg>${password}</arg>
</arguments>
<kw name="Input Text" library="SeleniumLibrary">
<doc>Types the given ``text`` into the text field identified by ``locator``.</doc>
<arguments>
<arg>xpath=${arg1}</arg>
<arg>${arg2}</arg>
</arguments>
<msg timestamp="20200206 11:34:23.958" level="INFO">Typing text 'adm' into text field 'xpath=(//input[@type='password'])[1]'.</msg>
<status status="PASS" starttime="20200206 11:34:23.958" endtime="20200206 11:34:24.035"></status>
</kw>
<status status="PASS" starttime="20200206 11:34:23.958" endtime="20200206 11:34:24.035"></status>
</kw>
<kw name="Texto" library="recursos">
<arguments>
<arg>(//input[@type='password'])[2]</arg>
<arg>${confirmpass}</arg>
</arguments>
<kw name="Input Text" library="SeleniumLibrary">
<doc>Types the given ``text`` into the text field identified by ``locator``.</doc>
<arguments>
<arg>xpath=${arg1}</arg>
<arg>${arg2}</arg>
</arguments>
<msg timestamp="20200206 11:34:24.036" level="INFO">Typing text 'adm' into text field 'xpath=(//input[@type='password'])[2]'.</msg>
<status status="PASS" starttime="20200206 11:34:24.036" endtime="20200206 11:34:24.110"></status>
</kw>
<status status="PASS" starttime="20200206 11:34:24.035" endtime="20200206 11:34:24.110"></status>
</kw>
<kw name="Texto" library="recursos">
<arguments>
<arg>(//input[@type='email'])[1]</arg>
<arg>${email}</arg>
</arguments>
<kw name="Input Text" library="SeleniumLibrary">
<doc>Types the given ``text`` into the text field identified by ``locator``.</doc>
<arguments>
<arg>xpath=${arg1}</arg>
<arg>${arg2}</arg>
</arguments>
<msg timestamp="20200206 11:34:24.111" level="INFO">Typing text 'rodri@gmail.com1' into text field 'xpath=(//input[@type='email'])[1]'.</msg>
<status status="PASS" starttime="20200206 11:34:24.111" endtime="20200206 11:34:24.222"></status>
</kw>
<status status="PASS" starttime="20200206 11:34:24.110" endtime="20200206 11:34:24.222"></status>
</kw>
<kw name="Texto" library="recursos">
<arguments>
<arg>(//input[@type='email'])[2]</arg>
<arg>${confirmemail}</arg>
</arguments>
<kw name="Input Text" library="SeleniumLibrary">
<doc>Types the given ``text`` into the text field identified by ``locator``.</doc>
<arguments>
<arg>xpath=${arg1}</arg>
<arg>${arg2}</arg>
</arguments>
<msg timestamp="20200206 11:34:24.223" level="INFO">Typing text 'rodri@gmail.com1' into text field 'xpath=(//input[@type='email'])[2]'.</msg>
<status status="PASS" starttime="20200206 11:34:24.223" endtime="20200206 11:34:24.338"></status>
</kw>
<status status="PASS" starttime="20200206 11:34:24.222" endtime="20200206 11:34:24.338"></status>
</kw>
<kw name="Click" library="recursos">
<arguments>
<arg>//a[contains(@title,'Cancel')]</arg>
</arguments>
<kw name="Click Element" library="SeleniumLibrary">
<doc>Click the element identified by ``locator``.</doc>
<arguments>
<arg>xpath=${arg1}</arg>
</arguments>
<msg timestamp="20200206 11:34:24.339" level="INFO">Clicking element 'xpath=//a[contains(@title,'Cancel')]'.</msg>
<status status="PASS" starttime="20200206 11:34:24.338" endtime="20200206 11:34:25.107"></status>
</kw>
<status status="PASS" starttime="20200206 11:34:24.338" endtime="20200206 11:34:25.108"></status>
</kw>
<status status="PASS" starttime="20200206 11:34:23.713" endtime="20200206 11:34:25.108"></status>
</kw>
<kw name="${i} = 2" type="foritem">
<kw name="Leer celda" library="recursos">
<arguments>
<arg>Hoja1</arg>
<arg>${i}</arg>
<arg>1</arg>
</arguments>
<assign>
<var>${nombre}</var>
</assign>
<kw name="Cell Data" library="ReadData">
<arguments>
<arg>${hoja}</arg>
<arg>${fila}</arg>
<arg>${celda}</arg>
</arguments>
<assign>
<var>${celldata}</var>
</assign>
<msg timestamp="20200206 11:34:25.109" level="INFO">${celldata} = rodrigo2</msg>
<status status="PASS" starttime="20200206 11:34:25.108" endtime="20200206 11:34:25.109"></status>
</kw>
<msg timestamp="20200206 11:34:25.109" level="INFO">${nombre} = rodrigo2</msg>
<status status="PASS" starttime="20200206 11:34:25.108" endtime="20200206 11:34:25.109"></status>
</kw>
<kw name="Leer celda" library="recursos">
<arguments>
<arg>Hoja1</arg>
<arg>${i}</arg>
<arg>2</arg>
</arguments>
<assign>
<var>${username}</var>
</assign>
<kw name="Cell Data" library="ReadData">
<arguments>
<arg>${hoja}</arg>
<arg>${fila}</arg>
<arg>${celda}</arg>
</arguments>
<assign>
<var>${celldata}</var>
</assign>
<msg timestamp="20200206 11:34:25.109" level="INFO">${celldata} = adm@yourstore.com</msg>
<status status="PASS" starttime="20200206 11:34:25.109" endtime="20200206 11:34:25.109"></status>
</kw>
<msg timestamp="20200206 11:34:25.110" level="INFO">${username} = adm@yourstore.com</msg>
<status status="PASS" starttime="20200206 11:34:25.109" endtime="20200206 11:34:25.110"></status>
</kw>
<kw name="Leer celda" library="recursos">
<arguments>
<arg>Hoja1</arg>
<arg>${i}</arg>
<arg>3</arg>
</arguments>
<assign>
<var>${password}</var>
</assign>
<kw name="Cell Data" library="ReadData">
<arguments>
<arg>${hoja}</arg>
<arg>${fila}</arg>
<arg>${celda}</arg>
</arguments>
<assign>
<var>${celldata}</var>
</assign>
<msg timestamp="20200206 11:34:25.110" level="INFO">${celldata} = admin</msg>
<status status="PASS" starttime="20200206 11:34:25.110" endtime="20200206 11:34:25.111"></status>
</kw>
<msg timestamp="20200206 11:34:25.111" level="INFO">${password} = admin</msg>
<status status="PASS" starttime="20200206 11:34:25.110" endtime="20200206 11:34:25.111"></status>
</kw>
<kw name="Leer celda" library="recursos">
<arguments>
<arg>Hoja1</arg>
<arg>${i}</arg>
<arg>4</arg>
</arguments>
<assign>
<var>${confirmpass}</var>
</assign>
<kw name="Cell Data" library="ReadData">
<arguments>
<arg>${hoja}</arg>
<arg>${fila}</arg>
<arg>${celda}</arg>
</arguments>
<assign>
<var>${celldata}</var>
</assign>
<msg timestamp="20200206 11:34:25.112" level="INFO">${celldata} = admin</msg>
<status status="PASS" starttime="20200206 11:34:25.112" endtime="20200206 11:34:25.112"></status>
</kw>
<msg timestamp="20200206 11:34:25.112" level="INFO">${confirmpass} = admin</msg>
<status status="PASS" starttime="20200206 11:34:25.111" endtime="20200206 11:34:25.112"></status>
</kw>
<kw name="Leer celda" library="recursos">
<arguments>
<arg>Hoja1</arg>
<arg>${i}</arg>
<arg>5</arg>
</arguments>
<assign>
<var>${email}</var>
</assign>
<kw name="Cell Data" library="ReadData">
<arguments>
<arg>${hoja}</arg>
<arg>${fila}</arg>
<arg>${celda}</arg>
</arguments>
<assign>
<var>${celldata}</var>
</assign>
<msg timestamp="20200206 11:34:25.113" level="INFO">${celldata} = rodri@gmail.com2</msg>
<status status="PASS" starttime="20200206 11:34:25.113" endtime="20200206 11:34:25.113"></status>
</kw>
<msg timestamp="20200206 11:34:25.113" level="INFO">${email} = rodri@gmail.com2</msg>
<status status="PASS" starttime="20200206 11:34:25.112" endtime="20200206 11:34:25.113"></status>
</kw>
<kw name="Leer celda" library="recursos">
<arguments>
<arg>Hoja1</arg>
<arg>${i}</arg>
<arg>6</arg>
</arguments>
<assign>
<var>${confirmemail}</var>
</assign>
<kw name="Cell Data" library="ReadData">
<arguments>
<arg>${hoja}</arg>
<arg>${fila}</arg>
<arg>${celda}</arg>
</arguments>
<assign>
<var>${celldata}</var>
</assign>
<msg timestamp="20200206 11:34:25.114" level="INFO">${celldata} = rodri@gmail.com2</msg>
<status status="PASS" starttime="20200206 11:34:25.114" endtime="20200206 11:34:25.114"></status>
</kw>
<msg timestamp="20200206 11:34:25.114" level="INFO">${confirmemail} = rodri@gmail.com2</msg>
<status status="PASS" starttime="20200206 11:34:25.113" endtime="20200206 11:34:25.114"></status>
</kw>
<kw name="Texto" library="recursos">
<arguments>
<arg>(//input[@type='text'])[1]</arg>
<arg>${nombre}</arg>
</arguments>
<kw name="Input Text" library="SeleniumLibrary">
<doc>Types the given ``text`` into the text field identified by ``locator``.</doc>
<arguments>
<arg>xpath=${arg1}</arg>
<arg>${arg2}</arg>
</arguments>
<msg timestamp="20200206 11:34:25.116" level="INFO">Typing text 'rodrigo2' into text field 'xpath=(//input[@type='text'])[1]'.</msg>
<status status="PASS" starttime="20200206 11:34:25.115" endtime="20200206 11:34:25.271"></status>
</kw>
<status status="PASS" starttime="20200206 11:34:25.115" endtime="20200206 11:34:25.271"></status>
</kw>
<kw name="Texto" library="recursos">
<arguments>
<arg>(//input[@type='text'])[2]</arg>
<arg>${username}</arg>
</arguments>
<kw name="Input Text" library="SeleniumLibrary">
<doc>Types the given ``text`` into the text field identified by ``locator``.</doc>
<arguments>
<arg>xpath=${arg1}</arg>
<arg>${arg2}</arg>
</arguments>
<msg timestamp="20200206 11:34:25.272" level="INFO">Typing text 'adm@yourstore.com' into text field 'xpath=(//input[@type='text'])[2]'.</msg>
<status status="PASS" starttime="20200206 11:34:25.272" endtime="20200206 11:34:25.391"></status>
</kw>
<status status="PASS" starttime="20200206 11:34:25.271" endtime="20200206 11:34:25.391"></status>
</kw>
<kw name="Texto" library="recursos">
<arguments>
<arg>(//input[@type='password'])[1]</arg>
<arg>${password}</arg>
</arguments>
<kw name="Input Text" library="SeleniumLibrary">
<doc>Types the given ``text`` into the text field identified by ``locator``.</doc>
<arguments>
<arg>xpath=${arg1}</arg>
<arg>${arg2}</arg>
</arguments>
<msg timestamp="20200206 11:34:25.392" level="INFO">Typing text 'admin' into text field 'xpath=(//input[@type='password'])[1]'.</msg>
<status status="PASS" starttime="20200206 11:34:25.392" endtime="20200206 11:34:25.465"></status>
</kw>
<status status="PASS" starttime="20200206 11:34:25.391" endtime="20200206 11:34:25.465"></status>
</kw>
<kw name="Texto" library="recursos">
<arguments>
<arg>(//input[@type='password'])[2]</arg>
<arg>${confirmpass}</arg>
</arguments>
<kw name="Input Text" library="SeleniumLibrary">
<doc>Types the given ``text`` into the text field identified by ``locator``.</doc>
<arguments>
<arg>xpath=${arg1}</arg>
<arg>${arg2}</arg>
</arguments>
<msg timestamp="20200206 11:34:25.466" level="INFO">Typing text 'admin' into text field 'xpath=(//input[@type='password'])[2]'.</msg>
<status status="PASS" starttime="20200206 11:34:25.466" endtime="20200206 11:34:25.538"></status>
</kw>
<status status="PASS" starttime="20200206 11:34:25.465" endtime="20200206 11:34:25.538"></status>
</kw>
<kw name="Texto" library="recursos">
<arguments>
<arg>(//input[@type='email'])[1]</arg>
<arg>${email}</arg>
</arguments>
<kw name="Input Text" library="SeleniumLibrary">
<doc>Types the given ``text`` into the text field identified by ``locator``.</doc>
<arguments>
<arg>xpath=${arg1}</arg>
<arg>${arg2}</arg>
</arguments>
<msg timestamp="20200206 11:34:25.539" level="INFO">Typing text 'rodri@gmail.com2' into text field 'xpath=(//input[@type='email'])[1]'.</msg>
<status status="PASS" starttime="20200206 11:34:25.539" endtime="20200206 11:34:25.643"></status>
</kw>
<status status="PASS" starttime="20200206 11:34:25.539" endtime="20200206 11:34:25.643"></status>
</kw>
<kw name="Texto" library="recursos">
<arguments>
<arg>(//input[@type='email'])[2]</arg>
<arg>${confirmemail}</arg>
</arguments>
<kw name="Input Text" library="SeleniumLibrary">
<doc>Types the given ``text`` into the text field identified by ``locator``.</doc>
<arguments>
<arg>xpath=${arg1}</arg>
<arg>${arg2}</arg>
</arguments>
<msg timestamp="20200206 11:34:25.644" level="INFO">Typing text 'rodri@gmail.com2' into text field 'xpath=(//input[@type='email'])[2]'.</msg>
<status status="PASS" starttime="20200206 11:34:25.643" endtime="20200206 11:34:25.744"></status>
</kw>
<status status="PASS" starttime="20200206 11:34:25.643" endtime="20200206 11:34:25.744"></status>
</kw>
<kw name="Click" library="recursos">
<arguments>
<arg>//a[contains(@title,'Cancel')]</arg>
</arguments>
<kw name="Click Element" library="SeleniumLibrary">
<doc>Click the element identified by ``locator``.</doc>
<arguments>
<arg>xpath=${arg1}</arg>
</arguments>
<msg timestamp="20200206 11:34:25.744" level="INFO">Clicking element 'xpath=//a[contains(@title,'Cancel')]'.</msg>
<status status="PASS" starttime="20200206 11:34:25.744" endtime="20200206 11:34:26.488"></status>
</kw>
<status status="PASS" starttime="20200206 11:34:25.744" endtime="20200206 11:34:26.488"></status>
</kw>
<status status="PASS" starttime="20200206 11:34:25.108" endtime="20200206 11:34:26.488"></status>
</kw>
<kw name="${i} = 3" type="foritem">
<kw name="Leer celda" library="recursos">
<arguments>
<arg>Hoja1</arg>
<arg>${i}</arg>
<arg>1</arg>
</arguments>
<assign>
<var>${nombre}</var>
</assign>
<kw name="Cell Data" library="ReadData">
<arguments>
<arg>${hoja}</arg>
<arg>${fila}</arg>
<arg>${celda}</arg>
</arguments>
<assign>
<var>${celldata}</var>
</assign>
<msg timestamp="20200206 11:34:26.489" level="INFO">${celldata} = rodrigo3</msg>
<status status="PASS" starttime="20200206 11:34:26.489" endtime="20200206 11:34:26.490"></status>
</kw>
<msg timestamp="20200206 11:34:26.490" level="INFO">${nombre} = rodrigo3</msg>
<status status="PASS" starttime="20200206 11:34:26.488" endtime="20200206 11:34:26.490"></status>
</kw>
<kw name="Leer celda" library="recursos">
<arguments>
<arg>Hoja1</arg>
<arg>${i}</arg>
<arg>2</arg>
</arguments>
<assign>
<var>${username}</var>
</assign>
<kw name="Cell Data" library="ReadData">
<arguments>
<arg>${hoja}</arg>
<arg>${fila}</arg>
<arg>${celda}</arg>
</arguments>
<assign>
<var>${celldata}</var>
</assign>
<msg timestamp="20200206 11:34:26.491" level="INFO">${celldata} = adm@yourstore.com</msg>
<status status="PASS" starttime="20200206 11:34:26.490" endtime="20200206 11:34:26.491"></status>
</kw>
<msg timestamp="20200206 11:34:26.491" level="INFO">${username} = adm@yourstore.com</msg>
<status status="PASS" starttime="20200206 11:34:26.490" endtime="20200206 11:34:26.491"></status>
</kw>
<kw name="Leer celda" library="recursos">
<arguments>
<arg>Hoja1</arg>
<arg>${i}</arg>
<arg>3</arg>
</arguments>
<assign>
<var>${password}</var>
</assign>
<kw name="Cell Data" library="ReadData">
<arguments>
<arg>${hoja}</arg>
<arg>${fila}</arg>
<arg>${celda}</arg>
</arguments>
<assign>
<var>${celldata}</var>
</assign>
<msg timestamp="20200206 11:34:26.492" level="INFO">${celldata} = adm</msg>
<status status="PASS" starttime="20200206 11:34:26.492" endtime="20200206 11:34:26.492"></status>
</kw>
<msg timestamp="20200206 11:34:26.493" level="INFO">${password} = adm</msg>
<status status="PASS" starttime="20200206 11:34:26.491" endtime="20200206 11:34:26.493"></status>
</kw>
<kw name="Leer celda" library="recursos">
<arguments>
<arg>Hoja1</arg>
<arg>${i}</arg>
<arg>4</arg>
</arguments>
<assign>
<var>${confirmpass}</var>
</assign>
<kw name="Cell Data" library="ReadData">
<arguments>
<arg>${hoja}</arg>
<arg>${fila}</arg>
<arg>${celda}</arg>
</arguments>
<assign>
<var>${celldata}</var>
</assign>
<msg timestamp="20200206 11:34:26.494" level="INFO">${celldata} = adm</msg>
<status status="PASS" starttime="20200206 11:34:26.493" endtime="20200206 11:34:26.494"></status>
</kw>
<msg timestamp="20200206 11:34:26.494" level="INFO">${confirmpass} = adm</msg>
<status status="PASS" starttime="20200206 11:34:26.493" endtime="20200206 11:34:26.494"></status>
</kw>
<kw name="Leer celda" library="recursos">
<arguments>
<arg>Hoja1</arg>
<arg>${i}</arg>
<arg>5</arg>
</arguments>
<assign>
<var>${email}</var>
</assign>
<kw name="Cell Data" library="ReadData">
<arguments>
<arg>${hoja}</arg>
<arg>${fila}</arg>
<arg>${celda}</arg>
</arguments>
<assign>
<var>${celldata}</var>
</assign>
<msg timestamp="20200206 11:34:26.495" level="INFO">${celldata} = rodri@gmail.com3</msg>
<status status="PASS" starttime="20200206 11:34:26.495" endtime="20200206 11:34:26.495"></status>
</kw>
<msg timestamp="20200206 11:34:26.496" level="INFO">${email} = rodri@gmail.com3</msg>
<status status="PASS" starttime="20200206 11:34:26.494" endtime="20200206 11:34:26.496"></status>
</kw>
<kw name="Leer celda" library="recursos">
<arguments>
<arg>Hoja1</arg>
<arg>${i}</arg>
<arg>6</arg>
</arguments>
<assign>
<var>${confirmemail}</var>
</assign>
<kw name="Cell Data" library="ReadData">
<arguments>
<arg>${hoja}</arg>
<arg>${fila}</arg>
<arg>${celda}</arg>
</arguments>
<assign>
<var>${celldata}</var>
</assign>
<msg timestamp="20200206 11:34:26.497" level="INFO">${celldata} = rodri@gmail.com3</msg>
<status status="PASS" starttime="20200206 11:34:26.496" endtime="20200206 11:34:26.497"></status>
</kw>
<msg timestamp="20200206 11:34:26.497" level="INFO">${confirmemail} = rodri@gmail.com3</msg>
<status status="PASS" starttime="20200206 11:34:26.496" endtime="20200206 11:34:26.497"></status>
</kw>
<kw name="Texto" library="recursos">
<arguments>
<arg>(//input[@type='text'])[1]</arg>
<arg>${nombre}</arg>
</arguments>
<kw name="Input Text" library="SeleniumLibrary">
<doc>Types the given ``text`` into the text field identified by ``locator``.</doc>
<arguments>
<arg>xpath=${arg1}</arg>
<arg>${arg2}</arg>
</arguments>
<msg timestamp="20200206 11:34:26.498" level="INFO">Typing text 'rodrigo3' into text field 'xpath=(//input[@type='text'])[1]'.</msg>
<status status="PASS" starttime="20200206 11:34:26.498" endtime="20200206 11:34:26.634"></status>
</kw>
<status status="PASS" starttime="20200206 11:34:26.497" endtime="20200206 11:34:26.634"></status>
</kw>
<kw name="Texto" library="recursos">
<arguments>
<arg>(//input[@type='text'])[2]</arg>
<arg>${username}</arg>
</arguments>
<kw name="Input Text" library="SeleniumLibrary">
<doc>Types the given ``text`` into the text field identified by ``locator``.</doc>
<arguments>
<arg>xpath=${arg1}</arg>
<arg>${arg2}</arg>
</arguments>
<msg timestamp="20200206 11:34:26.634" level="INFO">Typing text 'adm@yourstore.com' into text field 'xpath=(//input[@type='text'])[2]'.</msg>
<status status="PASS" starttime="20200206 11:34:26.634" endtime="20200206 11:34:26.758"></status>
</kw>
<status status="PASS" starttime="20200206 11:34:26.634" endtime="20200206 11:34:26.758"></status>
</kw>
<kw name="Texto" library="recursos">
<arguments>
<arg>(//input[@type='password'])[1]</arg>
<arg>${password}</arg>
</arguments>
<kw name="Input Text" library="SeleniumLibrary">
<doc>Types the given ``text`` into the text field identified by ``locator``.</doc>
<arguments>
<arg>xpath=${arg1}</arg>
<arg>${arg2}</arg>
</arguments>
<msg timestamp="20200206 11:34:26.759" level="INFO">Typing text 'adm' into text field 'xpath=(//input[@type='password'])[1]'.</msg>
<status status="PASS" starttime="20200206 11:34:26.759" endtime="20200206 11:34:26.830"></status>
</kw>
<status status="PASS" starttime="20200206 11:34:26.759" endtime="20200206 11:34:26.830"></status>
</kw>
<kw name="Texto" library="recursos">
<arguments>
<arg>(//input[@type='password'])[2]</arg>
<arg>${confirmpass}</arg>
</arguments>
<kw name="Input Text" library="SeleniumLibrary">
<doc>Types the given ``text`` into the text field identified by ``locator``.</doc>
<arguments>
<arg>xpath=${arg1}</arg>
<arg>${arg2}</arg>
</arguments>
<msg timestamp="20200206 11:34:26.831" level="INFO">Typing text 'adm' into text field 'xpath=(//input[@type='password'])[2]'.</msg>
<status status="PASS" starttime="20200206 11:34:26.831" endtime="20200206 11:34:26.901"></status>
</kw>
<status status="PASS" starttime="20200206 11:34:26.830" endtime="20200206 11:34:26.901"></status>
</kw>
<kw name="Texto" library="recursos">
<arguments>
<arg>(//input[@type='email'])[1]</arg>
<arg>${email}</arg>
</arguments>
<kw name="Input Text" library="SeleniumLibrary">
<doc>Types the given ``text`` into the text field identified by ``locator``.</doc>
<arguments>
<arg>xpath=${arg1}</arg>
<arg>${arg2}</arg>
</arguments>
<msg timestamp="20200206 11:34:26.902" level="INFO">Typing text 'rodri@gmail.com3' into text field 'xpath=(//input[@type='email'])[1]'.</msg>
<status status="PASS" starttime="20200206 11:34:26.902" endtime="20200206 11:34:27.026"></status>
</kw>
<status status="PASS" starttime="20200206 11:34:26.901" endtime="20200206 11:34:27.026"></status>
</kw>
<kw name="Texto" library="recursos">
<arguments>
<arg>(//input[@type='email'])[2]</arg>
<arg>${confirmemail}</arg>
</arguments>
<kw name="Input Text" library="SeleniumLibrary">
<doc>Types the given ``text`` into the text field identified by ``locator``.</doc>
<arguments>
<arg>xpath=${arg1}</arg>
<arg>${arg2}</arg>
</arguments>
<msg timestamp="20200206 11:34:27.027" level="INFO">Typing text 'rodri@gmail.com3' into text field 'xpath=(//input[@type='email'])[2]'.</msg>
<status status="PASS" starttime="20200206 11:34:27.027" endtime="20200206 11:34:27.132"></status>
</kw>
<status status="PASS" starttime="20200206 11:34:27.026" endtime="20200206 11:34:27.132"></status>
</kw>
<kw name="Click" library="recursos">
<arguments>
<arg>//a[contains(@title,'Cancel')]</arg>
</arguments>
<kw name="Click Element" library="SeleniumLibrary">
<doc>Click the element identified by ``locator``.</doc>
<arguments>
<arg>xpath=${arg1}</arg>
</arguments>
<msg timestamp="20200206 11:34:27.133" level="INFO">Clicking element 'xpath=//a[contains(@title,'Cancel')]'.</msg>
<status status="PASS" starttime="20200206 11:34:27.132" endtime="20200206 11:34:27.914"></status>
</kw>
<status status="PASS" starttime="20200206 11:34:27.132" endtime="20200206 11:34:27.915"></status>
</kw>
<status status="PASS" starttime="20200206 11:34:26.488" endtime="20200206 11:34:27.915"></status>
</kw>
<kw name="${i} = 4" type="foritem">
<kw name="Leer celda" library="recursos">
<arguments>
<arg>Hoja1</arg>
<arg>${i}</arg>
<arg>1</arg>
</arguments>
<assign>
<var>${nombre}</var>
</assign>
<kw name="Cell Data" library="ReadData">
<arguments>
<arg>${hoja}</arg>
<arg>${fila}</arg>
<arg>${celda}</arg>
</arguments>
<assign>
<var>${celldata}</var>
</assign>
<msg timestamp="20200206 11:34:27.916" level="INFO">${celldata} = rodrigo4</msg>
<status status="PASS" starttime="20200206 11:34:27.915" endtime="20200206 11:34:27.916"></status>
</kw>
<msg timestamp="20200206 11:34:27.916" level="INFO">${nombre} = rodrigo4</msg>
<status status="PASS" starttime="20200206 11:34:27.915" endtime="20200206 11:34:27.916"></status>
</kw>
<kw name="Leer celda" library="recursos">
<arguments>
<arg>Hoja1</arg>
<arg>${i}</arg>
<arg>2</arg>
</arguments>
<assign>
<var>${username}</var>
</assign>
<kw name="Cell Data" library="ReadData">
<arguments>
<arg>${hoja}</arg>
<arg>${fila}</arg>
<arg>${celda}</arg>
</arguments>
<assign>
<var>${celldata}</var>
</assign>
<msg timestamp="20200206 11:34:27.917" level="INFO">${celldata} = demo@gmail.com</msg>
<status status="PASS" starttime="20200206 11:34:27.917" endtime="20200206 11:34:27.917"></status>
</kw>
<msg timestamp="20200206 11:34:27.917" level="INFO">${username} = demo@gmail.com</msg>
<status status="PASS" starttime="20200206 11:34:27.916" endtime="20200206 11:34:27.917"></status>
</kw>
<kw name="Leer celda" library="recursos">
<arguments>
<arg>Hoja1</arg>
<arg>${i}</arg>
<arg>3</arg>
</arguments>
<assign>
<var>${password}</var>
</assign>
<kw name="Cell Data" library="ReadData">
<arguments>
<arg>${hoja}</arg>
<arg>${fila}</arg>
<arg>${celda}</arg>
</arguments>
<assign>
<var>${celldata}</var>
</assign>
<msg timestamp="20200206 11:34:27.918" level="INFO">${celldata} = dem</msg>
<status status="PASS" starttime="20200206 11:34:27.918" endtime="20200206 11:34:27.918"></status>
</kw>
<msg timestamp="20200206 11:34:27.918" level="INFO">${password} = dem</msg>
<status status="PASS" starttime="20200206 11:34:27.917" endtime="20200206 11:34:27.918"></status>
</kw>
<kw name="Leer celda" library="recursos">
<arguments>
<arg>Hoja1</arg>
<arg>${i}</arg>
<arg>4</arg>
</arguments>
<assign>
<var>${confirmpass}</var>
</assign>
<kw name="Cell Data" library="ReadData">
<arguments>
<arg>${hoja}</arg>
<arg>${fila}</arg>
<arg>${celda}</arg>
</arguments>
<assign>
<var>${celldata}</var>
</assign>
<msg timestamp="20200206 11:34:27.920" level="INFO">${celldata} = dem</msg>
<status status="PASS" starttime="20200206 11:34:27.919" endtime="20200206 11:34:27.920"></status>
</kw>
<msg timestamp="20200206 11:34:27.920" level="INFO">${confirmpass} = dem</msg>
<status status="PASS" starttime="20200206 11:34:27.919" endtime="20200206 11:34:27.920"></status>
</kw>
<kw name="Leer celda" library="recursos">
<arguments>
<arg>Hoja1</arg>
<arg>${i}</arg>
<arg>5</arg>
</arguments>
<assign>
<var>${email}</var>
</assign>
<kw name="Cell Data" library="ReadData">
<arguments>
<arg>${hoja}</arg>
<arg>${fila}</arg>
<arg>${celda}</arg>
</arguments>
<assign>
<var>${celldata}</var>
</assign>
<msg timestamp="20200206 11:34:27.921" level="INFO">${celldata} = rodri@gmail.com4</msg>
<status status="PASS" starttime="20200206 11:34:27.920" endtime="20200206 11:34:27.921"></status>
</kw>
<msg timestamp="20200206 11:34:27.921" level="INFO">${email} = rodri@gmail.com4</msg>
<status status="PASS" starttime="20200206 11:34:27.920" endtime="20200206 11:34:27.921"></status>
</kw>
<kw name="Leer celda" library="recursos">
<arguments>
<arg>Hoja1</arg>
<arg>${i}</arg>
<arg>6</arg>
</arguments>
<assign>
<var>${confirmemail}</var>
</assign>
<kw name="Cell Data" library="ReadData">
<arguments>
<arg>${hoja}</arg>
<arg>${fila}</arg>
<arg>${celda}</arg>
</arguments>
<assign>
<var>${celldata}</var>
</assign>
<msg timestamp="20200206 11:34:27.922" level="INFO">${celldata} = rodri@gmail.com4</msg>
<status status="PASS" starttime="20200206 11:34:27.921" endtime="20200206 11:34:27.922"></status>
</kw>
<msg timestamp="20200206 11:34:27.922" level="INFO">${confirmemail} = rodri@gmail.com4</msg>
<status status="PASS" starttime="20200206 11:34:27.921" endtime="20200206 11:34:27.922"></status>
</kw>
<kw name="Texto" library="recursos">
<arguments>
<arg>(//input[@type='text'])[1]</arg>
<arg>${nombre}</arg>
</arguments>
<kw name="Input Text" library="SeleniumLibrary">
<doc>Types the given ``text`` into the text field identified by ``locator``.</doc>
<arguments>
<arg>xpath=${arg1}</arg>
<arg>${arg2}</arg>
</arguments>
<msg timestamp="20200206 11:34:27.923" level="INFO">Typing text 'rodrigo4' into text field 'xpath=(//input[@type='text'])[1]'.</msg>
<status status="PASS" starttime="20200206 11:34:27.922" endtime="20200206 11:34:28.079"></status>
</kw>
<status status="PASS" starttime="20200206 11:34:27.922" endtime="20200206 11:34:28.079"></status>
</kw>
<kw name="Texto" library="recursos">
<arguments>
<arg>(//input[@type='text'])[2]</arg>
<arg>${username}</arg>
</arguments>
<kw name="Input Text" library="SeleniumLibrary">
<doc>Types the given ``text`` into the text field identified by ``locator``.</doc>
<arguments>
<arg>xpath=${arg1}</arg>
<arg>${arg2}</arg>
</arguments>
<msg timestamp="20200206 11:34:28.080" level="INFO">Typing text 'demo@gmail.com' into text field 'xpath=(//input[@type='text'])[2]'.</msg>
<status status="PASS" starttime="20200206 11:34:28.080" endtime="20200206 11:34:28.182"></status>
</kw>
<status status="PASS" starttime="20200206 11:34:28.079" endtime="20200206 11:34:28.182"></status>
</kw>
<kw name="Texto" library="recursos">
<arguments>
<arg>(//input[@type='password'])[1]</arg>
<arg>${password}</arg>
</arguments>
<kw name="Input Text" library="SeleniumLibrary">
<doc>Types the given ``text`` into the text field identified by ``locator``.</doc>
<arguments>
<arg>xpath=${arg1}</arg>
<arg>${arg2}</arg>
</arguments>
<msg timestamp="20200206 11:34:28.183" level="INFO">Typing text 'dem' into text field 'xpath=(//input[@type='password'])[1]'.</msg>
<status status="PASS" starttime="20200206 11:34:28.183" endtime="20200206 11:34:28.256"></status>
</kw>
<status status="PASS" starttime="20200206 11:34:28.182" endtime="20200206 11:34:28.257"></status>
</kw>
<kw name="Texto" library="recursos">
<arguments>
<arg>(//input[@type='password'])[2]</arg>
<arg>${confirmpass}</arg>
</arguments>
<kw name="Input Text" library="SeleniumLibrary">
<doc>Types the given ``text`` into the text field identified by ``locator``.</doc>
<arguments>
<arg>xpath=${arg1}</arg>
<arg>${arg2}</arg>
</arguments>
<msg timestamp="20200206 11:34:28.257" level="INFO">Typing text 'dem' into text field 'xpath=(//input[@type='password'])[2]'.</msg>
<status status="PASS" starttime="20200206 11:34:28.257" endtime="20200206 11:34:28.326"></status>
</kw>
<status status="PASS" starttime="20200206 11:34:28.257" endtime="20200206 11:34:28.326"></status>
</kw>
<kw name="Texto" library="recursos">
<arguments>
<arg>(//input[@type='email'])[1]</arg>
<arg>${email}</arg>
</arguments>
<kw name="Input Text" library="SeleniumLibrary">
<doc>Types the given ``text`` into the text field identified by ``locator``.</doc>
<arguments>
<arg>xpath=${arg1}</arg>
<arg>${arg2}</arg>
</arguments>
<msg timestamp="20200206 11:34:28.327" level="INFO">Typing text 'rodri@gmail.com4' into text field 'xpath=(//input[@type='email'])[1]'.</msg>
<status status="PASS" starttime="20200206 11:34:28.327" endtime="20200206 11:34:28.430"></status>
</kw>
<status status="PASS" starttime="20200206 11:34:28.326" endtime="20200206 11:34:28.430"></status>
</kw>
<kw name="Texto" library="recursos">
<arguments>
<arg>(//input[@type='email'])[2]</arg>
<arg>${confirmemail}</arg>
</arguments>
<kw name="Input Text" library="SeleniumLibrary">
<doc>Types the given ``text`` into the text field identified by ``locator``.</doc>
<arguments>
<arg>xpath=${arg1}</arg>
<arg>${arg2}</arg>
</arguments>
<msg timestamp="20200206 11:34:28.431" level="INFO">Typing text 'rodri@gmail.com4' into text field 'xpath=(//input[@type='email'])[2]'.</msg>
<status status="PASS" starttime="20200206 11:34:28.430" endtime="20200206 11:34:28.528"></status>
</kw>
<status status="PASS" starttime="20200206 11:34:28.430" endtime="20200206 11:34:28.529"></status>
</kw>
<kw name="Click" library="recursos">
<arguments>
<arg>//a[contains(@title,'Cancel')]</arg>
</arguments>
<kw name="Click Element" library="SeleniumLibrary">
<doc>Click the element identified by ``locator``.</doc>
<arguments>
<arg>xpath=${arg1}</arg>
</arguments>
<msg timestamp="20200206 11:34:28.529" level="INFO">Clicking element 'xpath=//a[contains(@title,'Cancel')]'.</msg>
<status status="PASS" starttime="20200206 11:34:28.529" endtime="20200206 11:34:29.275"></status>
</kw>
<status status="PASS" starttime="20200206 11:34:28.529" endtime="20200206 11:34:29.275"></status>
</kw>
<status status="PASS" starttime="20200206 11:34:27.915" endtime="20200206 11:34:29.275"></status>
</kw>
<kw name="${i} = 5" type="foritem">
<kw name="Leer celda" library="recursos">
<arguments>
<arg>Hoja1</arg>
<arg>${i}</arg>
<arg>1</arg>
</arguments>
<assign>
<var>${nombre}</var>
</assign>
<kw name="Cell Data" library="ReadData">
<arguments>
<arg>${hoja}</arg>
<arg>${fila}</arg>
<arg>${celda}</arg>
</arguments>
<assign>
<var>${celldata}</var>
</assign>
<msg timestamp="20200206 11:34:29.276" level="INFO">${celldata} = rodrigo5</msg>
<status status="PASS" starttime="20200206 11:34:29.276" endtime="20200206 11:34:29.276"></status>
</kw>
<msg timestamp="20200206 11:34:29.276" level="INFO">${nombre} = rodrigo5</msg>
<status status="PASS" starttime="20200206 11:34:29.276" endtime="20200206 11:34:29.277"></status>
</kw>
<kw name="Leer celda" library="recursos">
<arguments>
<arg>Hoja1</arg>
<arg>${i}</arg>
<arg>2</arg>
</arguments>
<assign>
<var>${username}</var>
</assign>
<kw name="Cell Data" library="ReadData">
<arguments>
<arg>${hoja}</arg>
<arg>${fila}</arg>
<arg>${celda}</arg>
</arguments>
<assign>
<var>${celldata}</var>
</assign>
<msg timestamp="20200206 11:34:29.278" level="INFO">${celldata} = demo2@gmail.com</msg>
<status status="PASS" starttime="20200206 11:34:29.277" endtime="20200206 11:34:29.278"></status>
</kw>
<msg timestamp="20200206 11:34:29.278" level="INFO">${username} = demo2@gmail.com</msg>
<status status="PASS" starttime="20200206 11:34:29.277" endtime="20200206 11:34:29.278"></status>
</kw>
<kw name="Leer celda" library="recursos">
<arguments>
<arg>Hoja1</arg>
<arg>${i}</arg>
<arg>3</arg>
</arguments>
<assign>
<var>${password}</var>
</assign>
<kw name="Cell Data" library="ReadData">
<arguments>
<arg>${hoja}</arg>
<arg>${fila}</arg>
<arg>${celda}</arg>
</arguments>
<assign>
<var>${celldata}</var>
</assign>
<msg timestamp="20200206 11:34:29.279" level="INFO">${celldata} = deo</msg>
<status status="PASS" starttime="20200206 11:34:29.279" endtime="20200206 11:34:29.279"></status>
</kw>
<msg timestamp="20200206 11:34:29.280" level="INFO">${password} = deo</msg>
<status status="PASS" starttime="20200206 11:34:29.278" endtime="20200206 11:34:29.280"></status>
</kw>
<kw name="Leer celda" library="recursos">
<arguments>
<arg>Hoja1</arg>
<arg>${i}</arg>
<arg>4</arg>
</arguments>
<assign>
<var>${confirmpass}</var>
</assign>
<kw name="Cell Data" library="ReadData">
<arguments>
<arg>${hoja}</arg>
<arg>${fila}</arg>
<arg>${celda}</arg>
</arguments>
<assign>
<var>${celldata}</var>
</assign>
<msg timestamp="20200206 11:34:29.281" level="INFO">${celldata} = deo</msg>
<status status="PASS" starttime="20200206 11:34:29.280" endtime="20200206 11:34:29.281"></status>
</kw>
<msg timestamp="20200206 11:34:29.281" level="INFO">${confirmpass} = deo</msg>
<status status="PASS" starttime="20200206 11:34:29.280" endtime="20200206 11:34:29.281"></status>
</kw>
<kw name="Leer celda" library="recursos">
<arguments>
<arg>Hoja1</arg>
<arg>${i}</arg>
<arg>5</arg>
</arguments>
<assign>
<var>${email}</var>
</assign>
<kw name="Cell Data" library="ReadData">
<arguments>
<arg>${hoja}</arg>
<arg>${fila}</arg>
<arg>${celda}</arg>
</arguments>
<assign>
<var>${celldata}</var>
</assign>
<msg timestamp="20200206 11:34:29.282" level="INFO">${celldata} = rodri@gmail.com5</msg>
<status status="PASS" starttime="20200206 11:34:29.281" endtime="20200206 11:34:29.282"></status>
</kw>
<msg timestamp="20200206 11:34:29.282" level="INFO">${email} = rodri@gmail.com5</msg>
<status status="PASS" starttime="20200206 11:34:29.281" endtime="20200206 11:34:29.282"></status>
</kw>
<kw name="Leer celda" library="recursos">
<arguments>
<arg>Hoja1</arg>
<arg>${i}</arg>
<arg>6</arg>
</arguments>
<assign>
<var>${confirmemail}</var>
</assign>
<kw name="Cell Data" library="ReadData">
<arguments>
<arg>${hoja}</arg>
<arg>${fila}</arg>
<arg>${celda}</arg>
</arguments>
<assign>
<var>${celldata}</var>
</assign>
<msg timestamp="20200206 11:34:29.283" level="INFO">${celldata} = rodri@gmail.com5</msg>
<status status="PASS" starttime="20200206 11:34:29.283" endtime="20200206 11:34:29.283"></status>
</kw>
<msg timestamp="20200206 11:34:29.283" level="INFO">${confirmemail} = rodri@gmail.com5</msg>
<status status="PASS" starttime="20200206 11:34:29.282" endtime="20200206 11:34:29.283"></status>
</kw>
<kw name="Texto" library="recursos">
<arguments>
<arg>(//input[@type='text'])[1]</arg>
<arg>${nombre}</arg>
</arguments>
<kw name="Input Text" library="SeleniumLibrary">
<doc>Types the given ``text`` into the text field identified by ``locator``.</doc>
<arguments>
<arg>xpath=${arg1}</arg>
<arg>${arg2}</arg>
</arguments>
<msg timestamp="20200206 11:34:29.284" level="INFO">Typing text 'rodrigo5' into text field 'xpath=(//input[@type='text'])[1]'.</msg>
<status status="PASS" starttime="20200206 11:34:29.284" endtime="20200206 11:34:29.422"></status>
</kw>
<status status="PASS" starttime="20200206 11:34:29.283" endtime="20200206 11:34:29.423"></status>
</kw>
<kw name="Texto" library="recursos">
<arguments>
<arg>(//input[@type='text'])[2]</arg>
<arg>${username}</arg>
</arguments>
<kw name="Input Text" library="SeleniumLibrary">
<doc>Types the given ``text`` into the text field identified by ``locator``.</doc>
<arguments>
<arg>xpath=${arg1}</arg>
<arg>${arg2}</arg>
</arguments>
<msg timestamp="20200206 11:34:29.423" level="INFO">Typing text 'demo2@gmail.com' into text field 'xpath=(//input[@type='text'])[2]'.</msg>
<status status="PASS" starttime="20200206 11:34:29.423" endtime="20200206 11:34:29.532"></status>
</kw>
<status status="PASS" starttime="20200206 11:34:29.423" endtime="20200206 11:34:29.532"></status>
</kw>
<kw name="Texto" library="recursos">
<arguments>
<arg>(//input[@type='password'])[1]</arg>
<arg>${password}</arg>
</arguments>
<kw name="Input Text" library="SeleniumLibrary">
<doc>Types the given ``text`` into the text field identified by ``locator``.</doc>
<arguments>
<arg>xpath=${arg1}</arg>
<arg>${arg2}</arg>
</arguments>
<msg timestamp="20200206 11:34:29.533" level="INFO">Typing text 'deo' into text field 'xpath=(//input[@type='password'])[1]'.</msg>
<status status="PASS" starttime="20200206 11:34:29.532" endtime="20200206 11:34:29.606"></status>
</kw>
<status status="PASS" starttime="20200206 11:34:29.532" endtime="20200206 11:34:29.606"></status>
</kw>
<kw name="Texto" library="recursos">
<arguments>
<arg>(//input[@type='password'])[2]</arg>
<arg>${confirmpass}</arg>
</arguments>
<kw name="Input Text" library="SeleniumLibrary">
<doc>Types the given ``text`` into the text field identified by ``locator``.</doc>
<arguments>
<arg>xpath=${arg1}</arg>
<arg>${arg2}</arg>
</arguments>
<msg timestamp="20200206 11:34:29.607" level="INFO">Typing text 'deo' into text field 'xpath=(//input[@type='password'])[2]'.</msg>
<status status="PASS" starttime="20200206 11:34:29.607" endtime="20200206 11:34:29.690"></status>
</kw>
<status status="PASS" starttime="20200206 11:34:29.606" endtime="20200206 11:34:29.690"></status>
</kw>
<kw name="Texto" library="recursos">
<arguments>
<arg>(//input[@type='email'])[1]</arg>
<arg>${email}</arg>
</arguments>
<kw name="Input Text" library="SeleniumLibrary">
<doc>Types the given ``text`` into the text field identified by ``locator``.</doc>
<arguments>
<arg>xpath=${arg1}</arg>
<arg>${arg2}</arg>
</arguments>
<msg timestamp="20200206 11:34:29.691" level="INFO">Typing text 'rodri@gmail.com5' into text field 'xpath=(//input[@type='email'])[1]'.</msg>
<status status="PASS" starttime="20200206 11:34:29.691" endtime="20200206 11:34:29.793"></status>
</kw>
<status status="PASS" starttime="20200206 11:34:29.690" endtime="20200206 11:34:29.793"></status>
</kw>
<kw name="Texto" library="recursos">
<arguments>
<arg>(//input[@type='email'])[2]</arg>
<arg>${confirmemail}</arg>
</arguments>
<kw name="Input Text" library="SeleniumLibrary">
<doc>Types the given ``text`` into the text field identified by ``locator``.</doc>
<arguments>
<arg>xpath=${arg1}</arg>
<arg>${arg2}</arg>
</arguments>
<msg timestamp="20200206 11:34:29.793" level="INFO">Typing text 'rodri@gmail.com5' into text field 'xpath=(//input[@type='email'])[2]'.</msg>
<status status="PASS" starttime="20200206 11:34:29.793" endtime="20200206 11:34:29.891"></status>
</kw>
<status status="PASS" starttime="20200206 11:34:29.793" endtime="20200206 11:34:29.891"></status>
</kw>
<kw name="Click" library="recursos">
<arguments>
<arg>//a[contains(@title,'Cancel')]</arg>
</arguments>
<kw name="Click Element" library="SeleniumLibrary">
<doc>Click the element identified by ``locator``.</doc>
<arguments>
<arg>xpath=${arg1}</arg>
</arguments>
<msg timestamp="20200206 11:34:29.892" level="INFO">Clicking element 'xpath=//a[contains(@title,'Cancel')]'.</msg>
<status status="PASS" starttime="20200206 11:34:29.892" endtime="20200206 11:34:30.698"></status>
</kw>
<status status="PASS" starttime="20200206 11:34:29.891" endtime="20200206 11:34:30.698"></status>
</kw>
<status status="PASS" starttime="20200206 11:34:29.275" endtime="20200206 11:34:30.698"></status>
</kw>
<kw name="${i} = 6" type="foritem">
<kw name="Leer celda" library="recursos">
<arguments>
<arg>Hoja1</arg>
<arg>${i}</arg>
<arg>1</arg>
</arguments>
<assign>
<var>${nombre}</var>
</assign>
<kw name="Cell Data" library="ReadData">
<arguments>
<arg>${hoja}</arg>
<arg>${fila}</arg>
<arg>${celda}</arg>
</arguments>
<assign>
<var>${celldata}</var>
</assign>
<msg timestamp="20200206 11:34:30.700" level="INFO">${celldata} = rodrigo6</msg>
<status status="PASS" starttime="20200206 11:34:30.699" endtime="20200206 11:34:30.700"></status>
</kw>
<msg timestamp="20200206 11:34:30.700" level="INFO">${nombre} = rodrigo6</msg>
<status status="PASS" starttime="20200206 11:34:30.699" endtime="20200206 11:34:30.700"></status>
</kw>
<kw name="Leer celda" library="recursos">
<arguments>
<arg>Hoja1</arg>
<arg>${i}</arg>
<arg>2</arg>
</arguments>
<assign>
<var>${username}</var>
</assign>
<kw name="Cell Data" library="ReadData">
<arguments>
<arg>${hoja}</arg>
<arg>${fila}</arg>
<arg>${celda}</arg>
</arguments>
<assign>
<var>${celldata}</var>
</assign>
<msg timestamp="20200206 11:34:30.702" level="INFO">${celldata} = demo3@gmail.com1</msg>
<status status="PASS" starttime="20200206 11:34:30.701" endtime="20200206 11:34:30.702"></status>
</kw>
<msg timestamp="20200206 11:34:30.702" level="INFO">${username} = demo3@gmail.com1</msg>
<status status="PASS" starttime="20200206 11:34:30.700" endtime="20200206 11:34:30.702"></status>
</kw>
<kw name="Leer celda" library="recursos">
<arguments>
<arg>Hoja1</arg>
<arg>${i}</arg>
<arg>3</arg>
</arguments>
<assign>
<var>${password}</var>
</assign>
<kw name="Cell Data" library="ReadData">
<arguments>
<arg>${hoja}</arg>
<arg>${fila}</arg>
<arg>${celda}</arg>
</arguments>
<assign>
<var>${celldata}</var>
</assign>
<msg timestamp="20200206 11:34:30.704" level="INFO">${celldata} = ert1</msg>
<status status="PASS" starttime="20200206 11:34:30.703" endtime="20200206 11:34:30.704"></status>
</kw>
<msg timestamp="20200206 11:34:30.704" level="INFO">${password} = ert1</msg>
<status status="PASS" starttime="20200206 11:34:30.702" endtime="20200206 11:34:30.704"></status>
</kw>
<kw name="Leer celda" library="recursos">
<arguments>
<arg>Hoja1</arg>
<arg>${i}</arg>
<arg>4</arg>
</arguments>
<assign>
<var>${confirmpass}</var>
</assign>
<kw name="Cell Data" library="ReadData">
<arguments>
<arg>${hoja}</arg>
<arg>${fila}</arg>
<arg>${celda}</arg>
</arguments>
<assign>
<var>${celldata}</var>
</assign>
<msg timestamp="20200206 11:34:30.705" level="INFO">${celldata} = ert1</msg>
<status status="PASS" starttime="20200206 11:34:30.704" endtime="20200206 11:34:30.705"></status>
</kw>
<msg timestamp="20200206 11:34:30.705" level="INFO">${confirmpass} = ert1</msg>
<status status="PASS" starttime="20200206 11:34:30.704" endtime="20200206 11:34:30.705"></status>
</kw>
<kw name="Leer celda" library="recursos">
<arguments>
<arg>Hoja1</arg>
<arg>${i}</arg>
<arg>5</arg>
</arguments>
<assign>
<var>${email}</var>
</assign>
<kw name="Cell Data" library="ReadData">
<arguments>
<arg>${hoja}</arg>
<arg>${fila}</arg>
<arg>${celda}</arg>
</arguments>
<assign>
<var>${celldata}</var>
</assign>
<msg timestamp="20200206 11:34:30.706" level="INFO">${celldata} = rodri@gmail.com6</msg>
<status status="PASS" starttime="20200206 11:34:30.706" endtime="20200206 11:34:30.706"></status>
</kw>
<msg timestamp="20200206 11:34:30.706" level="INFO">${email} = rodri@gmail.com6</msg>
<status status="PASS" starttime="20200206 11:34:30.705" endtime="20200206 11:34:30.706"></status>
</kw>
<kw name="Leer celda" library="recursos">
<arguments>
<arg>Hoja1</arg>
<arg>${i}</arg>
<arg>6</arg>
</arguments>
<assign>
<var>${confirmemail}</var>
</assign>
<kw name="Cell Data" library="ReadData">
<arguments>
<arg>${hoja}</arg>
<arg>${fila}</arg>
<arg>${celda}</arg>
</arguments>
<assign>
<var>${celldata}</var>
</assign>
<msg timestamp="20200206 11:34:30.707" level="INFO">${celldata} = rodri@gmail.com6</msg>
<status status="PASS" starttime="20200206 11:34:30.707" endtime="20200206 11:34:30.707"></status>
</kw>
<msg timestamp="20200206 11:34:30.707" level="INFO">${confirmemail} = rodri@gmail.com6</msg>
<status status="PASS" starttime="20200206 11:34:30.706" endtime="20200206 11:34:30.707"></status>
</kw>
<kw name="Texto" library="recursos">
<arguments>
<arg>(//input[@type='text'])[1]</arg>
<arg>${nombre}</arg>
</arguments>
<kw name="Input Text" library="SeleniumLibrary">
<doc>Types the given ``text`` into the text field identified by ``locator``.</doc>
<arguments>
<arg>xpath=${arg1}</arg>
<arg>${arg2}</arg>
</arguments>
<msg timestamp="20200206 11:34:30.708" level="INFO">Typing text 'rodrigo6' into text field 'xpath=(//input[@type='text'])[1]'.</msg>
<status status="PASS" starttime="20200206 11:34:30.708" endtime="20200206 11:34:30.812"></status>
</kw>
<status status="PASS" starttime="20200206 11:34:30.708" endtime="20200206 11:34:30.813"></status>
</kw>
<kw name="Texto" library="recursos">
<arguments>
<arg>(//input[@type='text'])[2]</arg>
<arg>${username}</arg>
</arguments>
<kw name="Input Text" library="SeleniumLibrary">
<doc>Types the given ``text`` into the text field identified by ``locator``.</doc>
<arguments>
<arg>xpath=${arg1}</arg>
<arg>${arg2}</arg>
</arguments>
<msg timestamp="20200206 11:34:30.813" level="INFO">Typing text 'demo3@gmail.com1' into text field 'xpath=(//input[@type='text'])[2]'.</msg>
<status status="PASS" starttime="20200206 11:34:30.813" endtime="20200206 11:34:30.917"></status>
</kw>
<status status="PASS" starttime="20200206 11:34:30.813" endtime="20200206 11:34:30.917"></status>
</kw>
<kw name="Texto" library="recursos">
<arguments>
<arg>(//input[@type='password'])[1]</arg>
<arg>${password}</arg>
</arguments>
<kw name="Input Text" library="SeleniumLibrary">
<doc>Types the given ``text`` into the text field identified by ``locator``.</doc>
<arguments>
<arg>xpath=${arg1}</arg>
<arg>${arg2}</arg>
</arguments>
<msg timestamp="20200206 11:34:30.917" level="INFO">Typing text 'ert1' into text field 'xpath=(//input[@type='password'])[1]'.</msg>
<status status="PASS" starttime="20200206 11:34:30.917" endtime="20200206 11:34:30.991"></status>
</kw>
<status status="PASS" starttime="20200206 11:34:30.917" endtime="20200206 11:34:30.991"></status>
</kw>
<kw name="Texto" library="recursos">
<arguments>
<arg>(//input[@type='password'])[2]</arg>
<arg>${confirmpass}</arg>
</arguments>
<kw name="Input Text" library="SeleniumLibrary">
<doc>Types the given ``text`` into the text field identified by ``locator``.</doc>
<arguments>
<arg>xpath=${arg1}</arg>
<arg>${arg2}</arg>
</arguments>
<msg timestamp="20200206 11:34:30.992" level="INFO">Typing text 'ert1' into text field 'xpath=(//input[@type='password'])[2]'.</msg>
<status status="PASS" starttime="20200206 11:34:30.991" endtime="20200206 11:34:31.063"></status>
</kw>
<status status="PASS" starttime="20200206 11:34:30.991" endtime="20200206 11:34:31.063"></status>
</kw>
<kw name="Texto" library="recursos">
<arguments>
<arg>(//input[@type='email'])[1]</arg>
<arg>${email}</arg>
</arguments>
<kw name="Input Text" library="SeleniumLibrary">
<doc>Types the given ``text`` into the text field identified by ``locator``.</doc>
<arguments>
<arg>xpath=${arg1}</arg>
<arg>${arg2}</arg>
</arguments>
<msg timestamp="20200206 11:34:31.064" level="INFO">Typing text 'rodri@gmail.com6' into text field 'xpath=(//input[@type='email'])[1]'.</msg>
<status status="PASS" starttime="20200206 11:34:31.064" endtime="20200206 11:34:31.165"></status>
</kw>
<status status="PASS" starttime="20200206 11:34:31.063" endtime="20200206 11:34:31.166"></status>
</kw>
<kw name="Texto" library="recursos">
<arguments>
<arg>(//input[@type='email'])[2]</arg>
<arg>${confirmemail}</arg>
</arguments>
<kw name="Input Text" library="SeleniumLibrary">
<doc>Types the given ``text`` into the text field identified by ``locator``.</doc>
<arguments>
<arg>xpath=${arg1}</arg>
<arg>${arg2}</arg>
</arguments>
<msg timestamp="20200206 11:34:31.166" level="INFO">Typing text 'rodri@gmail.com6' into text field 'xpath=(//input[@type='email'])[2]'.</msg>
<status status="PASS" starttime="20200206 11:34:31.166" endtime="20200206 11:34:31.265"></status>
</kw>
<status status="PASS" starttime="20200206 11:34:31.166" endtime="20200206 11:34:31.265"></status>
</kw>
<kw name="Click" library="recursos">
<arguments>
<arg>//a[contains(@title,'Cancel')]</arg>
</arguments>
<kw name="Click Element" library="SeleniumLibrary">
<doc>Click the element identified by ``locator``.</doc>
<arguments>
<arg>xpath=${arg1}</arg>
</arguments>
<msg timestamp="20200206 11:34:31.266" level="INFO">Clicking element 'xpath=//a[contains(@title,'Cancel')]'.</msg>
<status status="PASS" starttime="20200206 11:34:31.266" endtime="20200206 11:34:32.104"></status>
</kw>
<status status="PASS" starttime="20200206 11:34:31.266" endtime="20200206 11:34:32.104"></status>
</kw>
<status status="PASS" starttime="20200206 11:34:30.698" endtime="20200206 11:34:32.104"></status>
</kw>
<kw name="${i} = 7" type="foritem">
<kw name="Leer celda" library="recursos">
<arguments>
<arg>Hoja1</arg>
<arg>${i}</arg>
<arg>1</arg>
</arguments>
<assign>
<var>${nombre}</var>
</assign>
<kw name="Cell Data" library="ReadData">
<arguments>
<arg>${hoja}</arg>
<arg>${fila}</arg>
<arg>${celda}</arg>
</arguments>
<assign>
<var>${celldata}</var>
</assign>
<msg timestamp="20200206 11:34:32.105" level="INFO">${celldata} = rodrigo7</msg>
<status status="PASS" starttime="20200206 11:34:32.105" endtime="20200206 11:34:32.105"></status>
</kw>
<msg timestamp="20200206 11:34:32.105" level="INFO">${nombre} = rodrigo7</msg>
<status status="PASS" starttime="20200206 11:34:32.104" endtime="20200206 11:34:32.106"></status>
</kw>
<kw name="Leer celda" library="recursos">
<arguments>
<arg>Hoja1</arg>
<arg>${i}</arg>
<arg>2</arg>
</arguments>
<assign>
<var>${username}</var>
</assign>
<kw name="Cell Data" library="ReadData">
<arguments>
<arg>${hoja}</arg>
<arg>${fila}</arg>
<arg>${celda}</arg>
</arguments>
<assign>
<var>${celldata}</var>
</assign>
<msg timestamp="20200206 11:34:32.106" level="INFO">${celldata} = demo3@gmail.com2</msg>
<status status="PASS" starttime="20200206 11:34:32.106" endtime="20200206 11:34:32.106"></status>
</kw>
<msg timestamp="20200206 11:34:32.106" level="INFO">${username} = demo3@gmail.com2</msg>
<status status="PASS" starttime="20200206 11:34:32.106" endtime="20200206 11:34:32.107"></status>
</kw>
<kw name="Leer celda" library="recursos">
<arguments>
<arg>Hoja1</arg>
<arg>${i}</arg>
<arg>3</arg>
</arguments>
<assign>
<var>${password}</var>
</assign>
<kw name="Cell Data" library="ReadData">
<arguments>
<arg>${hoja}</arg>
<arg>${fila}</arg>
<arg>${celda}</arg>
</arguments>
<assign>
<var>${celldata}</var>
</assign>
<msg timestamp="20200206 11:34:32.107" level="INFO">${celldata} = ert2</msg>
<status status="PASS" starttime="20200206 11:34:32.107" endtime="20200206 11:34:32.107"></status>
</kw>
<msg timestamp="20200206 11:34:32.108" level="INFO">${password} = ert2</msg>
<status status="PASS" starttime="20200206 11:34:32.107" endtime="20200206 11:34:32.108"></status>
</kw>
<kw name="Leer celda" library="recursos">
<arguments>
<arg>Hoja1</arg>
<arg>${i}</arg>
<arg>4</arg>
</arguments>
<assign>
<var>${confirmpass}</var>
</assign>
<kw name="Cell Data" library="ReadData">
<arguments>
<arg>${hoja}</arg>
<arg>${fila}</arg>
<arg>${celda}</arg>
</arguments>
<assign>
<var>${celldata}</var>
</assign>
<msg timestamp="20200206 11:34:32.109" level="INFO">${celldata} = ert2</msg>
<status status="PASS" starttime="20200206 11:34:32.108" endtime="20200206 11:34:32.109"></status>
</kw>
<msg timestamp="20200206 11:34:32.109" level="INFO">${confirmpass} = ert2</msg>
<status status="PASS" starttime="20200206 11:34:32.108" endtime="20200206 11:34:32.109"></status>
</kw>
<kw name="Leer celda" library="recursos">
<arguments>
<arg>Hoja1</arg>
<arg>${i}</arg>
<arg>5</arg>
</arguments>
<assign>
<var>${email}</var>
</assign>
<kw name="Cell Data" library="ReadData">
<arguments>
<arg>${hoja}</arg>
<arg>${fila}</arg>
<arg>${celda}</arg>
</arguments>
<assign>
<var>${celldata}</var>
</assign>
<msg timestamp="20200206 11:34:32.110" level="INFO">${celldata} = rodri@gmail.com7</msg>
<status status="PASS" starttime="20200206 11:34:32.110" endtime="20200206 11:34:32.110"></status>
</kw>
<msg timestamp="20200206 11:34:32.110" level="INFO">${email} = rodri@gmail.com7</msg>
<status status="PASS" starttime="20200206 11:34:32.109" endtime="20200206 11:34:32.110"></status>
</kw>
<kw name="Leer celda" library="recursos">
<arguments>
<arg>Hoja1</arg>
<arg>${i}</arg>
<arg>6</arg>
</arguments>
<assign>
<var>${confirmemail}</var>
</assign>
<kw name="Cell Data" library="ReadData">
<arguments>
<arg>${hoja}</arg>
<arg>${fila}</arg>
<arg>${celda}</arg>
</arguments>
<assign>
<var>${celldata}</var>
</assign>
<msg timestamp="20200206 11:34:32.111" level="INFO">${celldata} = rodri@gmail.com7</msg>
<status status="PASS" starttime="20200206 11:34:32.111" endtime="20200206 11:34:32.111"></status>
</kw>
<msg timestamp="20200206 11:34:32.111" level="INFO">${confirmemail} = rodri@gmail.com7</msg>
<status status="PASS" starttime="20200206 11:34:32.111" endtime="20200206 11:34:32.111"></status>
</kw>
<kw name="Texto" library="recursos">
<arguments>
<arg>(//input[@type='text'])[1]</arg>
<arg>${nombre}</arg>
</arguments>
<kw name="Input Text" library="SeleniumLibrary">
<doc>Types the given ``text`` into the text field identified by ``locator``.</doc>
<arguments>
<arg>xpath=${arg1}</arg>
<arg>${arg2}</arg>
</arguments>
<msg timestamp="20200206 11:34:32.112" level="INFO">Typing text 'rodrigo7' into text field 'xpath=(//input[@type='text'])[1]'.</msg>
<status status="PASS" starttime="20200206 11:34:32.112" endtime="20200206 11:34:32.215"></status>
</kw>
<status status="PASS" starttime="20200206 11:34:32.111" endtime="20200206 11:34:32.216"></status>
</kw>
<kw name="Texto" library="recursos">
<arguments>
<arg>(//input[@type='text'])[2]</arg>
<arg>${username}</arg>
</arguments>
<kw name="Input Text" library="SeleniumLibrary">
<doc>Types the given ``text`` into the text field identified by ``locator``.</doc>
<arguments>
<arg>xpath=${arg1}</arg>
<arg>${arg2}</arg>
</arguments>
<msg timestamp="20200206 11:34:32.216" level="INFO">Typing text 'demo3@gmail.com2' into text field 'xpath=(//input[@type='text'])[2]'.</msg>
<status status="PASS" starttime="20200206 11:34:32.216" endtime="20200206 11:34:32.320"></status>
</kw>
<status status="PASS" starttime="20200206 11:34:32.216" endtime="20200206 11:34:32.320"></status>
</kw>
<kw name="Texto" library="recursos">
<arguments>
<arg>(//input[@type='password'])[1]</arg>
<arg>${password}</arg>
</arguments>
<kw name="Input Text" library="SeleniumLibrary">
<doc>Types the given ``text`` into the text field identified by ``locator``.</doc>
<arguments>
<arg>xpath=${arg1}</arg>
<arg>${arg2}</arg>
</arguments>
<msg timestamp="20200206 11:34:32.321" level="INFO">Typing text 'ert2' into text field 'xpath=(//input[@type='password'])[1]'.</msg>
<status status="PASS" starttime="20200206 11:34:32.320" endtime="20200206 11:34:32.397"></status>
</kw>
<status status="PASS" starttime="20200206 11:34:32.320" endtime="20200206 11:34:32.397"></status>
</kw>
<kw name="Texto" library="recursos">
<arguments>
<arg>(//input[@type='password'])[2]</arg>
<arg>${confirmpass}</arg>
</arguments>
<kw name="Input Text" library="SeleniumLibrary">
<doc>Types the given ``text`` into the text field identified by ``locator``.</doc>
<arguments>
<arg>xpath=${arg1}</arg>
<arg>${arg2}</arg>
</arguments>
<msg timestamp="20200206 11:34:32.397" level="INFO">Typing text 'ert2' into text field 'xpath=(//input[@type='password'])[2]'.</msg>
<status status="PASS" starttime="20200206 11:34:32.397" endtime="20200206 11:34:32.470"></status>
</kw>
<status status="PASS" starttime="20200206 11:34:32.397" endtime="20200206 11:34:32.470"></status>
</kw>
<kw name="Texto" library="recursos">
<arguments>
<arg>(//input[@type='email'])[1]</arg>
<arg>${email}</arg>
</arguments>
<kw name="Input Text" library="SeleniumLibrary">
<doc>Types the given ``text`` into the text field identified by ``locator``.</doc>
<arguments>
<arg>xpath=${arg1}</arg>
<arg>${arg2}</arg>
</arguments>
<msg timestamp="20200206 11:34:32.471" level="INFO">Typing text 'rodri@gmail.com7' into text field 'xpath=(//input[@type='email'])[1]'.</msg>
<status status="PASS" starttime="20200206 11:34:32.471" endtime="20200206 11:34:32.571"></status>
</kw>
<status status="PASS" starttime="20200206 11:34:32.470" endtime="20200206 11:34:32.571"></status>
</kw>
<kw name="Texto" library="recursos">
<arguments>
<arg>(//input[@type='email'])[2]</arg>
<arg>${confirmemail}</arg>
</arguments>
<kw name="Input Text" library="SeleniumLibrary">
<doc>Types the given ``text`` into the text field identified by ``locator``.</doc>
<arguments>
<arg>xpath=${arg1}</arg>
<arg>${arg2}</arg>
</arguments>
<msg timestamp="20200206 11:34:32.571" level="INFO">Typing text 'rodri@gmail.com7' into text field 'xpath=(//input[@type='email'])[2]'.</msg>
<status status="PASS" starttime="20200206 11:34:32.571" endtime="20200206 11:34:32.675"></status>
</kw>
<status status="PASS" starttime="20200206 11:34:32.571" endtime="20200206 11:34:32.676"></status>
</kw>
<kw name="Click" library="recursos">
<arguments>
<arg>//a[contains(@title,'Cancel')]</arg>
</arguments>
<kw name="Click Element" library="SeleniumLibrary">
<doc>Click the element identified by ``locator``.</doc>
<arguments>
<arg>xpath=${arg1}</arg>
</arguments>
<msg timestamp="20200206 11:34:32.676" level="INFO">Clicking element 'xpath=//a[contains(@title,'Cancel')]'.</msg>
<status status="PASS" starttime="20200206 11:34:32.676" endtime="20200206 11:34:33.457"></status>
</kw>
<status status="PASS" starttime="20200206 11:34:32.676" endtime="20200206 11:34:33.458"></status>
</kw>
<status status="PASS" starttime="20200206 11:34:32.104" endtime="20200206 11:34:33.458"></status>
</kw>
<kw name="${i} = 8" type="foritem">
<kw name="Leer celda" library="recursos">
<arguments>
<arg>Hoja1</arg>
<arg>${i}</arg>
<arg>1</arg>
</arguments>
<assign>
<var>${nombre}</var>
</assign>
<kw name="Cell Data" library="ReadData">
<arguments>
<arg>${hoja}</arg>
<arg>${fila}</arg>
<arg>${celda}</arg>
</arguments>
<assign>
<var>${celldata}</var>
</assign>
<msg timestamp="20200206 11:34:33.458" level="INFO">${celldata} = rodrigo8</msg>
<status status="PASS" starttime="20200206 11:34:33.458" endtime="20200206 11:34:33.458"></status>
</kw>
<msg timestamp="20200206 11:34:33.459" level="INFO">${nombre} = rodrigo8</msg>
<status status="PASS" starttime="20200206 11:34:33.458" endtime="20200206 11:34:33.459"></status>
</kw>
<kw name="Leer celda" library="recursos">
<arguments>
<arg>Hoja1</arg>
<arg>${i}</arg>
<arg>2</arg>
</arguments>
<assign>
<var>${username}</var>
</assign>
<kw name="Cell Data" library="ReadData">
<arguments>
<arg>${hoja}</arg>
<arg>${fila}</arg>
<arg>${celda}</arg>
</arguments>
<assign>
<var>${celldata}</var>
</assign>
<msg timestamp="20200206 11:34:33.460" level="INFO">${celldata} = demo3@gmail.com3</msg>
<status status="PASS" starttime="20200206 11:34:33.459" endtime="20200206 11:34:33.460"></status>
</kw>
<msg timestamp="20200206 11:34:33.460" level="INFO">${username} = demo3@gmail.com3</msg>
<status status="PASS" starttime="20200206 11:34:33.459" endtime="20200206 11:34:33.460"></status>
</kw>
<kw name="Leer celda" library="recursos">
<arguments>
<arg>Hoja1</arg>
<arg>${i}</arg>
<arg>3</arg>
</arguments>
<assign>
<var>${password}</var>
</assign>
<kw name="Cell Data" library="ReadData">
<arguments>
<arg>${hoja}</arg>
<arg>${fila}</arg>
<arg>${celda}</arg>
</arguments>
<assign>
<var>${celldata}</var>
</assign>
<msg timestamp="20200206 11:34:33.461" level="INFO">${celldata} = ert3</msg>
<status status="PASS" starttime="20200206 11:34:33.460" endtime="20200206 11:34:33.461"></status>
</kw>
<msg timestamp="20200206 11:34:33.461" level="INFO">${password} = ert3</msg>
<status status="PASS" starttime="20200206 11:34:33.460" endtime="20200206 11:34:33.461"></status>
</kw>
<kw name="Leer celda" library="recursos">
<arguments>
<arg>Hoja1</arg>
<arg>${i}</arg>
<arg>4</arg>
</arguments>
<assign>
<var>${confirmpass}</var>
</assign>
<kw name="Cell Data" library="ReadData">
<arguments>
<arg>${hoja}</arg>
<arg>${fila}</arg>
<arg>${celda}</arg>
</arguments>
<assign>
<var>${celldata}</var>
</assign>
<msg timestamp="20200206 11:34:33.462" level="INFO">${celldata} = ert3</msg>
<status status="PASS" starttime="20200206 11:34:33.461" endtime="20200206 11:34:33.462"></status>
</kw>
<msg timestamp="20200206 11:34:33.462" level="INFO">${confirmpass} = ert3</msg>
<status status="PASS" starttime="20200206 11:34:33.461" endtime="20200206 11:34:33.462"></status>
</kw>
<kw name="Leer celda" library="recursos">
<arguments>
<arg>Hoja1</arg>
<arg>${i}</arg>
<arg>5</arg>
</arguments>
<assign>
<var>${email}</var>
</assign>
<kw name="Cell Data" library="ReadData">
<arguments>
<arg>${hoja}</arg>
<arg>${fila}</arg>
<arg>${celda}</arg>
</arguments>
<assign>
<var>${celldata}</var>
</assign>
<msg timestamp="20200206 11:34:33.463" level="INFO">${celldata} = rodri@gmail.com8</msg>
<status status="PASS" starttime="20200206 11:34:33.462" endtime="20200206 11:34:33.463"></status>
</kw>
<msg timestamp="20200206 11:34:33.463" level="INFO">${email} = rodri@gmail.com8</msg>
<status status="PASS" starttime="20200206 11:34:33.462" endtime="20200206 11:34:33.463"></status>
</kw>
<kw name="Leer celda" library="recursos">
<arguments>
<arg>Hoja1</arg>
<arg>${i}</arg>
<arg>6</arg>
</arguments>
<assign>
<var>${confirmemail}</var>
</assign>
<kw name="Cell Data" library="ReadData">
<arguments>
<arg>${hoja}</arg>
<arg>${fila}</arg>
<arg>${celda}</arg>
</arguments>
<assign>
<var>${celldata}</var>
</assign>
<msg timestamp="20200206 11:34:33.464" level="INFO">${celldata} = rodri@gmail.com8</msg>
<status status="PASS" starttime="20200206 11:34:33.464" endtime="20200206 11:34:33.464"></status>
</kw>
<msg timestamp="20200206 11:34:33.464" level="INFO">${confirmemail} = rodri@gmail.com8</msg>
<status status="PASS" starttime="20200206 11:34:33.463" endtime="20200206 11:34:33.464"></status>
</kw>
<kw name="Texto" library="recursos">
<arguments>
<arg>(//input[@type='text'])[1]</arg>
<arg>${nombre}</arg>
</arguments>
<kw name="Input Text" library="SeleniumLibrary">
<doc>Types the given ``text`` into the text field identified by ``locator``.</doc>
<arguments>
<arg>xpath=${arg1}</arg>
<arg>${arg2}</arg>
</arguments>
<msg timestamp="20200206 11:34:33.465" level="INFO">Typing text 'rodrigo8' into text field 'xpath=(//input[@type='text'])[1]'.</msg>
<status status="PASS" starttime="20200206 11:34:33.464" endtime="20200206 11:34:33.601"></status>
</kw>
<status status="PASS" starttime="20200206 11:34:33.464" endtime="20200206 11:34:33.601"></status>
</kw>
<kw name="Texto" library="recursos">
<arguments>
<arg>(//input[@type='text'])[2]</arg>
<arg>${username}</arg>
</arguments>
<kw name="Input Text" library="SeleniumLibrary">
<doc>Types the given ``text`` into the text field identified by ``locator``.</doc>
<arguments>
<arg>xpath=${arg1}</arg>
<arg>${arg2}</arg>
</arguments>
<msg timestamp="20200206 11:34:33.602" level="INFO">Typing text 'demo3@gmail.com3' into text field 'xpath=(//input[@type='text'])[2]'.</msg>
<status status="PASS" starttime="20200206 11:34:33.602" endtime="20200206 11:34:33.718"></status>
</kw>
<status status="PASS" starttime="20200206 11:34:33.601" endtime="20200206 11:34:33.718"></status>
</kw>
<kw name="Texto" library="recursos">
<arguments>
<arg>(//input[@type='password'])[1]</arg>
<arg>${password}</arg>
</arguments>
<kw name="Input Text" library="SeleniumLibrary">
<doc>Types the given ``text`` into the text field identified by ``locator``.</doc>
<arguments>
<arg>xpath=${arg1}</arg>
<arg>${arg2}</arg>
</arguments>
<msg timestamp="20200206 11:34:33.718" level="INFO">Typing text 'ert3' into text field 'xpath=(//input[@type='password'])[1]'.</msg>
<status status="PASS" starttime="20200206 11:34:33.718" endtime="20200206 11:34:33.789"></status>
</kw>
<status status="PASS" starttime="20200206 11:34:33.718" endtime="20200206 11:34:33.789"></status>
</kw>
<kw name="Texto" library="recursos">
<arguments>
<arg>(//input[@type='password'])[2]</arg>
<arg>${confirmpass}</arg>
</arguments>
<kw name="Input Text" library="SeleniumLibrary">
<doc>Types the given ``text`` into the text field identified by ``locator``.</doc>
<arguments>
<arg>xpath=${arg1}</arg>
<arg>${arg2}</arg>
</arguments>
<msg timestamp="20200206 11:34:33.790" level="INFO">Typing text 'ert3' into text field 'xpath=(//input[@type='password'])[2]'.</msg>
<status status="PASS" starttime="20200206 11:34:33.790" endtime="20200206 11:34:33.883"></status>
</kw>
<status status="PASS" starttime="20200206 11:34:33.789" endtime="20200206 11:34:33.883"></status>
</kw>
<kw name="Texto" library="recursos">
<arguments>
<arg>(//input[@type='email'])[1]</arg>
<arg>${email}</arg>
</arguments>
<kw name="Input Text" library="SeleniumLibrary">
<doc>Types the given ``text`` into the text field identified by ``locator``.</doc>
<arguments>
<arg>xpath=${arg1}</arg>
<arg>${arg2}</arg>
</arguments>
<msg timestamp="20200206 11:34:33.884" level="INFO">Typing text 'rodri@gmail.com8' into text field 'xpath=(//input[@type='email'])[1]'.</msg>
<status status="PASS" starttime="20200206 11:34:33.883" endtime="20200206 11:34:33.981"></status>
</kw>
<status status="PASS" starttime="20200206 11:34:33.883" endtime="20200206 11:34:33.981"></status>
</kw>
<kw name="Texto" library="recursos">
<arguments>
<arg>(//input[@type='email'])[2]</arg>
<arg>${confirmemail}</arg>
</arguments>
<kw name="Input Text" library="SeleniumLibrary">
<doc>Types the given ``text`` into the text field identified by ``locator``.</doc>
<arguments>
<arg>xpath=${arg1}</arg>
<arg>${arg2}</arg>
</arguments>
<msg timestamp="20200206 11:34:33.982" level="INFO">Typing text 'rodri@gmail.com8' into text field 'xpath=(//input[@type='email'])[2]'.</msg>
<status status="PASS" starttime="20200206 11:34:33.982" endtime="20200206 11:34:34.086"></status>
</kw>
<status status="PASS" starttime="20200206 11:34:33.982" endtime="20200206 11:34:34.086"></status>
</kw>
<kw name="Click" library="recursos">
<arguments>
<arg>//a[contains(@title,'Cancel')]</arg>
</arguments>
<kw name="Click Element" library="SeleniumLibrary">
<doc>Click the element identified by ``locator``.</doc>
<arguments>
<arg>xpath=${arg1}</arg>
</arguments>
<msg timestamp="20200206 11:34:34.086" level="INFO">Clicking element 'xpath=//a[contains(@title,'Cancel')]'.</msg>
<status status="PASS" starttime="20200206 11:34:34.086" endtime="20200206 11:34:34.865"></status>
</kw>
<status status="PASS" starttime="20200206 11:34:34.086" endtime="20200206 11:34:34.866"></status>
</kw>
<status status="PASS" starttime="20200206 11:34:33.458" endtime="20200206 11:34:34.866"></status>
</kw>
<kw name="${i} = 9" type="foritem">
<kw name="Leer celda" library="recursos">
<arguments>
<arg>Hoja1</arg>
<arg>${i}</arg>
<arg>1</arg>
</arguments>
<assign>
<var>${nombre}</var>
</assign>
<kw name="Cell Data" library="ReadData">
<arguments>
<arg>${hoja}</arg>
<arg>${fila}</arg>
<arg>${celda}</arg>
</arguments>
<assign>
<var>${celldata}</var>
</assign>
<msg timestamp="20200206 11:34:34.867" level="INFO">${celldata} = rodrigo9</msg>
<status status="PASS" starttime="20200206 11:34:34.866" endtime="20200206 11:34:34.867"></status>
</kw>
<msg timestamp="20200206 11:34:34.867" level="INFO">${nombre} = rodrigo9</msg>
<status status="PASS" starttime="20200206 11:34:34.866" endtime="20200206 11:34:34.867"></status>
</kw>
<kw name="Leer celda" library="recursos">
<arguments>
<arg>Hoja1</arg>
<arg>${i}</arg>
<arg>2</arg>
</arguments>
<assign>
<var>${username}</var>
</assign>
<kw name="Cell Data" library="ReadData">
<arguments>
<arg>${hoja}</arg>
<arg>${fila}</arg>
<arg>${celda}</arg>
</arguments>
<assign>
<var>${celldata}</var>
</assign>
<msg timestamp="20200206 11:34:34.868" level="INFO">${celldata} = demo3@gmail.com4</msg>
<status status="PASS" starttime="20200206 11:34:34.868" endtime="20200206 11:34:34.868"></status>
</kw>
<msg timestamp="20200206 11:34:34.868" level="INFO">${username} = demo3@gmail.com4</msg>
<status status="PASS" starttime="20200206 11:34:34.867" endtime="20200206 11:34:34.868"></status>
</kw>
<kw name="Leer celda" library="recursos">
<arguments>
<arg>Hoja1</arg>
<arg>${i}</arg>
<arg>3</arg>
</arguments>
<assign>
<var>${password}</var>
</assign>
<kw name="Cell Data" library="ReadData">
<arguments>
<arg>${hoja}</arg>
<arg>${fila}</arg>
<arg>${celda}</arg>
</arguments>
<assign>
<var>${celldata}</var>
</assign>
<msg timestamp="20200206 11:34:34.871" level="INFO">${celldata} = ert4</msg>
<status status="PASS" starttime="20200206 11:34:34.870" endtime="20200206 11:34:34.871"></status>
</kw>
<msg timestamp="20200206 11:34:34.871" level="INFO">${password} = ert4</msg>
<status status="PASS" starttime="20200206 11:34:34.869" endtime="20200206 11:34:34.871"></status>
</kw>
<kw name="Leer celda" library="recursos">
<arguments>
<arg>Hoja1</arg>
<arg>${i}</arg>
<arg>4</arg>
</arguments>
<assign>
<var>${confirmpass}</var>
</assign>
<kw name="Cell Data" library="ReadData">
<arguments>
<arg>${hoja}</arg>
<arg>${fila}</arg>
<arg>${celda}</arg>
</arguments>
<assign>
<var>${celldata}</var>
</assign>
<msg timestamp="20200206 11:34:34.872" level="INFO">${celldata} = ert4</msg>
<status status="PASS" starttime="20200206 11:34:34.871" endtime="20200206 11:34:34.872"></status>
</kw>
<msg timestamp="20200206 11:34:34.872" level="INFO">${confirmpass} = ert4</msg>
<status status="PASS" starttime="20200206 11:34:34.871" endtime="20200206 11:34:34.872"></status>
</kw>
<kw name="Leer celda" library="recursos">
<arguments>
<arg>Hoja1</arg>
<arg>${i}</arg>
<arg>5</arg>
</arguments>
<assign>
<var>${email}</var>
</assign>
<kw name="Cell Data" library="ReadData">
<arguments>
<arg>${hoja}</arg>
<arg>${fila}</arg>
<arg>${celda}</arg>
</arguments>
<assign>
<var>${celldata}</var>
</assign>
<msg timestamp="20200206 11:34:34.873" level="INFO">${celldata} = rodri@gmail.com9</msg>
<status status="PASS" starttime="20200206 11:34:34.872" endtime="20200206 11:34:34.873"></status>
</kw>
<msg timestamp="20200206 11:34:34.873" level="INFO">${email} = rodri@gmail.com9</msg>
<status status="PASS" starttime="20200206 11:34:34.872" endtime="20200206 11:34:34.873"></status>
</kw>
<kw name="Leer celda" library="recursos">
<arguments>
<arg>Hoja1</arg>
<arg>${i}</arg>
<arg>6</arg>
</arguments>
<assign>
<var>${confirmemail}</var>
</assign>
<kw name="Cell Data" library="ReadData">
<arguments>
<arg>${hoja}</arg>
<arg>${fila}</arg>
<arg>${celda}</arg>
</arguments>
<assign>
<var>${celldata}</var>
</assign>
<msg timestamp="20200206 11:34:34.874" level="INFO">${celldata} = rodri@gmail.com9</msg>
<status status="PASS" starttime="20200206 11:34:34.873" endtime="20200206 11:34:34.874"></status>
</kw>
<msg timestamp="20200206 11:34:34.875" level="INFO">${confirmemail} = rodri@gmail.com9</msg>
<status status="PASS" starttime="20200206 11:34:34.873" endtime="20200206 11:34:34.875"></status>
</kw>
<kw name="Texto" library="recursos">
<arguments>
<arg>(//input[@type='text'])[1]</arg>
<arg>${nombre}</arg>
</arguments>
<kw name="Input Text" library="SeleniumLibrary">
<doc>Types the given ``text`` into the text field identified by ``locator``.</doc>
<arguments>
<arg>xpath=${arg1}</arg>
<arg>${arg2}</arg>
</arguments>
<msg timestamp="20200206 11:34:34.876" level="INFO">Typing text 'rodrigo9' into text field 'xpath=(//input[@type='text'])[1]'.</msg>
<status status="PASS" starttime="20200206 11:34:34.875" endtime="20200206 11:34:35.006"></status>
</kw>
<status status="PASS" starttime="20200206 11:34:34.875" endtime="20200206 11:34:35.006"></status>
</kw>
<kw name="Texto" library="recursos">
<arguments>
<arg>(//input[@type='text'])[2]</arg>
<arg>${username}</arg>
</arguments>
<kw name="Input Text" library="SeleniumLibrary">
<doc>Types the given ``text`` into the text field identified by ``locator``.</doc>
<arguments>
<arg>xpath=${arg1}</arg>
<arg>${arg2}</arg>
</arguments>
<msg timestamp="20200206 11:34:35.007" level="INFO">Typing text 'demo3@gmail.com4' into text field 'xpath=(//input[@type='text'])[2]'.</msg>
<status status="PASS" starttime="20200206 11:34:35.006" endtime="20200206 11:34:35.183"></status>
</kw>
<status status="PASS" starttime="20200206 11:34:35.006" endtime="20200206 11:34:35.183"></status>
</kw>
<kw name="Texto" library="recursos">
<arguments>
<arg>(//input[@type='password'])[1]</arg>
<arg>${password}</arg>
</arguments>
[...]
<status status="PASS" starttime="20200206 11:34:59.410" endtime="20200206 11:35:00.078"></status>
</kw>
<status status="PASS" starttime="20200206 11:34:59.410" endtime="20200206 11:35:00.078"></status>
</kw>
<status status="PASS" starttime="20200206 11:34:58.773" endtime="20200206 11:35:00.078"></status>
</kw>
<kw name="${i} = 27" type="foritem">
<kw name="Leer celda" library="recursos">
<arguments>
<arg>Hoja1</arg>
<arg>${i}</arg>
<arg>1</arg>
</arguments>
<assign>
<var>${nombre}</var>
</assign>
<kw name="Cell Data" library="ReadData">
<arguments>
<arg>${hoja}</arg>
<arg>${fila}</arg>
<arg>${celda}</arg>
</arguments>
<assign>
<var>${celldata}</var>
</assign>
<msg timestamp="20200206 11:35:00.080" level="INFO">${celldata} = rodrigo27</msg>
<status status="PASS" starttime="20200206 11:35:00.079" endtime="20200206 11:35:00.080"></status>
</kw>
<msg timestamp="20200206 11:35:00.080" level="INFO">${nombre} = rodrigo27</msg>
<status status="PASS" starttime="20200206 11:35:00.078" endtime="20200206 11:35:00.080"></status>
</kw>
<kw name="Leer celda" library="recursos">
<arguments>
<arg>Hoja1</arg>
<arg>${i}</arg>
<arg>2</arg>
</arguments>
<assign>
<var>${username}</var>
</assign>
<kw name="Cell Data" library="ReadData">
<arguments>
<arg>${hoja}</arg>
<arg>${fila}</arg>
<arg>${celda}</arg>
</arguments>
<assign>
<var>${celldata}</var>
</assign>
<msg timestamp="20200206 11:35:00.081" level="INFO">${celldata} = demo3@gmail.com22</msg>
<status status="PASS" starttime="20200206 11:35:00.081" endtime="20200206 11:35:00.082"></status>
</kw>
<msg timestamp="20200206 11:35:00.082" level="INFO">${username} = demo3@gmail.com22</msg>
<status status="PASS" starttime="20200206 11:35:00.080" endtime="20200206 11:35:00.082"></status>
</kw>
<kw name="Leer celda" library="recursos">
<arguments>
<arg>Hoja1</arg>
<arg>${i}</arg>
<arg>3</arg>
</arguments>
<assign>
<var>${password}</var>
</assign>
<kw name="Cell Data" library="ReadData">
<arguments>
<arg>${hoja}</arg>
<arg>${fila}</arg>
<arg>${celda}</arg>
</arguments>
<assign>
<var>${celldata}</var>
</assign>
<msg timestamp="20200206 11:35:00.083" level="INFO">${celldata} = ert22</msg>
<status status="PASS" starttime="20200206 11:35:00.082" endtime="20200206 11:35:00.083"></status>
</kw>
<msg timestamp="20200206 11:35:00.083" level="INFO">${password} = ert22</msg>
<status status="PASS" starttime="20200206 11:35:00.082" endtime="20200206 11:35:00.083"></status>
</kw>
<kw name="Leer celda" library="recursos">
<arguments>
<arg>Hoja1</arg>
<arg>${i}</arg>
<arg>4</arg>
</arguments>
<assign>
<var>${confirmpass}</var>
</assign>
<kw name="Cell Data" library="ReadData">
<arguments>
<arg>${hoja}</arg>
<arg>${fila}</arg>
<arg>${celda}</arg>
</arguments>
<assign>
<var>${celldata}</var>
</assign>
<msg timestamp="20200206 11:35:00.084" level="INFO">${celldata} = ert22</msg>
<status status="PASS" starttime="20200206 11:35:00.083" endtime="20200206 11:35:00.084"></status>
</kw>
<msg timestamp="20200206 11:35:00.084" level="INFO">${confirmpass} = ert22</msg>
<status status="PASS" starttime="20200206 11:35:00.083" endtime="20200206 11:35:00.084"></status>
</kw>
<kw name="Leer celda" library="recursos">
<arguments>
<arg>Hoja1</arg>
<arg>${i}</arg>
<arg>5</arg>
</arguments>
<assign>
<var>${email}</var>
</assign>
<kw name="Cell Data" library="ReadData">
<arguments>
<arg>${hoja}</arg>
<arg>${fila}</arg>
<arg>${celda}</arg>
</arguments>
<assign>
<var>${celldata}</var>
</assign>
<msg timestamp="20200206 11:35:00.085" level="INFO">${celldata} = rodri@gmail.com27</msg>
<status status="PASS" starttime="20200206 11:35:00.085" endtime="20200206 11:35:00.085"></status>
</kw>
<msg timestamp="20200206 11:35:00.085" level="INFO">${email} = rodri@gmail.com27</msg>
<status status="PASS" starttime="20200206 11:35:00.084" endtime="20200206 11:35:00.085"></status>
</kw>
<kw name="Leer celda" library="recursos">
<arguments>
<arg>Hoja1</arg>
<arg>${i}</arg>
<arg>6</arg>
</arguments>
<assign>
<var>${confirmemail}</var>
</assign>
<kw name="Cell Data" library="ReadData">
<arguments>
<arg>${hoja}</arg>
<arg>${fila}</arg>
<arg>${celda}</arg>
</arguments>
<assign>
<var>${celldata}</var>
</assign>
<msg timestamp="20200206 11:35:00.086" level="INFO">${celldata} = rodri@gmail.com27</msg>
<status status="PASS" starttime="20200206 11:35:00.086" endtime="20200206 11:35:00.086"></status>
</kw>
<msg timestamp="20200206 11:35:00.086" level="INFO">${confirmemail} = rodri@gmail.com27</msg>
<status status="PASS" starttime="20200206 11:35:00.085" endtime="20200206 11:35:00.086"></status>
</kw>
<kw name="Texto" library="recursos">
<arguments>
<arg>(//input[@type='text'])[1]</arg>
<arg>${nombre}</arg>
</arguments>
<kw name="Input Text" library="SeleniumLibrary">
<doc>Types the given ``text`` into the text field identified by ``locator``.</doc>
<arguments>
<arg>xpath=${arg1}</arg>
<arg>${arg2}</arg>
</arguments>
<msg timestamp="20200206 11:35:00.087" level="INFO">Typing text 'rodrigo27' into text field 'xpath=(//input[@type='text'])[1]'.</msg>
<status status="PASS" starttime="20200206 11:35:00.087" endtime="20200206 11:35:00.221"></status>
</kw>
<status status="PASS" starttime="20200206 11:35:00.086" endtime="20200206 11:35:00.221"></status>
</kw>
<kw name="Texto" library="recursos">
<arguments>
<arg>(//input[@type='text'])[2]</arg>
<arg>${username}</arg>
</arguments>
<kw name="Input Text" library="SeleniumLibrary">
<doc>Types the given ``text`` into the text field identified by ``locator``.</doc>
<arguments>
<arg>xpath=${arg1}</arg>
<arg>${arg2}</arg>
</arguments>
<msg timestamp="20200206 11:35:00.222" level="INFO">Typing text 'demo3@gmail.com22' into text field 'xpath=(//input[@type='text'])[2]'.</msg>
<status status="PASS" starttime="20200206 11:35:00.221" endtime="20200206 11:35:00.326"></status>
</kw>
<status status="PASS" starttime="20200206 11:35:00.221" endtime="20200206 11:35:00.326"></status>
</kw>
<kw name="Texto" library="recursos">
<arguments>
<arg>(//input[@type='password'])[1]</arg>
<arg>${password}</arg>
</arguments>
<kw name="Input Text" library="SeleniumLibrary">
<doc>Types the given ``text`` into the text field identified by ``locator``.</doc>
<arguments>
<arg>xpath=${arg1}</arg>
<arg>${arg2}</arg>
</arguments>
<msg timestamp="20200206 11:35:00.327" level="INFO">Typing text 'ert22' into text field 'xpath=(//input[@type='password'])[1]'.</msg>
<status status="PASS" starttime="20200206 11:35:00.326" endtime="20200206 11:35:00.404"></status>
</kw>
<status status="PASS" starttime="20200206 11:35:00.326" endtime="20200206 11:35:00.404"></status>
</kw>
<kw name="Texto" library="recursos">
<arguments>
<arg>(//input[@type='password'])[2]</arg>
<arg>${confirmpass}</arg>
</arguments>
<kw name="Input Text" library="SeleniumLibrary">
<doc>Types the given ``text`` into the text field identified by ``locator``.</doc>
<arguments>
<arg>xpath=${arg1}</arg>
<arg>${arg2}</arg>
</arguments>
<msg timestamp="20200206 11:35:00.405" level="INFO">Typing text 'ert22' into text field 'xpath=(//input[@type='password'])[2]'.</msg>
<status status="PASS" starttime="20200206 11:35:00.404" endtime="20200206 11:35:00.478"></status>
</kw>
<status status="PASS" starttime="20200206 11:35:00.404" endtime="20200206 11:35:00.478"></status>
</kw>
<kw name="Texto" library="recursos">
<arguments>
<arg>(//input[@type='email'])[1]</arg>
<arg>${email}</arg>
</arguments>
<kw name="Input Text" library="SeleniumLibrary">
<doc>Types the given ``text`` into the text field identified by ``locator``.</doc>
<arguments>
<arg>xpath=${arg1}</arg>
<arg>${arg2}</arg>
</arguments>
<msg timestamp="20200206 11:35:00.478" level="INFO">Typing text 'rodri@gmail.com27' into text field 'xpath=(//input[@type='email'])[1]'.</msg>
<status status="PASS" starttime="20200206 11:35:00.478" endtime="20200206 11:35:00.585"></status>
</kw>
<status status="PASS" starttime="20200206 11:35:00.478" endtime="20200206 11:35:00.585"></status>
</kw>
<kw name="Texto" library="recursos">
<arguments>
<arg>(//input[@type='email'])[2]</arg>
<arg>${confirmemail}</arg>
</arguments>
<kw name="Input Text" library="SeleniumLibrary">
<doc>Types the given ``text`` into the text field identified by ``locator``.</doc>
<arguments>
<arg>xpath=${arg1}</arg>
<arg>${arg2}</arg>
</arguments>
<msg timestamp="20200206 11:35:00.586" level="INFO">Typing text 'rodri@gmail.com27' into text field 'xpath=(//input[@type='email'])[2]'.</msg>
<status status="PASS" starttime="20200206 11:35:00.586" endtime="20200206 11:35:00.690"></status>
</kw>
<status status="PASS" starttime="20200206 11:35:00.585" endtime="20200206 11:35:00.690"></status>
</kw>
<kw name="Click" library="recursos">
<arguments>
<arg>//a[contains(@title,'Cancel')]</arg>
</arguments>
<kw name="Click Element" library="SeleniumLibrary">
<doc>Click the element identified by ``locator``.</doc>
<arguments>
<arg>xpath=${arg1}</arg>
</arguments>
<msg timestamp="20200206 11:35:00.690" level="INFO">Clicking element 'xpath=//a[contains(@title,'Cancel')]'.</msg>
<status status="PASS" starttime="20200206 11:35:00.690" endtime="20200206 11:35:01.534"></status>
</kw>
<status status="PASS" starttime="20200206 11:35:00.690" endtime="20200206 11:35:01.534"></status>
</kw>
<status status="PASS" starttime="20200206 11:35:00.078" endtime="20200206 11:35:01.534"></status>
</kw>
<kw name="${i} = 28" type="foritem">
<kw name="Leer celda" library="recursos">
<arguments>
<arg>Hoja1</arg>
<arg>${i}</arg>
<arg>1</arg>
</arguments>
<assign>
<var>${nombre}</var>
</assign>
<kw name="Cell Data" library="ReadData">
<arguments>
<arg>${hoja}</arg>
<arg>${fila}</arg>
<arg>${celda}</arg>
</arguments>
<assign>
<var>${celldata}</var>
</assign>
<msg timestamp="20200206 11:35:01.535" level="INFO">${celldata} = rodrigo28</msg>
<status status="PASS" starttime="20200206 11:35:01.535" endtime="20200206 11:35:01.535"></status>
</kw>
<msg timestamp="20200206 11:35:01.535" level="INFO">${nombre} = rodrigo28</msg>
<status status="PASS" starttime="20200206 11:35:01.534" endtime="20200206 11:35:01.536"></status>
</kw>
<kw name="Leer celda" library="recursos">
<arguments>
<arg>Hoja1</arg>
<arg>${i}</arg>
<arg>2</arg>
</arguments>
<assign>
<var>${username}</var>
</assign>
<kw name="Cell Data" library="ReadData">
<arguments>
<arg>${hoja}</arg>
<arg>${fila}</arg>
<arg>${celda}</arg>
</arguments>
<assign>
<var>${celldata}</var>
</assign>
<msg timestamp="20200206 11:35:01.536" level="INFO">${celldata} = demo3@gmail.com23</msg>
<status status="PASS" starttime="20200206 11:35:01.536" endtime="20200206 11:35:01.536"></status>
</kw>
<msg timestamp="20200206 11:35:01.537" level="INFO">${username} = demo3@gmail.com23</msg>
<status status="PASS" starttime="20200206 11:35:01.536" endtime="20200206 11:35:01.537"></status>
</kw>
<kw name="Leer celda" library="recursos">
<arguments>
<arg>Hoja1</arg>
<arg>${i}</arg>
<arg>3</arg>
</arguments>
<assign>
<var>${password}</var>
</assign>
<kw name="Cell Data" library="ReadData">
<arguments>
<arg>${hoja}</arg>
<arg>${fila}</arg>
<arg>${celda}</arg>
</arguments>
<assign>
<var>${celldata}</var>
</assign>
<msg timestamp="20200206 11:35:01.538" level="INFO">${celldata} = ert23</msg>
<status status="PASS" starttime="20200206 11:35:01.537" endtime="20200206 11:35:01.538"></status>
</kw>
<msg timestamp="20200206 11:35:01.538" level="INFO">${password} = ert23</msg>
<status status="PASS" starttime="20200206 11:35:01.537" endtime="20200206 11:35:01.538"></status>
</kw>
<kw name="Leer celda" library="recursos">
<arguments>
<arg>Hoja1</arg>
<arg>${i}</arg>
<arg>4</arg>
</arguments>
<assign>
<var>${confirmpass}</var>
</assign>
<kw name="Cell Data" library="ReadData">
<arguments>
<arg>${hoja}</arg>
<arg>${fila}</arg>
<arg>${celda}</arg>
</arguments>
<assign>
<var>${celldata}</var>
</assign>
<msg timestamp="20200206 11:35:01.539" level="INFO">${celldata} = ert23</msg>
<status status="PASS" starttime="20200206 11:35:01.539" endtime="20200206 11:35:01.539"></status>
</kw>
<msg timestamp="20200206 11:35:01.539" level="INFO">${confirmpass} = ert23</msg>
<status status="PASS" starttime="20200206 11:35:01.538" endtime="20200206 11:35:01.539"></status>
</kw>
<kw name="Leer celda" library="recursos">
<arguments>
<arg>Hoja1</arg>
<arg>${i}</arg>
<arg>5</arg>
</arguments>
<assign>
<var>${email}</var>
</assign>
<kw name="Cell Data" library="ReadData">
<arguments>
<arg>${hoja}</arg>
<arg>${fila}</arg>
<arg>${celda}</arg>
</arguments>
<assign>
<var>${celldata}</var>
</assign>
<msg timestamp="20200206 11:35:01.540" level="INFO">${celldata} = rodri@gmail.com28</msg>
<status status="PASS" starttime="20200206 11:35:01.540" endtime="20200206 11:35:01.540"></status>
</kw>
<msg timestamp="20200206 11:35:01.540" level="INFO">${email} = rodri@gmail.com28</msg>
<status status="PASS" starttime="20200206 11:35:01.539" endtime="20200206 11:35:01.540"></status>
</kw>
<kw name="Leer celda" library="recursos">
<arguments>
<arg>Hoja1</arg>
<arg>${i}</arg>
<arg>6</arg>
</arguments>
<assign>
<var>${confirmemail}</var>
</assign>
<kw name="Cell Data" library="ReadData">
<arguments>
<arg>${hoja}</arg>
<arg>${fila}</arg>
<arg>${celda}</arg>
</arguments>
<assign>
<var>${celldata}</var>
</assign>
<msg timestamp="20200206 11:35:01.541" level="INFO">${celldata} = rodri@gmail.com28</msg>
<status status="PASS" starttime="20200206 11:35:01.541" endtime="20200206 11:35:01.541"></status>
</kw>
<msg timestamp="20200206 11:35:01.541" level="INFO">${confirmemail} = rodri@gmail.com28</msg>
<status status="PASS" starttime="20200206 11:35:01.540" endtime="20200206 11:35:01.541"></status>
</kw>
<kw name="Texto" library="recursos">
<arguments>
<arg>(//input[@type='text'])[1]</arg>
<arg>${nombre}</arg>
</arguments>
<kw name="Input Text" library="SeleniumLibrary">
<doc>Types the given ``text`` into the text field identified by ``locator``.</doc>
<arguments>
<arg>xpath=${arg1}</arg>
<arg>${arg2}</arg>
</arguments>
<msg timestamp="20200206 11:35:01.542" level="INFO">Typing text 'rodrigo28' into text field 'xpath=(//input[@type='text'])[1]'.</msg>
<status status="PASS" starttime="20200206 11:35:01.542" endtime="20200206 11:35:01.679"></status>
</kw>
<status status="PASS" starttime="20200206 11:35:01.541" endtime="20200206 11:35:01.680"></status>
</kw>
<kw name="Texto" library="recursos">
<arguments>
<arg>(//input[@type='text'])[2]</arg>
<arg>${username}</arg>
</arguments>
<kw name="Input Text" library="SeleniumLibrary">
<doc>Types the given ``text`` into the text field identified by ``locator``.</doc>
<arguments>
<arg>xpath=${arg1}</arg>
<arg>${arg2}</arg>
</arguments>
<msg timestamp="20200206 11:35:01.680" level="INFO">Typing text 'demo3@gmail.com23' into text field 'xpath=(//input[@type='text'])[2]'.</msg>
<status status="PASS" starttime="20200206 11:35:01.680" endtime="20200206 11:35:01.804"></status>
</kw>
<status status="PASS" starttime="20200206 11:35:01.680" endtime="20200206 11:35:01.804"></status>
</kw>
<kw name="Texto" library="recursos">
<arguments>
<arg>(//input[@type='password'])[1]</arg>
<arg>${password}</arg>
</arguments>
<kw name="Input Text" library="SeleniumLibrary">
<doc>Types the given ``text`` into the text field identified by ``locator``.</doc>
<arguments>
<arg>xpath=${arg1}</arg>
<arg>${arg2}</arg>
</arguments>
<msg timestamp="20200206 11:35:01.805" level="INFO">Typing text 'ert23' into text field 'xpath=(//input[@type='password'])[1]'.</msg>
<status status="PASS" starttime="20200206 11:35:01.805" endtime="20200206 11:35:01.878"></status>
</kw>
<status status="PASS" starttime="20200206 11:35:01.804" endtime="20200206 11:35:01.878"></status>
</kw>
<kw name="Texto" library="recursos">
<arguments>
<arg>(//input[@type='password'])[2]</arg>
<arg>${confirmpass}</arg>
</arguments>
<kw name="Input Text" library="SeleniumLibrary">
<doc>Types the given ``text`` into the text field identified by ``locator``.</doc>
<arguments>
<arg>xpath=${arg1}</arg>
<arg>${arg2}</arg>
</arguments>
<msg timestamp="20200206 11:35:01.879" level="INFO">Typing text 'ert23' into text field 'xpath=(//input[@type='password'])[2]'.</msg>
<status status="PASS" starttime="20200206 11:35:01.879" endtime="20200206 11:35:01.954"></status>
</kw>
<status status="PASS" starttime="20200206 11:35:01.878" endtime="20200206 11:35:01.954"></status>
</kw>
<kw name="Texto" library="recursos">
<arguments>
<arg>(//input[@type='email'])[1]</arg>
<arg>${email}</arg>
</arguments>
<kw name="Input Text" library="SeleniumLibrary">
<doc>Types the given ``text`` into the text field identified by ``locator``.</doc>
<arguments>
<arg>xpath=${arg1}</arg>
<arg>${arg2}</arg>
</arguments>
<msg timestamp="20200206 11:35:01.956" level="INFO">Typing text 'rodri@gmail.com28' into text field 'xpath=(//input[@type='email'])[1]'.</msg>
<status status="PASS" starttime="20200206 11:35:01.956" endtime="20200206 11:35:02.070"></status>
</kw>
<status status="PASS" starttime="20200206 11:35:01.956" endtime="20200206 11:35:02.070"></status>
</kw>
<kw name="Texto" library="recursos">
<arguments>
<arg>(//input[@type='email'])[2]</arg>
<arg>${confirmemail}</arg>
</arguments>
<kw name="Input Text" library="SeleniumLibrary">
<doc>Types the given ``text`` into the text field identified by ``locator``.</doc>
<arguments>
<arg>xpath=${arg1}</arg>
<arg>${arg2}</arg>
</arguments>
<msg timestamp="20200206 11:35:02.071" level="INFO">Typing text 'rodri@gmail.com28' into text field 'xpath=(//input[@type='email'])[2]'.</msg>
<status status="PASS" starttime="20200206 11:35:02.071" endtime="20200206 11:35:02.184"></status>
</kw>
<status status="PASS" starttime="20200206 11:35:02.071" endtime="20200206 11:35:02.184"></status>
</kw>
<kw name="Click" library="recursos">
<arguments>
<arg>//a[contains(@title,'Cancel')]</arg>
</arguments>
<kw name="Click Element" library="SeleniumLibrary">
<doc>Click the element identified by ``locator``.</doc>
<arguments>
<arg>xpath=${arg1}</arg>
</arguments>
<msg timestamp="20200206 11:35:02.185" level="INFO">Clicking element 'xpath=//a[contains(@title,'Cancel')]'.</msg>
<status status="PASS" starttime="20200206 11:35:02.184" endtime="20200206 11:35:02.841"></status>
</kw>
<status status="PASS" starttime="20200206 11:35:02.184" endtime="20200206 11:35:02.841"></status>
</kw>
<status status="PASS" starttime="20200206 11:35:01.534" endtime="20200206 11:35:02.841"></status>
</kw>
<status status="PASS" starttime="20200206 11:34:23.713" endtime="20200206 11:35:02.841"></status>
</kw>
<kw name="Cerrar setup" library="recursos" type="teardown">
<kw name="Cerrar Todos" library="recursos">
<kw name="Dormir" library="recursos">
<arguments>
<arg>.5</arg>
</arguments>
<kw name="Sleep" library="BuiltIn">
<doc>Pauses the test executed for the given time.</doc>
<arguments>
<arg>${arg1}</arg>
</arguments>
<msg timestamp="20200206 11:35:03.344" level="INFO">Slept 500 milliseconds</msg>
<status status="PASS" starttime="20200206 11:35:02.843" endtime="20200206 11:35:03.345"></status>
</kw>
<status status="PASS" starttime="20200206 11:35:02.843" endtime="20200206 11:35:03.345"></status>
</kw>
<kw name="Close All Browsers" library="SeleniumLibrary">
<doc>Closes all open browsers and resets the browser cache.</doc>
<status status="PASS" starttime="20200206 11:35:03.345" endtime="20200206 11:35:05.455"></status>
</kw>
<status status="PASS" starttime="20200206 11:35:02.842" endtime="20200206 11:35:05.456"></status>
</kw>
<status status="PASS" starttime="20200206 11:35:02.842" endtime="20200206 11:35:05.456"></status>
</kw>
<doc>Obtener valores de Excel DOS</doc>
<tags>
<tag>CasoUno</tag>
</tags>
<status status="PASS" starttime="20200206 11:34:12.623" endtime="20200206 11:35:05.457" critical="yes"></status>
</test>
<status status="PASS" starttime="20200206 11:34:11.815" endtime="20200206 11:35:05.462"></status>
</suite>
<statistics>
<total>
<stat pass="1" fail="0">Critical Tests</stat>
<stat pass="1" fail="0">All Tests</stat>
</total>
<tag>
<stat pass="1" fail="0">CasoUno</stat>
</tag>
<suite>
<stat pass="1" fail="0" id="s1" name="Excel3">Excel3</stat>
</suite>
</statistics>
<errors>
</errors>
</robot>
